

0. iteration: 




1. iteration: 




2. iteration: 




3. iteration: 




4. iteration: 




5. iteration: 




6. iteration: 




7. iteration: 


NO SYMMETRY


0. iteration: 


===============================================================================
                                     CVXPY                                     
                                    v1.1.18                                    
===============================================================================
(CVXPY) Mar 03 10:22:54 AM: Your problem has 110800 variables, 300240 constraints, and 0 parameters.
(CVXPY) Mar 03 10:23:01 AM: It is compliant with the following grammars: DCP, DQCP
(CVXPY) Mar 03 10:23:01 AM: (If you need to solve this problem multiple times, but with different data, consider using parameters.)
(CVXPY) Mar 03 10:23:01 AM: CVXPY will first compile your problem; then, it will invoke a numerical solver to obtain a solution.
-------------------------------------------------------------------------------
                                  Compilation                                  
-------------------------------------------------------------------------------
(CVXPY) Mar 03 10:23:11 AM: Compiling problem (target solver=GUROBI).
(CVXPY) Mar 03 10:23:11 AM: Reduction chain: FlipObjective -> CvxAttr2Constr -> Qp2SymbolicQp -> QpMatrixStuffing -> GUROBI
(CVXPY) Mar 03 10:23:11 AM: Applying reduction FlipObjective
(CVXPY) Mar 03 10:23:11 AM: Applying reduction CvxAttr2Constr
(CVXPY) Mar 03 10:23:12 AM: Applying reduction Qp2SymbolicQp
(CVXPY) Mar 03 10:23:36 AM: Applying reduction QpMatrixStuffing
(CVXPY) Mar 03 10:27:28 AM: Applying reduction GUROBI
(CVXPY) Mar 03 10:27:30 AM: Finished problem compilation (took 2.693e+02 seconds).
-------------------------------------------------------------------------------
                                Numerical solver                               
-------------------------------------------------------------------------------
(CVXPY) Mar 03 10:27:30 AM: Invoking solver GUROBI  to obtain a solution.
Using license file /mnt/appl/software/Gurobi/9.1.2-GCCcore-10.2.0/gurobi.lic
Set parameter TokenServer to value 147.32.84.36
Parameter OutputFlag unchanged
   Value: 1  Min: 0  Max: 1  Default: 1
Changed value of parameter QCPDual to 1
   Prev: 0  Min: 0  Max: 1  Default: 0
Changed value of parameter MIPGAP to 0.01
   Prev: 0.0001  Min: 0.0  Max: inf  Default: 0.0001
Changed value of parameter TimeLimit to 1200.0
   Prev: inf  Min: 0.0  Max: inf  Default: inf
Gurobi Optimizer version 9.1.2 build v9.1.2rc0 (linux64)
Thread count: 64 physical cores, 128 logical processors, using up to 32 threads
Optimize a model with 300240 rows, 110800 columns and 799440 nonzeros
Model fingerprint: 0x34e53d45
Variable types: 0 continuous, 110800 integer (110800 binary)
Coefficient statistics:
  Matrix range     [1e+00, 1e+00]
  Objective range  [1e+00, 1e+00]
  Bounds range     [1e+00, 1e+00]
  RHS range        [1e+00, 2e+01]
Found heuristic solution: objective 0.0000000
Presolve removed 295509 rows and 107970 columns
Presolve time: 0.15s
Presolved: 4731 rows, 2830 columns, 13338 nonzeros
Variable types: 0 continuous, 2830 integer (2729 binary)

Root relaxation: objective -8.000000e+02, 2525 iterations, 0.02 seconds

    Nodes    |    Current Node    |     Objective Bounds      |     Work
 Expl Unexpl |  Obj  Depth IntInf | Incumbent    BestBd   Gap | It/Node Time

*    0     0               0    -800.0000000 -800.00000  0.00%     -    0s

Explored 0 nodes (3216 simplex iterations) in 0.24 seconds
Thread count was 32 (of 128 available processors)

Solution count 2: -800 0 
No other solutions better than -800

Optimal solution found (tolerance 1.00e-02)
Best objective -8.000000000000e+02, best bound -8.000000000000e+02, gap 0.0000%
-------------------------------------------------------------------------------
                                    Summary                                    
-------------------------------------------------------------------------------
(CVXPY) Mar 03 10:27:33 AM: Problem status: optimal
(CVXPY) Mar 03 10:27:33 AM: Optimal value: 8.000e+02
(CVXPY) Mar 03 10:27:33 AM: Compilation took 2.693e+02 seconds
(CVXPY) Mar 03 10:27:33 AM: Solver (including time spent in interface) took 1.946e+00 seconds

 APRX. VALUES: 

6.2064516129032254 1.8057141351778996
5.457142857142856 2.592768593529287
5.482352941176471 3.6890035788603255
6.4972972972972975 4.4146247421855715
9.498901098901097 3.7064094916629085
9.745132743362833 4.739758239427397
10.816326530612246 5.623251544630925
12.009638554216869 6.28556607102434
1. iteration: 


===============================================================================
                                     CVXPY                                     
                                    v1.1.18                                    
===============================================================================
(CVXPY) Mar 03 10:28:10 AM: Your problem has 138400 variables, 375200 constraints, and 0 parameters.
(CVXPY) Mar 03 10:28:19 AM: It is compliant with the following grammars: DCP, DQCP
(CVXPY) Mar 03 10:28:19 AM: (If you need to solve this problem multiple times, but with different data, consider using parameters.)
(CVXPY) Mar 03 10:28:19 AM: CVXPY will first compile your problem; then, it will invoke a numerical solver to obtain a solution.
-------------------------------------------------------------------------------
                                  Compilation                                  
-------------------------------------------------------------------------------
(CVXPY) Mar 03 10:28:31 AM: Compiling problem (target solver=GUROBI).
(CVXPY) Mar 03 10:28:31 AM: Reduction chain: FlipObjective -> CvxAttr2Constr -> Qp2SymbolicQp -> QpMatrixStuffing -> GUROBI
(CVXPY) Mar 03 10:28:31 AM: Applying reduction FlipObjective
(CVXPY) Mar 03 10:28:31 AM: Applying reduction CvxAttr2Constr
(CVXPY) Mar 03 10:28:33 AM: Applying reduction Qp2SymbolicQp
(CVXPY) Mar 03 10:29:03 AM: Applying reduction QpMatrixStuffing
(CVXPY) Mar 03 10:35:21 AM: Applying reduction GUROBI
(CVXPY) Mar 03 10:35:24 AM: Finished problem compilation (took 4.251e+02 seconds).
-------------------------------------------------------------------------------
                                Numerical solver                               
-------------------------------------------------------------------------------
(CVXPY) Mar 03 10:35:24 AM: Invoking solver GUROBI  to obtain a solution.
Parameter OutputFlag unchanged
   Value: 1  Min: 0  Max: 1  Default: 1
Changed value of parameter QCPDual to 1
   Prev: 0  Min: 0  Max: 1  Default: 0
Changed value of parameter MIPGAP to 0.01
   Prev: 0.0001  Min: 0.0  Max: inf  Default: 0.0001
Changed value of parameter TimeLimit to 1200.0
   Prev: inf  Min: 0.0  Max: inf  Default: inf
Gurobi Optimizer version 9.1.2 build v9.1.2rc0 (linux64)
Thread count: 64 physical cores, 128 logical processors, using up to 32 threads
Optimize a model with 375200 rows, 138400 columns and 999200 nonzeros
Model fingerprint: 0x21a01d3e
Variable types: 0 continuous, 138400 integer (138400 binary)
Coefficient statistics:
  Matrix range     [1e+00, 1e+00]
  Objective range  [1e+00, 1e+00]
  Bounds range     [1e+00, 1e+00]
  RHS range        [1e+00, 2e+01]
Found heuristic solution: objective 0.0000000
Presolve removed 368550 rows and 134443 columns
Presolve time: 0.18s
Presolved: 6650 rows, 3957 columns, 18785 nonzeros
Variable types: 0 continuous, 3957 integer (3819 binary)

Root relaxation: objective -1.139000e+03, 3836 iterations, 0.03 seconds

    Nodes    |    Current Node    |     Objective Bounds      |     Work
 Expl Unexpl |  Obj  Depth IntInf | Incumbent    BestBd   Gap | It/Node Time

*    0     0               0    -1139.000000 -1139.0000  0.00%     -    0s

Explored 0 nodes (4830 simplex iterations) in 0.28 seconds
Thread count was 32 (of 128 available processors)

Solution count 2: -1139 0 
No other solutions better than -1139

Optimal solution found (tolerance 1.00e-02)
Best objective -1.139000000000e+03, best bound -1.139000000000e+03, gap 0.0000%
-------------------------------------------------------------------------------
                                    Summary                                    
-------------------------------------------------------------------------------
(CVXPY) Mar 03 10:35:28 AM: Problem status: optimal
(CVXPY) Mar 03 10:35:28 AM: Optimal value: 1.139e+03
(CVXPY) Mar 03 10:35:28 AM: Compilation took 4.251e+02 seconds
(CVXPY) Mar 03 10:35:28 AM: Solver (including time spent in interface) took 2.359e+00 seconds

 APRX. VALUES: 

6.2064516129032254 1.8057141351778996
5.457142857142856 2.592768593529287
5.629850746268655 2.987986639332211
6.281318681318681 4.076410619136013
9.493333333333332 3.7436998930054326
10.209523809523809 4.968654580937499
10.826490066225167 5.714564893215886
11.954491017964072 6.306870187920835
14.097560975609756 6.2661493915722675
14.8734693877551 7.404873616036336
2. iteration: 


===============================================================================
                                     CVXPY                                     
                                    v1.1.18                                    
===============================================================================
(CVXPY) Mar 03 10:36:19 AM: Your problem has 166000 variables, 450160 constraints, and 0 parameters.
(CVXPY) Mar 03 10:36:29 AM: It is compliant with the following grammars: DCP, DQCP
(CVXPY) Mar 03 10:36:29 AM: (If you need to solve this problem multiple times, but with different data, consider using parameters.)
(CVXPY) Mar 03 10:36:29 AM: CVXPY will first compile your problem; then, it will invoke a numerical solver to obtain a solution.
-------------------------------------------------------------------------------
                                  Compilation                                  
-------------------------------------------------------------------------------
(CVXPY) Mar 03 10:36:44 AM: Compiling problem (target solver=GUROBI).
(CVXPY) Mar 03 10:36:44 AM: Reduction chain: FlipObjective -> CvxAttr2Constr -> Qp2SymbolicQp -> QpMatrixStuffing -> GUROBI
(CVXPY) Mar 03 10:36:44 AM: Applying reduction FlipObjective
(CVXPY) Mar 03 10:36:44 AM: Applying reduction CvxAttr2Constr
(CVXPY) Mar 03 10:36:46 AM: Applying reduction Qp2SymbolicQp
(CVXPY) Mar 03 10:37:18 AM: Applying reduction QpMatrixStuffing
(CVXPY) Mar 03 10:47:34 AM: Applying reduction GUROBI
(CVXPY) Mar 03 10:47:37 AM: Finished problem compilation (took 6.686e+02 seconds).
-------------------------------------------------------------------------------
                                Numerical solver                               
-------------------------------------------------------------------------------
(CVXPY) Mar 03 10:47:37 AM: Invoking solver GUROBI  to obtain a solution.
Parameter OutputFlag unchanged
   Value: 1  Min: 0  Max: 1  Default: 1
Changed value of parameter QCPDual to 1
   Prev: 0  Min: 0  Max: 1  Default: 0
Changed value of parameter MIPGAP to 0.01
   Prev: 0.0001  Min: 0.0  Max: inf  Default: 0.0001
Changed value of parameter TimeLimit to 1200.0
   Prev: inf  Min: 0.0  Max: inf  Default: inf
Gurobi Optimizer version 9.1.2 build v9.1.2rc0 (linux64)
Thread count: 64 physical cores, 128 logical processors, using up to 32 threads
Optimize a model with 450160 rows, 166000 columns and 1198960 nonzeros
Model fingerprint: 0xb6f1b87c
Variable types: 0 continuous, 166000 integer (166000 binary)
Coefficient statistics:
  Matrix range     [1e+00, 1e+00]
  Objective range  [1e+00, 1e+00]
  Bounds range     [1e+00, 1e+00]
  RHS range        [1e+00, 2e+01]
Found heuristic solution: objective 0.0000000
Presolve removed 441046 rows and 160593 columns
Presolve time: 0.22s
Presolved: 9114 rows, 5407 columns, 25828 nonzeros
Variable types: 0 continuous, 5407 integer (5220 binary)

Root relaxation: objective -1.627000e+03, 4651 iterations, 0.03 seconds

    Nodes    |    Current Node    |     Objective Bounds      |     Work
 Expl Unexpl |  Obj  Depth IntInf | Incumbent    BestBd   Gap | It/Node Time

H    0     0                    -1627.000000 -2345.0000  44.1%     -    0s
     0     0          -    0      -1627.0000 -1627.0000  0.00%     -    0s

Explored 0 nodes (6038 simplex iterations) in 0.35 seconds
Thread count was 32 (of 128 available processors)

Solution count 2: -1627 0 
No other solutions better than -1627

Optimal solution found (tolerance 1.00e-02)
Best objective -1.627000000000e+03, best bound -1.627000000000e+03, gap 0.0000%
-------------------------------------------------------------------------------
                                    Summary                                    
-------------------------------------------------------------------------------
(CVXPY) Mar 03 10:47:42 AM: Problem status: optimal
(CVXPY) Mar 03 10:47:42 AM: Optimal value: 1.627e+03
(CVXPY) Mar 03 10:47:42 AM: Compilation took 6.686e+02 seconds
(CVXPY) Mar 03 10:47:42 AM: Solver (including time spent in interface) took 2.879e+00 seconds

 APRX. VALUES: 

6.4923076923076914 1.7899125627383368
5.562264150943395 2.612323942977683
5.287804878048781 3.6038052464874335
6.388990825688074 4.381264101644204
9.612903225806448 3.7461155740127077
10.209523809523809 4.968654580937499
10.826490066225167 5.714564893215886
11.954491017964072 6.306870187920835
14.145454545454543 6.663927812056304
14.811940298507462 7.553501162860257
14.85581395348837 7.996641804622314
16.126315789473686 8.447038852400363
3. iteration: 


===============================================================================
                                     CVXPY                                     
                                    v1.1.18                                    
===============================================================================
(CVXPY) Mar 03 10:48:42 AM: Your problem has 193600 variables, 525120 constraints, and 0 parameters.
(CVXPY) Mar 03 10:48:54 AM: It is compliant with the following grammars: DCP, DQCP
(CVXPY) Mar 03 10:48:54 AM: (If you need to solve this problem multiple times, but with different data, consider using parameters.)
(CVXPY) Mar 03 10:48:54 AM: CVXPY will first compile your problem; then, it will invoke a numerical solver to obtain a solution.
-------------------------------------------------------------------------------
                                  Compilation                                  
-------------------------------------------------------------------------------
(CVXPY) Mar 03 10:49:12 AM: Compiling problem (target solver=GUROBI).
(CVXPY) Mar 03 10:49:12 AM: Reduction chain: FlipObjective -> CvxAttr2Constr -> Qp2SymbolicQp -> QpMatrixStuffing -> GUROBI
(CVXPY) Mar 03 10:49:12 AM: Applying reduction FlipObjective
(CVXPY) Mar 03 10:49:12 AM: Applying reduction CvxAttr2Constr
(CVXPY) Mar 03 10:49:14 AM: Applying reduction Qp2SymbolicQp
(CVXPY) Mar 03 10:49:52 AM: Applying reduction QpMatrixStuffing
(CVXPY) Mar 03 11:06:16 AM: Applying reduction GUROBI
(CVXPY) Mar 03 11:06:20 AM: Finished problem compilation (took 1.046e+03 seconds).
-------------------------------------------------------------------------------
                                Numerical solver                               
-------------------------------------------------------------------------------
(CVXPY) Mar 03 11:06:20 AM: Invoking solver GUROBI  to obtain a solution.
Parameter OutputFlag unchanged
   Value: 1  Min: 0  Max: 1  Default: 1
Changed value of parameter QCPDual to 1
   Prev: 0  Min: 0  Max: 1  Default: 0
Changed value of parameter MIPGAP to 0.01
   Prev: 0.0001  Min: 0.0  Max: inf  Default: 0.0001
Changed value of parameter TimeLimit to 1200.0
   Prev: inf  Min: 0.0  Max: inf  Default: inf
Gurobi Optimizer version 9.1.2 build v9.1.2rc0 (linux64)
Thread count: 64 physical cores, 128 logical processors, using up to 32 threads
Optimize a model with 525120 rows, 193600 columns and 1398720 nonzeros
Model fingerprint: 0xaaeec028
Variable types: 0 continuous, 193600 integer (193600 binary)
Coefficient statistics:
  Matrix range     [1e+00, 1e+00]
  Objective range  [1e+00, 1e+00]
  Bounds range     [1e+00, 1e+00]
  RHS range        [1e+00, 2e+01]
Found heuristic solution: objective 0.0000000
Presolve removed 513560 rows and 186669 columns
Presolve time: 0.28s
Presolved: 11560 rows, 6931 columns, 32875 nonzeros
Variable types: 0 continuous, 6931 integer (6688 binary)

Root relaxation: objective -2.089000e+03, 5716 iterations, 0.05 seconds

    Nodes    |    Current Node    |     Objective Bounds      |     Work
 Expl Unexpl |  Obj  Depth IntInf | Incumbent    BestBd   Gap | It/Node Time

*    0     0               0    -2089.000000 -2089.0000  0.00%     -    0s

Explored 0 nodes (7597 simplex iterations) in 0.44 seconds
Thread count was 32 (of 128 available processors)

Solution count 2: -2089 0 
No other solutions better than -2089

Optimal solution found (tolerance 1.00e-02)
Best objective -2.089000000000e+03, best bound -2.089000000000e+03, gap 0.0000%
-------------------------------------------------------------------------------
                                    Summary                                    
-------------------------------------------------------------------------------
(CVXPY) Mar 03 11:06:25 AM: Problem status: optimal
(CVXPY) Mar 03 11:06:25 AM: Optimal value: 2.089e+03
(CVXPY) Mar 03 11:06:25 AM: Compilation took 1.046e+03 seconds
(CVXPY) Mar 03 11:06:25 AM: Solver (including time spent in interface) took 3.399e+00 seconds

 APRX. VALUES: 

6.2064516129032254 1.8057141351778996
5.572413793103449 2.6291334027517363
5.6000000000000005 3.403165946811654
6.500934579439253 4.344111823811195
9.668085106382978 3.7639446478270426
10.209523809523809 4.968654580937499
10.826490066225167 5.714564893215886
12.009638554216869 6.28556607102434
13.668789808917197 6.048328226180842
14.54736842105263 7.283504681347661
14.990308370044055 8.516731053310497
16.745945945945945 8.248131470450438
16.911587982832618 8.615580933249152
16.55421686746988 9.13192864471934
4. iteration: 


===============================================================================
                                     CVXPY                                     
                                    v1.1.18                                    
===============================================================================
(CVXPY) Mar 03 11:07:31 AM: Your problem has 221200 variables, 600080 constraints, and 0 parameters.
(CVXPY) Mar 03 11:07:44 AM: It is compliant with the following grammars: DCP, DQCP
(CVXPY) Mar 03 11:07:44 AM: (If you need to solve this problem multiple times, but with different data, consider using parameters.)
(CVXPY) Mar 03 11:07:44 AM: CVXPY will first compile your problem; then, it will invoke a numerical solver to obtain a solution.
-------------------------------------------------------------------------------
                                  Compilation                                  
-------------------------------------------------------------------------------
(CVXPY) Mar 03 11:08:05 AM: Compiling problem (target solver=GUROBI).
(CVXPY) Mar 03 11:08:05 AM: Reduction chain: FlipObjective -> CvxAttr2Constr -> Qp2SymbolicQp -> QpMatrixStuffing -> GUROBI
(CVXPY) Mar 03 11:08:05 AM: Applying reduction FlipObjective
(CVXPY) Mar 03 11:08:05 AM: Applying reduction CvxAttr2Constr
(CVXPY) Mar 03 11:08:08 AM: Applying reduction Qp2SymbolicQp
(CVXPY) Mar 03 11:08:51 AM: Applying reduction QpMatrixStuffing
(CVXPY) Mar 03 11:30:40 AM: Applying reduction GUROBI
(CVXPY) Mar 03 11:30:44 AM: Finished problem compilation (took 1.379e+03 seconds).
-------------------------------------------------------------------------------
                                Numerical solver                               
-------------------------------------------------------------------------------
(CVXPY) Mar 03 11:30:44 AM: Invoking solver GUROBI  to obtain a solution.
Parameter OutputFlag unchanged
   Value: 1  Min: 0  Max: 1  Default: 1
Changed value of parameter QCPDual to 1
   Prev: 0  Min: 0  Max: 1  Default: 0
Changed value of parameter MIPGAP to 0.01
   Prev: 0.0001  Min: 0.0  Max: inf  Default: 0.0001
Changed value of parameter TimeLimit to 1200.0
   Prev: inf  Min: 0.0  Max: inf  Default: inf
Gurobi Optimizer version 9.1.2 build v9.1.2rc0 (linux64)
Thread count: 64 physical cores, 128 logical processors, using up to 32 threads
Optimize a model with 600080 rows, 221200 columns and 1598480 nonzeros
Model fingerprint: 0x2569aa0c
Variable types: 0 continuous, 221200 integer (221200 binary)
Coefficient statistics:
  Matrix range     [1e+00, 1e+00]
  Objective range  [1e+00, 1e+00]
  Bounds range     [1e+00, 1e+00]
  RHS range        [1e+00, 2e+01]
Found heuristic solution: objective 0.0000000
Presolve removed 586213 rows and 212937 columns
Presolve time: 0.33s
Presolved: 13867 rows, 8263 columns, 39455 nonzeros
Variable types: 0 continuous, 8263 integer (7972 binary)

Root relaxation: objective -2.575000e+03, 6852 iterations, 0.06 seconds

    Nodes    |    Current Node    |     Objective Bounds      |     Work
 Expl Unexpl |  Obj  Depth IntInf | Incumbent    BestBd   Gap | It/Node Time

*    0     0               0    -2575.000000 -2575.0000  0.00%     -    0s

Explored 0 nodes (9169 simplex iterations) in 0.54 seconds
Thread count was 32 (of 128 available processors)

Solution count 2: -2575 0 
No other solutions better than -2575

Optimal solution found (tolerance 1.00e-02)
Best objective -2.575000000000e+03, best bound -2.575000000000e+03, gap 0.0000%
-------------------------------------------------------------------------------
                                    Summary                                    
-------------------------------------------------------------------------------
(CVXPY) Mar 03 11:30:50 AM: Problem status: optimal
(CVXPY) Mar 03 11:30:50 AM: Optimal value: 2.575e+03
(CVXPY) Mar 03 11:30:50 AM: Compilation took 1.379e+03 seconds
(CVXPY) Mar 03 11:30:50 AM: Solver (including time spent in interface) took 3.892e+00 seconds

 APRX. VALUES: 

6.2064516129032254 1.8057141351778996
5.457142857142856 2.592768593529287
5.482352941176471 3.6890035788603255
6.366355140186917 4.307826911135748
9.556521739130433 3.7269670717455012
9.471559633027523 4.590178820508202
10.510638297872338 5.533773828416299
11.954491017964072 6.306870187920835
13.668789808917197 6.048328226180842
14.495238095238095 7.2673094641739695
14.966233766233769 8.656048262906634
16.38 8.804521565650232
16.98181818181818 8.900106787361953
16.75121951219512 9.007831875548957
16.14588235294117 9.401245886660623
17.95066079295154 8.318104928852819
5. iteration: 


===============================================================================
                                     CVXPY                                     
                                    v1.1.18                                    
===============================================================================
(CVXPY) Mar 03 11:32:04 AM: Your problem has 248800 variables, 675040 constraints, and 0 parameters.
(CVXPY) Mar 03 11:32:18 AM: It is compliant with the following grammars: DCP, DQCP
(CVXPY) Mar 03 11:32:18 AM: (If you need to solve this problem multiple times, but with different data, consider using parameters.)
(CVXPY) Mar 03 11:32:18 AM: CVXPY will first compile your problem; then, it will invoke a numerical solver to obtain a solution.
-------------------------------------------------------------------------------
                                  Compilation                                  
-------------------------------------------------------------------------------
(CVXPY) Mar 03 11:32:41 AM: Compiling problem (target solver=GUROBI).
(CVXPY) Mar 03 11:32:41 AM: Reduction chain: FlipObjective -> CvxAttr2Constr -> Qp2SymbolicQp -> QpMatrixStuffing -> GUROBI
(CVXPY) Mar 03 11:32:41 AM: Applying reduction FlipObjective
(CVXPY) Mar 03 11:32:41 AM: Applying reduction CvxAttr2Constr
(CVXPY) Mar 03 11:32:45 AM: Applying reduction Qp2SymbolicQp
(CVXPY) Mar 03 11:33:33 AM: Applying reduction QpMatrixStuffing
(CVXPY) Mar 03 12:03:03 PM: Applying reduction GUROBI
(CVXPY) Mar 03 12:03:07 PM: Finished problem compilation (took 1.849e+03 seconds).
-------------------------------------------------------------------------------
                                Numerical solver                               
-------------------------------------------------------------------------------
(CVXPY) Mar 03 12:03:07 PM: Invoking solver GUROBI  to obtain a solution.
Parameter OutputFlag unchanged
   Value: 1  Min: 0  Max: 1  Default: 1
Changed value of parameter QCPDual to 1
   Prev: 0  Min: 0  Max: 1  Default: 0
Changed value of parameter MIPGAP to 0.01
   Prev: 0.0001  Min: 0.0  Max: inf  Default: 0.0001
Changed value of parameter TimeLimit to 1200.0
   Prev: inf  Min: 0.0  Max: inf  Default: inf
Gurobi Optimizer version 9.1.2 build v9.1.2rc0 (linux64)
Thread count: 64 physical cores, 128 logical processors, using up to 32 threads
Optimize a model with 675040 rows, 248800 columns and 1798240 nonzeros
Model fingerprint: 0xe9d8b021
Variable types: 0 continuous, 248800 integer (248800 binary)
Coefficient statistics:
  Matrix range     [1e+00, 1e+00]
  Objective range  [1e+00, 1e+00]
  Bounds range     [1e+00, 1e+00]
  RHS range        [1e+00, 2e+01]
Found heuristic solution: objective 0.0000000
Presolve removed 658745 rows and 239235 columns
Presolve time: 0.39s
Presolved: 16295 rows, 9565 columns, 46254 nonzeros
Variable types: 0 continuous, 9565 integer (9203 binary)

Root relaxation: objective -3.071000e+03, 7682 iterations, 0.06 seconds

    Nodes    |    Current Node    |     Objective Bounds      |     Work
 Expl Unexpl |  Obj  Depth IntInf | Incumbent    BestBd   Gap | It/Node Time

H    0     0                    -3071.000000 -4030.0000  31.2%     -    0s
     0     0          -    0      -3071.0000 -3071.0000  0.00%     -    0s

Explored 0 nodes (10412 simplex iterations) in 0.61 seconds
Thread count was 32 (of 128 available processors)

Solution count 2: -3071 0 
No other solutions better than -3071

Optimal solution found (tolerance 1.00e-02)
Best objective -3.071000000000e+03, best bound -3.071000000000e+03, gap 0.0000%
-------------------------------------------------------------------------------
                                    Summary                                    
-------------------------------------------------------------------------------
(CVXPY) Mar 03 12:03:14 PM: Problem status: optimal
(CVXPY) Mar 03 12:03:14 PM: Optimal value: 3.071e+03
(CVXPY) Mar 03 12:03:14 PM: Compilation took 1.849e+03 seconds
(CVXPY) Mar 03 12:03:14 PM: Solver (including time spent in interface) took 4.479e+00 seconds

 APRX. VALUES: 

6.2064516129032254 1.8057141351778996
5.457142857142856 2.592768593529287
5.542857142857143 3.3878096425857565
6.4799999999999995 3.971095566717074
9.525274725274723 3.7353845119342868
10.079338842975206 4.907237315972
10.879999999999999 5.69575280362482
12.009638554216869 6.28556607102434
14.145454545454543 6.663927812056304
14.752475247524753 7.581799390115883
15.117948717948718 8.702810385889995
16.436820083682004 8.778901100507039
16.98181818181818 8.900106787361953
16.55421686746988 9.13192864471934
16.023346303501945 9.466257898858467
17.95066079295154 8.318104928852819
17.95066079295154 8.318104928852819
17.34237288135593 8.716790798628885
6. iteration: 


===============================================================================
                                     CVXPY                                     
                                    v1.1.18                                    
===============================================================================
(CVXPY) Mar 03 12:04:33 PM: Your problem has 276400 variables, 750000 constraints, and 0 parameters.
(CVXPY) Mar 03 12:04:50 PM: It is compliant with the following grammars: DCP, DQCP
(CVXPY) Mar 03 12:04:50 PM: (If you need to solve this problem multiple times, but with different data, consider using parameters.)
(CVXPY) Mar 03 12:04:50 PM: CVXPY will first compile your problem; then, it will invoke a numerical solver to obtain a solution.
-------------------------------------------------------------------------------
                                  Compilation                                  
-------------------------------------------------------------------------------
(CVXPY) Mar 03 12:05:15 PM: Compiling problem (target solver=GUROBI).
(CVXPY) Mar 03 12:05:15 PM: Reduction chain: FlipObjective -> CvxAttr2Constr -> Qp2SymbolicQp -> QpMatrixStuffing -> GUROBI
(CVXPY) Mar 03 12:05:15 PM: Applying reduction FlipObjective
(CVXPY) Mar 03 12:05:16 PM: Applying reduction CvxAttr2Constr
(CVXPY) Mar 03 12:05:20 PM: Applying reduction Qp2SymbolicQp
(CVXPY) Mar 03 12:06:13 PM: Applying reduction QpMatrixStuffing
(CVXPY) Mar 03 12:42:42 PM: Applying reduction GUROBI
(CVXPY) Mar 03 12:42:47 PM: Finished problem compilation (took 2.277e+03 seconds).
-------------------------------------------------------------------------------
                                Numerical solver                               
-------------------------------------------------------------------------------
(CVXPY) Mar 03 12:42:47 PM: Invoking solver GUROBI  to obtain a solution.
Parameter OutputFlag unchanged
   Value: 1  Min: 0  Max: 1  Default: 1
Changed value of parameter QCPDual to 1
   Prev: 0  Min: 0  Max: 1  Default: 0
Changed value of parameter MIPGAP to 0.01
   Prev: 0.0001  Min: 0.0  Max: inf  Default: 0.0001
Changed value of parameter TimeLimit to 1200.0
   Prev: inf  Min: 0.0  Max: inf  Default: inf
Gurobi Optimizer version 9.1.2 build v9.1.2rc0 (linux64)
Thread count: 64 physical cores, 128 logical processors, using up to 32 threads
Optimize a model with 750000 rows, 276400 columns and 1998000 nonzeros
Model fingerprint: 0x1a32bd17
Variable types: 0 continuous, 276400 integer (276400 binary)
Coefficient statistics:
  Matrix range     [1e+00, 1e+00]
  Objective range  [1e+00, 1e+00]
  Bounds range     [1e+00, 1e+00]
  RHS range        [1e+00, 2e+01]
Found heuristic solution: objective 0.0000000
Presolve removed 731583 rows and 265431 columns
Presolve time: 0.41s
Presolved: 18417 rows, 10969 columns, 52468 nonzeros
Variable types: 0 continuous, 10969 integer (10570 binary)

Root relaxation: objective -3.501000e+03, 8958 iterations, 0.08 seconds

    Nodes    |    Current Node    |     Objective Bounds      |     Work
 Expl Unexpl |  Obj  Depth IntInf | Incumbent    BestBd   Gap | It/Node Time

*    0     0               0    -3501.000000 -3501.0000  0.00%     -    0s

Explored 0 nodes (11960 simplex iterations) in 0.67 seconds
Thread count was 32 (of 128 available processors)

Solution count 2: -3501 0 
No other solutions better than -3501

Optimal solution found (tolerance 1.00e-02)
Best objective -3.501000000000e+03, best bound -3.501000000000e+03, gap 0.0000%
-------------------------------------------------------------------------------
                                    Summary                                    
-------------------------------------------------------------------------------
(CVXPY) Mar 03 12:42:54 PM: Problem status: optimal
(CVXPY) Mar 03 12:42:54 PM: Optimal value: 3.501e+03
(CVXPY) Mar 03 12:42:54 PM: Compilation took 2.277e+03 seconds
(CVXPY) Mar 03 12:42:54 PM: Solver (including time spent in interface) took 4.908e+00 seconds

 APRX. VALUES: 

6.275862068965516 1.8468342293314257
5.516981132075471 2.638877394898137
5.287804878048781 3.6038052464874335
6.2153846153846155 4.271163803541886
8.992592592592592 3.5750085134243026
9.105882352941176 4.5078324761705595
10.414388489208632 5.514540115332239
11.954491017964072 6.306870187920835
14.145454545454543 6.663927812056304
14.752475247524753 7.581799390115883
14.948017621145375 8.448774539799194
16.252100840336134 8.729721748426881
16.923456790123456 8.928056368534971
16.55421686746988 9.13192864471934
16.084374999999998 9.434133816062554
17.95066079295154 8.318104928852819
17.95066079295154 8.318104928852819
17.34237288135593 8.716790798628885
17.95066079295154 8.318104928852819
17.34237288135593 8.716790798628885
7. iteration: 


===============================================================================
                                     CVXPY                                     
                                    v1.1.18                                    
===============================================================================
(CVXPY) Mar 03 12:44:25 PM: Your problem has 304000 variables, 824960 constraints, and 0 parameters.
(CVXPY) Mar 03 12:44:43 PM: It is compliant with the following grammars: DCP, DQCP
(CVXPY) Mar 03 12:44:43 PM: (If you need to solve this problem multiple times, but with different data, consider using parameters.)
(CVXPY) Mar 03 12:44:43 PM: CVXPY will first compile your problem; then, it will invoke a numerical solver to obtain a solution.
-------------------------------------------------------------------------------
                                  Compilation                                  
-------------------------------------------------------------------------------
(CVXPY) Mar 03 12:45:11 PM: Compiling problem (target solver=GUROBI).
(CVXPY) Mar 03 12:45:11 PM: Reduction chain: FlipObjective -> CvxAttr2Constr -> Qp2SymbolicQp -> QpMatrixStuffing -> GUROBI
(CVXPY) Mar 03 12:45:11 PM: Applying reduction FlipObjective
(CVXPY) Mar 03 12:45:11 PM: Applying reduction CvxAttr2Constr
(CVXPY) Mar 03 12:45:15 PM: Applying reduction Qp2SymbolicQp
(CVXPY) Mar 03 12:46:21 PM: Applying reduction QpMatrixStuffing
(CVXPY) Mar 03 01:32:34 PM: Applying reduction GUROBI
(CVXPY) Mar 03 01:32:39 PM: Finished problem compilation (took 2.876e+03 seconds).
-------------------------------------------------------------------------------
                                Numerical solver                               
-------------------------------------------------------------------------------
(CVXPY) Mar 03 01:32:39 PM: Invoking solver GUROBI  to obtain a solution.
Parameter OutputFlag unchanged
   Value: 1  Min: 0  Max: 1  Default: 1
Changed value of parameter QCPDual to 1
   Prev: 0  Min: 0  Max: 1  Default: 0
Changed value of parameter MIPGAP to 0.01
   Prev: 0.0001  Min: 0.0  Max: inf  Default: 0.0001
Changed value of parameter TimeLimit to 1200.0
   Prev: inf  Min: 0.0  Max: inf  Default: inf
Gurobi Optimizer version 9.1.2 build v9.1.2rc0 (linux64)
Thread count: 64 physical cores, 128 logical processors, using up to 32 threads
Optimize a model with 824960 rows, 304000 columns and 2197760 nonzeros
Model fingerprint: 0x488066f7
Variable types: 0 continuous, 304000 integer (304000 binary)
Coefficient statistics:
  Matrix range     [1e+00, 1e+00]
  Objective range  [1e+00, 1e+00]
  Bounds range     [1e+00, 1e+00]
  RHS range        [1e+00, 2e+01]
Found heuristic solution: objective 0.0000000
Presolve removed 804452 rows and 291727 columns
Presolve time: 0.44s
Presolved: 20508 rows, 12273 columns, 58510 nonzeros
Variable types: 0 continuous, 12273 integer (11824 binary)

Root relaxation: objective -3.945000e+03, 9471 iterations, 0.08 seconds

    Nodes    |    Current Node    |     Objective Bounds      |     Work
 Expl Unexpl |  Obj  Depth IntInf | Incumbent    BestBd   Gap | It/Node Time

H    0     0                    -3945.000000 -5037.0000  27.7%     -    0s
     0     0          -    0      -3945.0000 -3945.0000  0.00%     -    0s

Explored 0 nodes (12769 simplex iterations) in 0.73 seconds
Thread count was 32 (of 128 available processors)

Solution count 2: -3945 0 
No other solutions better than -3945

Optimal solution found (tolerance 1.00e-02)
Best objective -3.945000000000e+03, best bound -3.945000000000e+03, gap 0.0000%
-------------------------------------------------------------------------------
                                    Summary                                    
-------------------------------------------------------------------------------
(CVXPY) Mar 03 01:32:48 PM: Problem status: optimal
(CVXPY) Mar 03 01:32:48 PM: Optimal value: 3.945e+03
(CVXPY) Mar 03 01:32:48 PM: Compilation took 2.876e+03 seconds
(CVXPY) Mar 03 01:32:48 PM: Solver (including time spent in interface) took 5.449e+00 seconds

 APRX. VALUES: 

6.2064516129032254 1.8057141351778996
5.457142857142856 2.592768593529287
5.629850746268655 2.987986639332211
6.287999999999999 3.5336462754497657
9.228571428571426 3.7247106448360654
10.000000000000002 4.909671470636281
10.879999999999999 5.69575280362482
12.009638554216869 6.28556607102434
14.207228915662649 6.308338011367963
14.8734693877551 7.404873616036336
15.177872340425532 8.732518082936297
16.38 8.804521565650232
17.040663900414938 8.871447391060169
16.75121951219512 9.007831875548957
16.55421686746988 9.13192864471934
17.95066079295154 8.318104928852819
17.95066079295154 8.318104928852819
17.34237288135593 8.716790798628885
17.95066079295154 8.318104928852819
17.34237288135593 8.716790798628885
16.8655737704918 8.95531503040168
17.95066079295154 8.318104928852819


{(8, False): (799440, -800.0, 8.293076267674818), (10, False): (999200, -1139.0, 11.779530185589529), (12, False): (1198960, -1627.0, 13.87586580781219), (14, False): (1398720, -2089.0, 14.689285268665731), (16, False): (1598480, -2575.0, 14.928803259756984), (18, False): (1798240, -3071.0, 14.304471811631865), (20, False): (1998000, -3501.0, 14.117602905168319), (22, False): (2197760, -3945.0, 14.006152264794746)}
SYMMETRY




0. iteration: 


===============================================================================
                                     CVXPY                                     
                                    v1.1.18                                    
===============================================================================
(CVXPY) Mar 03 01:33:22 PM: Your problem has 110800 variables, 306320 constraints, and 0 parameters.
(CVXPY) Mar 03 01:33:29 PM: It is compliant with the following grammars: DCP, DQCP
(CVXPY) Mar 03 01:33:29 PM: (If you need to solve this problem multiple times, but with different data, consider using parameters.)
(CVXPY) Mar 03 01:33:29 PM: CVXPY will first compile your problem; then, it will invoke a numerical solver to obtain a solution.
-------------------------------------------------------------------------------
                                  Compilation                                  
-------------------------------------------------------------------------------
(CVXPY) Mar 03 01:33:39 PM: Compiling problem (target solver=GUROBI).
(CVXPY) Mar 03 01:33:39 PM: Reduction chain: FlipObjective -> CvxAttr2Constr -> Qp2SymbolicQp -> QpMatrixStuffing -> GUROBI
(CVXPY) Mar 03 01:33:39 PM: Applying reduction FlipObjective
(CVXPY) Mar 03 01:33:39 PM: Applying reduction CvxAttr2Constr
(CVXPY) Mar 03 01:33:40 PM: Applying reduction Qp2SymbolicQp
(CVXPY) Mar 03 01:33:57 PM: Applying reduction QpMatrixStuffing
(CVXPY) Mar 03 01:37:34 PM: Applying reduction GUROBI
(CVXPY) Mar 03 01:37:36 PM: Finished problem compilation (took 2.469e+02 seconds).
-------------------------------------------------------------------------------
                                Numerical solver                               
-------------------------------------------------------------------------------
(CVXPY) Mar 03 01:37:36 PM: Invoking solver GUROBI  to obtain a solution.
Parameter OutputFlag unchanged
   Value: 1  Min: 0  Max: 1  Default: 1
Changed value of parameter QCPDual to 1
   Prev: 0  Min: 0  Max: 1  Default: 0
Changed value of parameter MIPGAP to 0.01
   Prev: 0.0001  Min: 0.0  Max: inf  Default: 0.0001
Changed value of parameter TimeLimit to 1200.0
   Prev: inf  Min: 0.0  Max: inf  Default: inf
Gurobi Optimizer version 9.1.2 build v9.1.2rc0 (linux64)
Thread count: 64 physical cores, 128 logical processors, using up to 32 threads
Optimize a model with 306320 rows, 110800 columns and 811600 nonzeros
Model fingerprint: 0x7638b713
Variable types: 0 continuous, 110800 integer (110800 binary)
Coefficient statistics:
  Matrix range     [1e+00, 1e+00]
  Objective range  [1e+00, 1e+00]
  Bounds range     [1e+00, 1e+00]
  RHS range        [1e+00, 2e+01]
Found heuristic solution: objective 0.0000000
Presolve removed 300410 rows and 107638 columns
Presolve time: 0.22s
Presolved: 5910 rows, 3162 columns, 16014 nonzeros
Variable types: 0 continuous, 3162 integer (3162 binary)

Root relaxation: objective -8.000000e+02, 2316 iterations, 0.02 seconds

    Nodes    |    Current Node    |     Objective Bounds      |     Work
 Expl Unexpl |  Obj  Depth IntInf | Incumbent    BestBd   Gap | It/Node Time

*    0     0               0    -800.0000000 -800.00000  0.00%     -    0s

Explored 0 nodes (2316 simplex iterations) in 0.29 seconds
Thread count was 32 (of 128 available processors)

Solution count 2: -800 0 
No other solutions better than -800

Optimal solution found (tolerance 1.00e-02)
Best objective -8.000000000000e+02, best bound -8.000000000000e+02, gap 0.0000%
-------------------------------------------------------------------------------
                                    Summary                                    
-------------------------------------------------------------------------------
(CVXPY) Mar 03 01:37:39 PM: Problem status: optimal
(CVXPY) Mar 03 01:37:39 PM: Optimal value: 8.000e+02
(CVXPY) Mar 03 01:37:39 PM: Compilation took 2.469e+02 seconds
(CVXPY) Mar 03 01:37:39 PM: Solver (including time spent in interface) took 1.996e+00 seconds

 APRX. VALUES: 

6.2064516129032254 1.8057141351778996
5.457142857142856 2.592768593529287
5.482352941176471 3.6890035788603255
6.4972972972972975 4.4146247421855715
9.498901098901097 3.7064094916629085
9.745132743362833 4.739758239427397
10.816326530612246 5.623251544630925
12.009638554216869 6.28556607102434


1. iteration: 


===============================================================================
                                     CVXPY                                     
                                    v1.1.18                                    
===============================================================================
(CVXPY) Mar 03 01:38:21 PM: Your problem has 138400 variables, 382800 constraints, and 0 parameters.
(CVXPY) Mar 03 01:38:30 PM: It is compliant with the following grammars: DCP, DQCP
(CVXPY) Mar 03 01:38:30 PM: (If you need to solve this problem multiple times, but with different data, consider using parameters.)
(CVXPY) Mar 03 01:38:30 PM: CVXPY will first compile your problem; then, it will invoke a numerical solver to obtain a solution.
-------------------------------------------------------------------------------
                                  Compilation                                  
-------------------------------------------------------------------------------
(CVXPY) Mar 03 01:38:43 PM: Compiling problem (target solver=GUROBI).
(CVXPY) Mar 03 01:38:43 PM: Reduction chain: FlipObjective -> CvxAttr2Constr -> Qp2SymbolicQp -> QpMatrixStuffing -> GUROBI
(CVXPY) Mar 03 01:38:43 PM: Applying reduction FlipObjective
(CVXPY) Mar 03 01:38:43 PM: Applying reduction CvxAttr2Constr
(CVXPY) Mar 03 01:38:45 PM: Applying reduction Qp2SymbolicQp
(CVXPY) Mar 03 01:39:12 PM: Applying reduction QpMatrixStuffing
(CVXPY) Mar 03 01:44:37 PM: Applying reduction GUROBI
(CVXPY) Mar 03 01:44:40 PM: Finished problem compilation (took 3.700e+02 seconds).
-------------------------------------------------------------------------------
                                Numerical solver                               
-------------------------------------------------------------------------------
(CVXPY) Mar 03 01:44:40 PM: Invoking solver GUROBI  to obtain a solution.
Parameter OutputFlag unchanged
   Value: 1  Min: 0  Max: 1  Default: 1
Changed value of parameter QCPDual to 1
   Prev: 0  Min: 0  Max: 1  Default: 0
Changed value of parameter MIPGAP to 0.01
   Prev: 0.0001  Min: 0.0  Max: inf  Default: 0.0001
Changed value of parameter TimeLimit to 1200.0
   Prev: inf  Min: 0.0  Max: inf  Default: inf
Gurobi Optimizer version 9.1.2 build v9.1.2rc0 (linux64)
Thread count: 64 physical cores, 128 logical processors, using up to 32 threads
Optimize a model with 382800 rows, 138400 columns and 1014400 nonzeros
Model fingerprint: 0xee613a30
Variable types: 0 continuous, 138400 integer (138400 binary)
Coefficient statistics:
  Matrix range     [1e+00, 1e+00]
  Objective range  [1e+00, 1e+00]
  Bounds range     [1e+00, 1e+00]
  RHS range        [1e+00, 2e+01]
Found heuristic solution: objective 0.0000000
Presolve removed 374354 rows and 133933 columns
Presolve time: 0.28s
Presolved: 8446 rows, 4467 columns, 22896 nonzeros
Variable types: 0 continuous, 4467 integer (4467 binary)

Root relaxation: objective -1.139000e+03, 3222 iterations, 0.02 seconds

    Nodes    |    Current Node    |     Objective Bounds      |     Work
 Expl Unexpl |  Obj  Depth IntInf | Incumbent    BestBd   Gap | It/Node Time

     0     0 -1139.0000    0    8    0.00000 -1139.0000      -     -    0s
H    0     0                    -1139.000000 -1139.0000  0.00%     -    0s
     0     0 -1139.0000    0    8 -1139.0000 -1139.0000  0.00%     -    0s

Explored 1 nodes (3222 simplex iterations) in 0.37 seconds
Thread count was 32 (of 128 available processors)

Solution count 2: -1139 0 
No other solutions better than -1139

Optimal solution found (tolerance 1.00e-02)
Best objective -1.139000000000e+03, best bound -1.139000000000e+03, gap 0.0000%
-------------------------------------------------------------------------------
                                    Summary                                    
-------------------------------------------------------------------------------
(CVXPY) Mar 03 01:44:44 PM: Problem status: optimal
(CVXPY) Mar 03 01:44:44 PM: Optimal value: 1.139e+03
(CVXPY) Mar 03 01:44:44 PM: Compilation took 3.700e+02 seconds
(CVXPY) Mar 03 01:44:44 PM: Solver (including time spent in interface) took 2.511e+00 seconds

 APRX. VALUES: 

6.2064516129032254 1.8057141351778996
5.457142857142856 2.592768593529287
5.629850746268655 2.987986639332211
6.281318681318681 4.076410619136013
9.493333333333332 3.7436998930054326
10.209523809523809 4.968654580937499
10.826490066225167 5.714564893215886
11.954491017964072 6.306870187920835
14.097560975609756 6.2661493915722675
14.8734693877551 7.404873616036336


2. iteration: 


===============================================================================
                                     CVXPY                                     
                                    v1.1.18                                    
===============================================================================
(CVXPY) Mar 03 01:45:33 PM: Your problem has 166000 variables, 459280 constraints, and 0 parameters.
(CVXPY) Mar 03 01:45:43 PM: It is compliant with the following grammars: DCP, DQCP
(CVXPY) Mar 03 01:45:43 PM: (If you need to solve this problem multiple times, but with different data, consider using parameters.)
(CVXPY) Mar 03 01:45:43 PM: CVXPY will first compile your problem; then, it will invoke a numerical solver to obtain a solution.
-------------------------------------------------------------------------------
                                  Compilation                                  
-------------------------------------------------------------------------------
(CVXPY) Mar 03 01:45:59 PM: Compiling problem (target solver=GUROBI).
(CVXPY) Mar 03 01:45:59 PM: Reduction chain: FlipObjective -> CvxAttr2Constr -> Qp2SymbolicQp -> QpMatrixStuffing -> GUROBI
(CVXPY) Mar 03 01:45:59 PM: Applying reduction FlipObjective
(CVXPY) Mar 03 01:45:59 PM: Applying reduction CvxAttr2Constr
(CVXPY) Mar 03 01:46:01 PM: Applying reduction Qp2SymbolicQp
(CVXPY) Mar 03 01:46:34 PM: Applying reduction QpMatrixStuffing
(CVXPY) Mar 03 01:54:43 PM: Applying reduction GUROBI
(CVXPY) Mar 03 01:54:46 PM: Finished problem compilation (took 5.431e+02 seconds).
-------------------------------------------------------------------------------
                                Numerical solver                               
-------------------------------------------------------------------------------
(CVXPY) Mar 03 01:54:46 PM: Invoking solver GUROBI  to obtain a solution.
Parameter OutputFlag unchanged
   Value: 1  Min: 0  Max: 1  Default: 1
Changed value of parameter QCPDual to 1
   Prev: 0  Min: 0  Max: 1  Default: 0
Changed value of parameter MIPGAP to 0.01
   Prev: 0.0001  Min: 0.0  Max: inf  Default: 0.0001
Changed value of parameter TimeLimit to 1200.0
   Prev: inf  Min: 0.0  Max: inf  Default: inf
Gurobi Optimizer version 9.1.2 build v9.1.2rc0 (linux64)
Thread count: 64 physical cores, 128 logical processors, using up to 32 threads
Optimize a model with 459280 rows, 166000 columns and 1217200 nonzeros
Model fingerprint: 0x7ae7ee35
Variable types: 0 continuous, 166000 integer (166000 binary)
Coefficient statistics:
  Matrix range     [1e+00, 1e+00]
  Objective range  [1e+00, 1e+00]
  Bounds range     [1e+00, 1e+00]
  RHS range        [1e+00, 2e+01]
Found heuristic solution: objective 0.0000000
Presolve removed 447202 rows and 159713 columns
Presolve time: 0.37s
Presolved: 12078 rows, 6287 columns, 32776 nonzeros
Variable types: 0 continuous, 6287 integer (6287 binary)

Root relaxation: objective -1.627000e+03, 4393 iterations, 0.03 seconds

    Nodes    |    Current Node    |     Objective Bounds      |     Work
 Expl Unexpl |  Obj  Depth IntInf | Incumbent    BestBd   Gap | It/Node Time

     0     0 -1627.0000    0    5    0.00000 -1627.0000      -     -    0s
H    0     0                    -1627.000000 -1627.0000  0.00%     -    0s
     0     0 -1627.0000    0    5 -1627.0000 -1627.0000  0.00%     -    0s

Explored 1 nodes (4393 simplex iterations) in 0.49 seconds
Thread count was 32 (of 128 available processors)

Solution count 2: -1627 0 
No other solutions better than -1627

Optimal solution found (tolerance 1.00e-02)
Best objective -1.627000000000e+03, best bound -1.627000000000e+03, gap 0.0000%
-------------------------------------------------------------------------------
                                    Summary                                    
-------------------------------------------------------------------------------
(CVXPY) Mar 03 01:54:51 PM: Problem status: optimal
(CVXPY) Mar 03 01:54:51 PM: Optimal value: 1.627e+03
(CVXPY) Mar 03 01:54:51 PM: Compilation took 5.431e+02 seconds
(CVXPY) Mar 03 01:54:51 PM: Solver (including time spent in interface) took 3.077e+00 seconds

 APRX. VALUES: 

6.4923076923076914 1.7899125627383368
5.562264150943395 2.612323942977683
5.287804878048781 3.6038052464874335
6.388990825688074 4.381264101644204
9.612903225806448 3.7461155740127077
10.209523809523809 4.968654580937499
10.826490066225167 5.714564893215886
11.954491017964072 6.306870187920835
14.145454545454543 6.663927812056304
14.811940298507462 7.553501162860257
14.85581395348837 7.996641804622314
16.126315789473686 8.447038852400363


3. iteration: 


===============================================================================
                                     CVXPY                                     
                                    v1.1.18                                    
===============================================================================
(CVXPY) Mar 03 01:55:48 PM: Your problem has 193600 variables, 535760 constraints, and 0 parameters.
(CVXPY) Mar 03 01:56:00 PM: It is compliant with the following grammars: DCP, DQCP
(CVXPY) Mar 03 01:56:00 PM: (If you need to solve this problem multiple times, but with different data, consider using parameters.)
(CVXPY) Mar 03 01:56:00 PM: CVXPY will first compile your problem; then, it will invoke a numerical solver to obtain a solution.
-------------------------------------------------------------------------------
                                  Compilation                                  
-------------------------------------------------------------------------------
(CVXPY) Mar 03 01:56:18 PM: Compiling problem (target solver=GUROBI).
(CVXPY) Mar 03 01:56:18 PM: Reduction chain: FlipObjective -> CvxAttr2Constr -> Qp2SymbolicQp -> QpMatrixStuffing -> GUROBI
(CVXPY) Mar 03 01:56:18 PM: Applying reduction FlipObjective
(CVXPY) Mar 03 01:56:18 PM: Applying reduction CvxAttr2Constr
(CVXPY) Mar 03 01:56:21 PM: Applying reduction Qp2SymbolicQp
(CVXPY) Mar 03 01:56:59 PM: Applying reduction QpMatrixStuffing
(CVXPY) Mar 03 02:09:27 PM: Applying reduction GUROBI
(CVXPY) Mar 03 02:09:30 PM: Finished problem compilation (took 8.105e+02 seconds).
-------------------------------------------------------------------------------
                                Numerical solver                               
-------------------------------------------------------------------------------
(CVXPY) Mar 03 02:09:30 PM: Invoking solver GUROBI  to obtain a solution.
Parameter OutputFlag unchanged
   Value: 1  Min: 0  Max: 1  Default: 1
Changed value of parameter QCPDual to 1
   Prev: 0  Min: 0  Max: 1  Default: 0
Changed value of parameter MIPGAP to 0.01
   Prev: 0.0001  Min: 0.0  Max: inf  Default: 0.0001
Changed value of parameter TimeLimit to 1200.0
   Prev: inf  Min: 0.0  Max: inf  Default: inf
Gurobi Optimizer version 9.1.2 build v9.1.2rc0 (linux64)
Thread count: 64 physical cores, 128 logical processors, using up to 32 threads
Optimize a model with 535760 rows, 193600 columns and 1420000 nonzeros
Model fingerprint: 0x2173b7bf
Variable types: 0 continuous, 193600 integer (193600 binary)
Coefficient statistics:
  Matrix range     [1e+00, 1e+00]
  Objective range  [1e+00, 1e+00]
  Bounds range     [1e+00, 1e+00]
  RHS range        [1e+00, 2e+01]
Found heuristic solution: objective 0.0000000
Presolve removed 520099 rows and 185488 columns
Presolve time: 0.46s
Presolved: 15661 rows, 8112 columns, 42497 nonzeros
Variable types: 0 continuous, 8112 integer (8112 binary)

Root relaxation: objective -2.089000e+03, 5892 iterations, 0.05 seconds

    Nodes    |    Current Node    |     Objective Bounds      |     Work
 Expl Unexpl |  Obj  Depth IntInf | Incumbent    BestBd   Gap | It/Node Time

*    0     0               0    -2089.000000 -2089.0000  0.00%     -    0s

Explored 0 nodes (5892 simplex iterations) in 0.61 seconds
Thread count was 32 (of 128 available processors)

Solution count 2: -2089 0 
No other solutions better than -2089

Optimal solution found (tolerance 1.00e-02)
Best objective -2.089000000000e+03, best bound -2.089000000000e+03, gap 0.0000%
-------------------------------------------------------------------------------
                                    Summary                                    
-------------------------------------------------------------------------------
(CVXPY) Mar 03 02:09:36 PM: Problem status: optimal
(CVXPY) Mar 03 02:09:36 PM: Optimal value: 2.089e+03
(CVXPY) Mar 03 02:09:36 PM: Compilation took 8.105e+02 seconds
(CVXPY) Mar 03 02:09:36 PM: Solver (including time spent in interface) took 3.701e+00 seconds

 APRX. VALUES: 

6.2064516129032254 1.8057141351778996
5.572413793103449 2.6291334027517363
5.6000000000000005 3.403165946811654
6.500934579439253 4.344111823811195
9.668085106382978 3.7639446478270426
10.209523809523809 4.968654580937499
10.826490066225167 5.714564893215886
12.009638554216869 6.28556607102434
13.668789808917197 6.048328226180842
14.54736842105263 7.283504681347661
14.990308370044055 8.516731053310497
16.745945945945945 8.248131470450438
16.911587982832618 8.615580933249152
16.55421686746988 9.13192864471934


4. iteration: 


===============================================================================
                                     CVXPY                                     
                                    v1.1.18                                    
===============================================================================
(CVXPY) Mar 03 02:10:45 PM: Your problem has 221200 variables, 612240 constraints, and 0 parameters.
(CVXPY) Mar 03 02:10:59 PM: It is compliant with the following grammars: DCP, DQCP
(CVXPY) Mar 03 02:10:59 PM: (If you need to solve this problem multiple times, but with different data, consider using parameters.)
(CVXPY) Mar 03 02:10:59 PM: CVXPY will first compile your problem; then, it will invoke a numerical solver to obtain a solution.
-------------------------------------------------------------------------------
                                  Compilation                                  
-------------------------------------------------------------------------------
(CVXPY) Mar 03 02:11:19 PM: Compiling problem (target solver=GUROBI).
(CVXPY) Mar 03 02:11:19 PM: Reduction chain: FlipObjective -> CvxAttr2Constr -> Qp2SymbolicQp -> QpMatrixStuffing -> GUROBI
(CVXPY) Mar 03 02:11:19 PM: Applying reduction FlipObjective
(CVXPY) Mar 03 02:11:20 PM: Applying reduction CvxAttr2Constr
(CVXPY) Mar 03 02:11:23 PM: Applying reduction Qp2SymbolicQp
(CVXPY) Mar 03 02:12:06 PM: Applying reduction QpMatrixStuffing
(CVXPY) Mar 03 02:30:13 PM: Applying reduction GUROBI
(CVXPY) Mar 03 02:30:17 PM: Finished problem compilation (took 1.158e+03 seconds).
-------------------------------------------------------------------------------
                                Numerical solver                               
-------------------------------------------------------------------------------
(CVXPY) Mar 03 02:30:17 PM: Invoking solver GUROBI  to obtain a solution.
Parameter OutputFlag unchanged
   Value: 1  Min: 0  Max: 1  Default: 1
Changed value of parameter QCPDual to 1
   Prev: 0  Min: 0  Max: 1  Default: 0
Changed value of parameter MIPGAP to 0.01
   Prev: 0.0001  Min: 0.0  Max: inf  Default: 0.0001
Changed value of parameter TimeLimit to 1200.0
   Prev: inf  Min: 0.0  Max: inf  Default: inf
Gurobi Optimizer version 9.1.2 build v9.1.2rc0 (linux64)
Thread count: 64 physical cores, 128 logical processors, using up to 32 threads
Optimize a model with 612240 rows, 221200 columns and 1622800 nonzeros
Model fingerprint: 0xf2b238eb
Variable types: 0 continuous, 221200 integer (221200 binary)
Coefficient statistics:
  Matrix range     [1e+00, 1e+00]
  Objective range  [1e+00, 1e+00]
  Bounds range     [1e+00, 1e+00]
  RHS range        [1e+00, 2e+01]
Found heuristic solution: objective 0.0000000
Presolve removed 592839 rows and 211207 columns
Presolve time: 0.55s
Presolved: 19401 rows, 9993 columns, 52675 nonzeros
Variable types: 0 continuous, 9993 integer (9993 binary)

Root relaxation: objective -2.575000e+03, 7219 iterations, 0.06 seconds

    Nodes    |    Current Node    |     Objective Bounds      |     Work
 Expl Unexpl |  Obj  Depth IntInf | Incumbent    BestBd   Gap | It/Node Time

H    0     0                    -2575.000000 -2575.0000  0.00%     -    0s
     0     0 -2575.0000    0   28 -2575.0000 -2575.0000  0.00%     -    0s

Explored 0 nodes (7219 simplex iterations) in 0.69 seconds
Thread count was 32 (of 128 available processors)

Solution count 2: -2575 0 
No other solutions better than -2575

Optimal solution found (tolerance 1.00e-02)
Best objective -2.575000000000e+03, best bound -2.575000000000e+03, gap 0.0000%
-------------------------------------------------------------------------------
                                    Summary                                    
-------------------------------------------------------------------------------
(CVXPY) Mar 03 02:30:24 PM: Problem status: optimal
(CVXPY) Mar 03 02:30:24 PM: Optimal value: 2.575e+03
(CVXPY) Mar 03 02:30:24 PM: Compilation took 1.158e+03 seconds
(CVXPY) Mar 03 02:30:24 PM: Solver (including time spent in interface) took 4.176e+00 seconds

 APRX. VALUES: 

6.2064516129032254 1.8057141351778996
5.457142857142856 2.592768593529287
5.482352941176471 3.6890035788603255
6.366355140186917 4.307826911135748
9.556521739130433 3.7269670717455012
9.471559633027523 4.590178820508202
10.510638297872338 5.533773828416299
11.954491017964072 6.306870187920835
13.668789808917197 6.048328226180842
14.495238095238095 7.2673094641739695
14.966233766233769 8.656048262906634
16.38 8.804521565650232
16.98181818181818 8.900106787361953
16.75121951219512 9.007831875548957
16.14588235294117 9.401245886660623
17.95066079295154 8.318104928852819


5. iteration: 


===============================================================================
                                     CVXPY                                     
                                    v1.1.18                                    
===============================================================================
(CVXPY) Mar 03 02:31:38 PM: Your problem has 248800 variables, 688720 constraints, and 0 parameters.
(CVXPY) Mar 03 02:31:53 PM: It is compliant with the following grammars: DCP, DQCP
(CVXPY) Mar 03 02:31:53 PM: (If you need to solve this problem multiple times, but with different data, consider using parameters.)
(CVXPY) Mar 03 02:31:53 PM: CVXPY will first compile your problem; then, it will invoke a numerical solver to obtain a solution.
-------------------------------------------------------------------------------
                                  Compilation                                  
-------------------------------------------------------------------------------
(CVXPY) Mar 03 02:32:17 PM: Compiling problem (target solver=GUROBI).
(CVXPY) Mar 03 02:32:17 PM: Reduction chain: FlipObjective -> CvxAttr2Constr -> Qp2SymbolicQp -> QpMatrixStuffing -> GUROBI
(CVXPY) Mar 03 02:32:17 PM: Applying reduction FlipObjective
(CVXPY) Mar 03 02:32:17 PM: Applying reduction CvxAttr2Constr
(CVXPY) Mar 03 02:32:21 PM: Applying reduction Qp2SymbolicQp
(CVXPY) Mar 03 02:33:16 PM: Applying reduction QpMatrixStuffing
(CVXPY) Mar 03 02:58:57 PM: Applying reduction GUROBI
(CVXPY) Mar 03 02:59:02 PM: Finished problem compilation (took 1.628e+03 seconds).
-------------------------------------------------------------------------------
                                Numerical solver                               
-------------------------------------------------------------------------------
(CVXPY) Mar 03 02:59:02 PM: Invoking solver GUROBI  to obtain a solution.
Parameter OutputFlag unchanged
   Value: 1  Min: 0  Max: 1  Default: 1
Changed value of parameter QCPDual to 1
   Prev: 0  Min: 0  Max: 1  Default: 0
Changed value of parameter MIPGAP to 0.01
   Prev: 0.0001  Min: 0.0  Max: inf  Default: 0.0001
Changed value of parameter TimeLimit to 1200.0
   Prev: inf  Min: 0.0  Max: inf  Default: inf
Gurobi Optimizer version 9.1.2 build v9.1.2rc0 (linux64)
Thread count: 64 physical cores, 128 logical processors, using up to 32 threads
Optimize a model with 688720 rows, 248800 columns and 1825600 nonzeros
Model fingerprint: 0x09c35ca1
Variable types: 0 continuous, 248800 integer (248800 binary)
Coefficient statistics:
  Matrix range     [1e+00, 1e+00]
  Objective range  [1e+00, 1e+00]
  Bounds range     [1e+00, 1e+00]
  RHS range        [1e+00, 2e+01]
Found heuristic solution: objective 0.0000000
Presolve removed 665419 rows and 236856 columns
Presolve time: 0.63s
Presolved: 23301 rows, 11944 columns, 63275 nonzeros
Variable types: 0 continuous, 11944 integer (11944 binary)

Root relaxation: objective -3.071000e+03, 8401 iterations, 0.07 seconds

    Nodes    |    Current Node    |     Objective Bounds      |     Work
 Expl Unexpl |  Obj  Depth IntInf | Incumbent    BestBd   Gap | It/Node Time

     0     0 -3071.0000    0    3    0.00000 -3071.0000      -     -    0s
H    0     0                    -3071.000000 -3071.0000  0.00%     -    0s
     0     0 -3071.0000    0    3 -3071.0000 -3071.0000  0.00%     -    0s

Explored 1 nodes (8401 simplex iterations) in 0.85 seconds
Thread count was 32 (of 128 available processors)

Solution count 2: -3071 0 
No other solutions better than -3071

Optimal solution found (tolerance 1.00e-02)
Best objective -3.071000000000e+03, best bound -3.071000000000e+03, gap 0.0000%
-------------------------------------------------------------------------------
                                    Summary                                    
-------------------------------------------------------------------------------
(CVXPY) Mar 03 02:59:10 PM: Problem status: optimal
(CVXPY) Mar 03 02:59:10 PM: Optimal value: 3.071e+03
(CVXPY) Mar 03 02:59:10 PM: Compilation took 1.628e+03 seconds
(CVXPY) Mar 03 02:59:10 PM: Solver (including time spent in interface) took 4.787e+00 seconds

 APRX. VALUES: 

6.2064516129032254 1.8057141351778996
5.457142857142856 2.592768593529287
5.542857142857143 3.3878096425857565
6.4799999999999995 3.971095566717074
9.525274725274723 3.7353845119342868
10.079338842975206 4.907237315972
10.879999999999999 5.69575280362482
12.009638554216869 6.28556607102434
14.145454545454543 6.663927812056304
14.752475247524753 7.581799390115883
15.117948717948718 8.702810385889995
16.436820083682004 8.778901100507039
16.98181818181818 8.900106787361953
16.55421686746988 9.13192864471934
16.023346303501945 9.466257898858467
17.95066079295154 8.318104928852819
17.95066079295154 8.318104928852819
17.34237288135593 8.716790798628885


6. iteration: 


===============================================================================
                                     CVXPY                                     
                                    v1.1.18                                    
===============================================================================
(CVXPY) Mar 03 03:00:28 PM: Your problem has 276400 variables, 765200 constraints, and 0 parameters.
(CVXPY) Mar 03 03:00:45 PM: It is compliant with the following grammars: DCP, DQCP
(CVXPY) Mar 03 03:00:45 PM: (If you need to solve this problem multiple times, but with different data, consider using parameters.)
(CVXPY) Mar 03 03:00:45 PM: CVXPY will first compile your problem; then, it will invoke a numerical solver to obtain a solution.
-------------------------------------------------------------------------------
                                  Compilation                                  
-------------------------------------------------------------------------------
(CVXPY) Mar 03 03:01:11 PM: Compiling problem (target solver=GUROBI).
(CVXPY) Mar 03 03:01:11 PM: Reduction chain: FlipObjective -> CvxAttr2Constr -> Qp2SymbolicQp -> QpMatrixStuffing -> GUROBI
(CVXPY) Mar 03 03:01:11 PM: Applying reduction FlipObjective
(CVXPY) Mar 03 03:01:11 PM: Applying reduction CvxAttr2Constr
(CVXPY) Mar 03 03:01:15 PM: Applying reduction Qp2SymbolicQp
(CVXPY) Mar 03 03:02:10 PM: Applying reduction QpMatrixStuffing
(CVXPY) Mar 03 03:35:18 PM: Applying reduction GUROBI
(CVXPY) Mar 03 03:35:23 PM: Finished problem compilation (took 2.078e+03 seconds).
-------------------------------------------------------------------------------
                                Numerical solver                               
-------------------------------------------------------------------------------
(CVXPY) Mar 03 03:35:23 PM: Invoking solver GUROBI  to obtain a solution.
Parameter OutputFlag unchanged
   Value: 1  Min: 0  Max: 1  Default: 1
Changed value of parameter QCPDual to 1
   Prev: 0  Min: 0  Max: 1  Default: 0
Changed value of parameter MIPGAP to 0.01
   Prev: 0.0001  Min: 0.0  Max: inf  Default: 0.0001
Changed value of parameter TimeLimit to 1200.0
   Prev: inf  Min: 0.0  Max: inf  Default: inf
Gurobi Optimizer version 9.1.2 build v9.1.2rc0 (linux64)
Thread count: 64 physical cores, 128 logical processors, using up to 32 threads
Optimize a model with 765200 rows, 276400 columns and 2028400 nonzeros
Model fingerprint: 0x0fd2e960
Variable types: 0 continuous, 276400 integer (276400 binary)
Coefficient statistics:
  Matrix range     [1e+00, 1e+00]
  Objective range  [1e+00, 1e+00]
  Bounds range     [1e+00, 1e+00]
  RHS range        [1e+00, 2e+01]
Found heuristic solution: objective 0.0000000
Presolve removed 738809 rows and 262878 columns
Presolve time: 0.69s
Presolved: 26391 rows, 13522 columns, 71687 nonzeros
Variable types: 0 continuous, 13522 integer (13522 binary)

Root relaxation: objective -3.501000e+03, 9572 iterations, 0.08 seconds

    Nodes    |    Current Node    |     Objective Bounds      |     Work
 Expl Unexpl |  Obj  Depth IntInf | Incumbent    BestBd   Gap | It/Node Time

H    0     0                    -3501.000000 -3502.0000  0.03%     -    0s
     0     0 -3501.0000    0   31 -3501.0000 -3501.0000  0.00%     -    0s

Explored 0 nodes (9572 simplex iterations) in 0.88 seconds
Thread count was 32 (of 128 available processors)

Solution count 2: -3501 0 
No other solutions better than -3501

Optimal solution found (tolerance 1.00e-02)
Best objective -3.501000000000e+03, best bound -3.501000000000e+03, gap 0.0000%
-------------------------------------------------------------------------------
                                    Summary                                    
-------------------------------------------------------------------------------
(CVXPY) Mar 03 03:35:31 PM: Problem status: optimal
(CVXPY) Mar 03 03:35:31 PM: Optimal value: 3.501e+03
(CVXPY) Mar 03 03:35:31 PM: Compilation took 2.078e+03 seconds
(CVXPY) Mar 03 03:35:31 PM: Solver (including time spent in interface) took 5.256e+00 seconds

 APRX. VALUES: 

6.275862068965516 1.8468342293314257
5.516981132075471 2.638877394898137
5.287804878048781 3.6038052464874335
6.2153846153846155 4.271163803541886
8.992592592592592 3.5750085134243026
9.105882352941176 4.5078324761705595
10.414388489208632 5.514540115332239
11.954491017964072 6.306870187920835
14.145454545454543 6.663927812056304
14.752475247524753 7.581799390115883
14.948017621145375 8.448774539799194
16.252100840336134 8.729721748426881
16.923456790123456 8.928056368534971
16.55421686746988 9.13192864471934
16.084374999999998 9.434133816062554
17.95066079295154 8.318104928852819
17.95066079295154 8.318104928852819
17.34237288135593 8.716790798628885
17.95066079295154 8.318104928852819
17.34237288135593 8.716790798628885


7. iteration: 


===============================================================================
                                     CVXPY                                     
                                    v1.1.18                                    
===============================================================================
(CVXPY) Mar 03 03:37:06 PM: Your problem has 304000 variables, 841680 constraints, and 0 parameters.
(CVXPY) Mar 03 03:37:24 PM: It is compliant with the following grammars: DCP, DQCP
(CVXPY) Mar 03 03:37:24 PM: (If you need to solve this problem multiple times, but with different data, consider using parameters.)
(CVXPY) Mar 03 03:37:24 PM: CVXPY will first compile your problem; then, it will invoke a numerical solver to obtain a solution.
-------------------------------------------------------------------------------
                                  Compilation                                  
-------------------------------------------------------------------------------
(CVXPY) Mar 03 03:37:53 PM: Compiling problem (target solver=GUROBI).
(CVXPY) Mar 03 03:37:53 PM: Reduction chain: FlipObjective -> CvxAttr2Constr -> Qp2SymbolicQp -> QpMatrixStuffing -> GUROBI
(CVXPY) Mar 03 03:37:53 PM: Applying reduction FlipObjective
(CVXPY) Mar 03 03:37:53 PM: Applying reduction CvxAttr2Constr
(CVXPY) Mar 03 03:37:57 PM: Applying reduction Qp2SymbolicQp
(CVXPY) Mar 03 03:38:58 PM: Applying reduction QpMatrixStuffing
(CVXPY) Mar 03 04:27:29 PM: Applying reduction GUROBI
(CVXPY) Mar 03 04:27:35 PM: Finished problem compilation (took 3.010e+03 seconds).
-------------------------------------------------------------------------------
                                Numerical solver                               
-------------------------------------------------------------------------------
(CVXPY) Mar 03 04:27:35 PM: Invoking solver GUROBI  to obtain a solution.
Parameter OutputFlag unchanged
   Value: 1  Min: 0  Max: 1  Default: 1
Changed value of parameter QCPDual to 1
   Prev: 0  Min: 0  Max: 1  Default: 0
Changed value of parameter MIPGAP to 0.01
   Prev: 0.0001  Min: 0.0  Max: inf  Default: 0.0001
Changed value of parameter TimeLimit to 1200.0
   Prev: inf  Min: 0.0  Max: inf  Default: inf
Gurobi Optimizer version 9.1.2 build v9.1.2rc0 (linux64)
Thread count: 64 physical cores, 128 logical processors, using up to 32 threads
Optimize a model with 841680 rows, 304000 columns and 2231200 nonzeros
Model fingerprint: 0xef8d08f4
Variable types: 0 continuous, 304000 integer (304000 binary)
Coefficient statistics:
  Matrix range     [1e+00, 1e+00]
  Objective range  [1e+00, 1e+00]
  Bounds range     [1e+00, 1e+00]
  RHS range        [1e+00, 2e+01]
Found heuristic solution: objective 0.0000000
Presolve removed 811761 rows and 288689 columns
Presolve time: 0.76s
Presolved: 29919 rows, 15311 columns, 81289 nonzeros
Variable types: 0 continuous, 15311 integer (15311 binary)

Root relaxation: objective -3.945000e+03, 11143 iterations, 0.10 seconds

    Nodes    |    Current Node    |     Objective Bounds      |     Work
 Expl Unexpl |  Obj  Depth IntInf | Incumbent    BestBd   Gap | It/Node Time

H    0     0                    -3945.000000 -3947.0000  0.05%     -    0s
     0     0 -3945.0000    0   83 -3945.0000 -3945.0000  0.00%     -    0s

Explored 0 nodes (11143 simplex iterations) in 0.98 seconds
Thread count was 32 (of 128 available processors)

Solution count 2: -3945 0 
No other solutions better than -3945

Optimal solution found (tolerance 1.00e-02)
Best objective -3.945000000000e+03, best bound -3.945000000000e+03, gap 0.0000%
-------------------------------------------------------------------------------
                                    Summary                                    
-------------------------------------------------------------------------------
(CVXPY) Mar 03 04:27:44 PM: Problem status: optimal
(CVXPY) Mar 03 04:27:44 PM: Optimal value: 3.945e+03
(CVXPY) Mar 03 04:27:44 PM: Compilation took 3.010e+03 seconds
(CVXPY) Mar 03 04:27:44 PM: Solver (including time spent in interface) took 5.786e+00 seconds

 APRX. VALUES: 

6.2064516129032254 1.8057141351778996
5.457142857142856 2.592768593529287
5.629850746268655 2.987986639332211
6.287999999999999 3.5336462754497657
9.228571428571426 3.7247106448360654
10.000000000000002 4.909671470636281
10.879999999999999 5.69575280362482
12.009638554216869 6.28556607102434
14.207228915662649 6.308338011367963
14.8734693877551 7.404873616036336
15.177872340425532 8.732518082936297
16.38 8.804521565650232
17.040663900414938 8.871447391060169
16.75121951219512 9.007831875548957
16.55421686746988 9.13192864471934
17.95066079295154 8.318104928852819
17.95066079295154 8.318104928852819
17.34237288135593 8.716790798628885
17.95066079295154 8.318104928852819
17.34237288135593 8.716790798628885
16.8655737704918 8.95531503040168
17.95066079295154 8.318104928852819

NON-symmetry:

[[12.00963855  6.28556607]
 [14.87346939  7.40487362]
 [16.12631579  8.44703885]
 [16.55421687  9.13192864]
 [17.95066079  8.31810493]
 [17.34237288  8.7167908 ]
 [17.34237288  8.7167908 ]
 [17.95066079  8.31810493]]

symmetry:

[[12.00963855  6.28556607]
 [14.87346939  7.40487362]
 [16.12631579  8.44703885]
 [16.55421687  9.13192864]
 [17.95066079  8.31810493]
 [17.34237288  8.7167908 ]
 [17.34237288  8.7167908 ]
 [17.95066079  8.31810493]]

GROUND-TRUTH:

[[7.58405983 2.41806853]
 [7.98599504 2.51281778]
 [7.995456   2.70203283]
 [8.02476062 2.97209962]
 [8.4925731  2.84738936]
 [8.77045344 2.98423843]
 [8.97622764 2.96533313]
 [9.15871167 3.10390178]]

 no symmetry DIFF:

[[4.42557872 3.86749754]
 [6.88747435 4.89205584]
 [8.13085979 5.74500602]
 [8.52945625 6.15982902]
 [9.45808769 5.47071557]
 [8.57191944 5.73255237]
 [8.36614524 5.75145767]
 [8.79194912 5.21420315]]

symmetry DIFF:

[[4.42557872 3.86749754]
 [6.88747435 4.89205584]
 [8.13085979 5.74500602]
 [8.52945625 6.15982902]
 [9.45808769 5.47071557]
 [8.57191944 5.73255237]
 [8.36614524 5.75145767]
 [8.79194912 5.21420315]]



 errors:

 errors = np.array([[7.70449076, 5.59015659],
                        [7.57654038, 5.37355627],
                        [7.37803559, 5.21428495],
                        [7.10063856, 5.31137071],
                        [7.21744978, 5.14793231],
                        [4.42557872, 3.86749754],
                        [6.88747435, 4.89205584],
                        [8.13085979, 5.74500602],
                        [8.52945625, 6.15982902],
                        [9.45808769, 5.47071557],
                        [8.57191944, 5.73255237],
                        [8.36614524, 5.75145767],
                        [8.79194912, 5.21420315]])

    errors2 = np.array([[7.70449076, 5.59015659],
                       [7.57654038, 5.37355627],
                       [7.37803559, 5.21428495],
                       [7.10063856, 5.31137071],
                       [7.21744978, 5.14793231],
                        [4.42557872, 3.86749754],
                        [6.88747435, 4.89205584],
                       [8.13085979,    5.74500602],
    [8.52945625, 6.15982902],
    [9.45808769,    5.47071557],
    [8.57191944, 5.73255237],
    [8.36614524,    5.75145767],
    [8.79194912, 5.21420315]])


{(8, False): (799440, -800.0, 8.293076267674818), (10, False): (999200, -1139.0, 11.779530185589529), (12, False): (1198960, -1627.0, 13.87586580781219), (14, False): (1398720, -2089.0, 14.689285268665731), (16, False): (1598480, -2575.0, 14.928803259756984), (18, False): (1798240, -3071.0, 14.304471811631865), (20, False): (1998000, -3501.0, 14.117602905168319), (22, False): (2197760, -3945.0, 14.006152264794746), (8, True): (811600, -800.0, 8.293076267674818), (10, True): (1014400, -1139.0, 11.779530185589529), (12, True): (1217200, -1627.0, 13.87586580781219), (14, True): (1420000, -2089.0, 14.689285268665731), (16, True): (1622800, -2575.0, 14.928803259756984), (18, True): (1825600, -3071.0, 14.304471811631865), (20, True): (2028400, -3501.0, 14.117602905168319), (22, True): (2231200, -3945.0, 14.006152264794746)}
