

NO SYMMETRY


0. iteration: 


===============================================================================
                                     CVXPY                                     
                                    v1.1.18                                    
===============================================================================
(CVXPY) Mar 03 05:35:04 PM: Your problem has 331600 variables, 899920 constraints, and 0 parameters.
(CVXPY) Mar 03 05:35:24 PM: It is compliant with the following grammars: DCP, DQCP
(CVXPY) Mar 03 05:35:24 PM: (If you need to solve this problem multiple times, but with different data, consider using parameters.)
(CVXPY) Mar 03 05:35:24 PM: CVXPY will first compile your problem; then, it will invoke a numerical solver to obtain a solution.
-------------------------------------------------------------------------------
                                  Compilation                                  
-------------------------------------------------------------------------------
(CVXPY) Mar 03 05:35:52 PM: Compiling problem (target solver=GUROBI).
(CVXPY) Mar 03 05:35:52 PM: Reduction chain: FlipObjective -> CvxAttr2Constr -> Qp2SymbolicQp -> QpMatrixStuffing -> GUROBI
(CVXPY) Mar 03 05:35:52 PM: Applying reduction FlipObjective
(CVXPY) Mar 03 05:35:53 PM: Applying reduction CvxAttr2Constr
(CVXPY) Mar 03 05:35:57 PM: Applying reduction Qp2SymbolicQp
(CVXPY) Mar 03 05:37:09 PM: Applying reduction QpMatrixStuffing
(CVXPY) Mar 03 06:38:47 PM: Applying reduction GUROBI
(CVXPY) Mar 03 06:38:53 PM: Finished problem compilation (took 3.809e+03 seconds).
-------------------------------------------------------------------------------
                                Numerical solver                               
-------------------------------------------------------------------------------
(CVXPY) Mar 03 06:38:53 PM: Invoking solver GUROBI  to obtain a solution.
Using license file /mnt/appl/software/Gurobi/9.1.2-GCCcore-10.2.0/gurobi.lic
Set parameter TokenServer to value 147.32.84.36
Parameter OutputFlag unchanged
   Value: 1  Min: 0  Max: 1  Default: 1
Changed value of parameter QCPDual to 1
   Prev: 0  Min: 0  Max: 1  Default: 0
Changed value of parameter MIPGAP to 0.01
   Prev: 0.0001  Min: 0.0  Max: inf  Default: 0.0001
Changed value of parameter TimeLimit to 1200.0
   Prev: inf  Min: 0.0  Max: inf  Default: inf
Gurobi Optimizer version 9.1.2 build v9.1.2rc0 (linux64)
Thread count: 64 physical cores, 128 logical processors, using up to 32 threads
Optimize a model with 899920 rows, 331600 columns and 2397520 nonzeros
Model fingerprint: 0xbf59d8f3
Variable types: 0 continuous, 331600 integer (331600 binary)
Coefficient statistics:
  Matrix range     [1e+00, 1e+00]
  Objective range  [1e+00, 1e+00]
  Bounds range     [1e+00, 1e+00]
  RHS range        [1e+00, 2e+01]
Found heuristic solution: objective 0.0000000
Presolve removed 876968 rows and 317806 columns
Presolve time: 0.54s
Presolved: 22952 rows, 13794 columns, 65577 nonzeros
Variable types: 0 continuous, 13794 integer (13290 binary)

Root relaxation: objective -4.440000e+03, 10255 iterations, 0.09 seconds

    Nodes    |    Current Node    |     Objective Bounds      |     Work
 Expl Unexpl |  Obj  Depth IntInf | Incumbent    BestBd   Gap | It/Node Time

*    0     0               0    -4440.000000 -4440.0000  0.00%     -    0s

Explored 0 nodes (13799 simplex iterations) in 0.88 seconds
Thread count was 32 (of 128 available processors)

Solution count 2: -4440 0 
No other solutions better than -4440

Optimal solution found (tolerance 1.00e-02)
Best objective -4.440000000000e+03, best bound -4.440000000000e+03, gap 0.0000%
-------------------------------------------------------------------------------
                                    Summary                                    
-------------------------------------------------------------------------------
(CVXPY) Mar 03 06:39:02 PM: Problem status: optimal
(CVXPY) Mar 03 06:39:02 PM: Optimal value: 4.440e+03
(CVXPY) Mar 03 06:39:02 PM: Compilation took 3.809e+03 seconds
(CVXPY) Mar 03 06:39:02 PM: Solver (including time spent in interface) took 5.945e+00 seconds

 APRX. VALUES: 

6.4923076923076914 1.7899125627383368
5.583999999999999 2.688
5.287804878048781 3.6038052464874335
6.2153846153846155 4.271163803541886
9.556521739130433 3.7269670717455012
9.789473684210527 4.742406088945291
10.816326530612246 5.623251544630925
11.954491017964072 6.306870187920835
14.145454545454543 6.663927812056304
14.752475247524753 7.581799390115883
14.972197309417039 8.299621154928042
16.375652173913043 8.52777142307616
16.97435897435897 8.65038069263704
16.567901234567902 8.909944882961167
16.493548387096773 9.100104057677687
17.95066079295154 8.318104928852819
17.95066079295154 8.318104928852819
17.34237288135593 8.716790798628885
18.063999999999997 8.267279117097717
17.34237288135593 8.716790798628885
16.8655737704918 8.95531503040168
17.95066079295154 8.318104928852819
17.34237288135593 8.716790798628885
16.8655737704918 8.95531503040168
1. iteration: 


===============================================================================
                                     CVXPY                                     
                                    v1.1.18                                    
===============================================================================
(CVXPY) Mar 03 06:40:41 PM: Your problem has 359200 variables, 974880 constraints, and 0 parameters.
(CVXPY) Mar 03 06:41:02 PM: It is compliant with the following grammars: DCP, DQCP
(CVXPY) Mar 03 06:41:02 PM: (If you need to solve this problem multiple times, but with different data, consider using parameters.)
(CVXPY) Mar 03 06:41:02 PM: CVXPY will first compile your problem; then, it will invoke a numerical solver to obtain a solution.
-------------------------------------------------------------------------------
                                  Compilation                                  
-------------------------------------------------------------------------------
(CVXPY) Mar 03 06:41:34 PM: Compiling problem (target solver=GUROBI).
(CVXPY) Mar 03 06:41:34 PM: Reduction chain: FlipObjective -> CvxAttr2Constr -> Qp2SymbolicQp -> QpMatrixStuffing -> GUROBI
(CVXPY) Mar 03 06:41:34 PM: Applying reduction FlipObjective
(CVXPY) Mar 03 06:41:34 PM: Applying reduction CvxAttr2Constr
(CVXPY) Mar 03 06:41:39 PM: Applying reduction Qp2SymbolicQp
(CVXPY) Mar 03 06:42:50 PM: Applying reduction QpMatrixStuffing
(CVXPY) Mar 03 07:57:07 PM: Applying reduction GUROBI
(CVXPY) Mar 03 07:57:13 PM: Finished problem compilation (took 4.571e+03 seconds).
-------------------------------------------------------------------------------
                                Numerical solver                               
-------------------------------------------------------------------------------
(CVXPY) Mar 03 07:57:13 PM: Invoking solver GUROBI  to obtain a solution.
Parameter OutputFlag unchanged
   Value: 1  Min: 0  Max: 1  Default: 1
Changed value of parameter QCPDual to 1
   Prev: 0  Min: 0  Max: 1  Default: 0
Changed value of parameter MIPGAP to 0.01
   Prev: 0.0001  Min: 0.0  Max: inf  Default: 0.0001
Changed value of parameter TimeLimit to 1200.0
   Prev: inf  Min: 0.0  Max: inf  Default: inf
Gurobi Optimizer version 9.1.2 build v9.1.2rc0 (linux64)
Thread count: 64 physical cores, 128 logical processors, using up to 32 threads
Optimize a model with 974880 rows, 359200 columns and 2597280 nonzeros
Model fingerprint: 0x87bd9059
Variable types: 0 continuous, 359200 integer (359200 binary)
Coefficient statistics:
  Matrix range     [1e+00, 1e+00]
  Objective range  [1e+00, 1e+00]
  Bounds range     [1e+00, 1e+00]
  RHS range        [1e+00, 2e+01]
Found heuristic solution: objective 0.0000000
Presolve removed 949686 rows and 343944 columns
Presolve time: 0.57s
Presolved: 25194 rows, 15256 columns, 72104 nonzeros
Variable types: 0 continuous, 15256 integer (14726 binary)

Root relaxation: objective -4.906000e+03, 10779 iterations, 0.09 seconds

    Nodes    |    Current Node    |     Objective Bounds      |     Work
 Expl Unexpl |  Obj  Depth IntInf | Incumbent    BestBd   Gap | It/Node Time

H    0     0                    -4906.000000 -6199.0000  26.4%     -    0s
     0     0          -    0      -4906.0000 -4906.0000  0.00%     -    0s

Explored 0 nodes (14466 simplex iterations) in 0.91 seconds
Thread count was 32 (of 128 available processors)

Solution count 2: -4906 0 
No other solutions better than -4906

Optimal solution found (tolerance 1.00e-02)
Best objective -4.906000000000e+03, best bound -4.906000000000e+03, gap 0.0000%
-------------------------------------------------------------------------------
                                    Summary                                    
-------------------------------------------------------------------------------
(CVXPY) Mar 03 07:57:23 PM: Problem status: optimal
(CVXPY) Mar 03 07:57:23 PM: Optimal value: 4.906e+03
(CVXPY) Mar 03 07:57:23 PM: Compilation took 4.571e+03 seconds
(CVXPY) Mar 03 07:57:23 PM: Solver (including time spent in interface) took 6.441e+00 seconds

 APRX. VALUES: 

6.2064516129032254 1.8057141351778996
5.457142857142856 2.592768593529287
5.287804878048781 3.6038052464874335
6.31340206185567 4.179173421602746
9.525274725274723 3.7353845119342868
10.116129032258064 4.951057024592832
10.826490066225167 5.714564893215886
11.954491017964072 6.306870187920835
14.097560975609756 6.2661493915722675
14.824615384615385 7.392262706979107
14.856872037914691 7.901178007900826
16.248648648648647 8.27806027748248
16.906550218340612 8.47946406363221
16.557322175732217 8.788544437581757
16.219047619047622 9.283965647318476
17.95066079295154 8.318104928852819
17.95066079295154 8.318104928852819
17.34237288135593 8.716790798628885
17.95066079295154 8.318104928852819
17.34237288135593 8.716790798628885
16.8655737704918 8.95531503040168
17.95066079295154 8.318104928852819
17.476923076923075 8.630371580034515
16.98181818181818 8.900106787361953
16.55421686746988 9.13192864471934
16.75121951219512 9.007831875548957
2. iteration: 


===============================================================================
                                     CVXPY                                     
                                    v1.1.18                                    
===============================================================================
(CVXPY) Mar 03 07:59:17 PM: Your problem has 386800 variables, 1049840 constraints, and 0 parameters.
(CVXPY) Mar 03 07:59:39 PM: It is compliant with the following grammars: DCP, DQCP
(CVXPY) Mar 03 07:59:39 PM: (If you need to solve this problem multiple times, but with different data, consider using parameters.)
(CVXPY) Mar 03 07:59:39 PM: CVXPY will first compile your problem; then, it will invoke a numerical solver to obtain a solution.
-------------------------------------------------------------------------------
                                  Compilation                                  
-------------------------------------------------------------------------------
(CVXPY) Mar 03 08:00:13 PM: Compiling problem (target solver=GUROBI).
(CVXPY) Mar 03 08:00:13 PM: Reduction chain: FlipObjective -> CvxAttr2Constr -> Qp2SymbolicQp -> QpMatrixStuffing -> GUROBI
(CVXPY) Mar 03 08:00:13 PM: Applying reduction FlipObjective
(CVXPY) Mar 03 08:00:13 PM: Applying reduction CvxAttr2Constr
(CVXPY) Mar 03 08:00:19 PM: Applying reduction Qp2SymbolicQp
(CVXPY) Mar 03 08:01:43 PM: Applying reduction QpMatrixStuffing
(CVXPY) Mar 03 09:27:07 PM: Applying reduction GUROBI
(CVXPY) Mar 03 09:27:13 PM: Finished problem compilation (took 5.255e+03 seconds).
-------------------------------------------------------------------------------
                                Numerical solver                               
-------------------------------------------------------------------------------
(CVXPY) Mar 03 09:27:13 PM: Invoking solver GUROBI  to obtain a solution.
Parameter OutputFlag unchanged
   Value: 1  Min: 0  Max: 1  Default: 1
Changed value of parameter QCPDual to 1
   Prev: 0  Min: 0  Max: 1  Default: 0
Changed value of parameter MIPGAP to 0.01
   Prev: 0.0001  Min: 0.0  Max: inf  Default: 0.0001
Changed value of parameter TimeLimit to 1200.0
   Prev: inf  Min: 0.0  Max: inf  Default: inf
Gurobi Optimizer version 9.1.2 build v9.1.2rc0 (linux64)
Thread count: 64 physical cores, 128 logical processors, using up to 32 threads
Optimize a model with 1049840 rows, 386800 columns and 2797040 nonzeros
Model fingerprint: 0xc36b27e8
Variable types: 0 continuous, 386800 integer (386800 binary)
Coefficient statistics:
  Matrix range     [1e+00, 1e+00]
  Objective range  [1e+00, 1e+00]
  Bounds range     [1e+00, 1e+00]
  RHS range        [1e+00, 2e+01]
Found heuristic solution: objective 0.0000000
Presolve removed 1022168 rows and 370163 columns
Presolve time: 0.61s
Presolved: 27672 rows, 16637 columns, 79107 nonzeros
Variable types: 0 continuous, 16637 integer (16077 binary)

Root relaxation: objective -5.420000e+03, 12361 iterations, 0.11 seconds

    Nodes    |    Current Node    |     Objective Bounds      |     Work
 Expl Unexpl |  Obj  Depth IntInf | Incumbent    BestBd   Gap | It/Node Time

H    0     0                    -5420.000000 -6754.0000  24.6%     -    0s
     0     0          -    0      -5420.0000 -5420.0000  0.00%     -    0s

Explored 0 nodes (16802 simplex iterations) in 1.00 seconds
Thread count was 32 (of 128 available processors)

Solution count 2: -5420 0 
No other solutions better than -5420

Optimal solution found (tolerance 1.00e-02)
Best objective -5.420000000000e+03, best bound -5.420000000000e+03, gap 0.0000%
-------------------------------------------------------------------------------
                                    Summary                                    
-------------------------------------------------------------------------------
(CVXPY) Mar 03 09:27:25 PM: Problem status: optimal
(CVXPY) Mar 03 09:27:25 PM: Optimal value: 5.420e+03
(CVXPY) Mar 03 09:27:25 PM: Compilation took 5.255e+03 seconds
(CVXPY) Mar 03 09:27:25 PM: Solver (including time spent in interface) took 7.084e+00 seconds

 APRX. VALUES: 

6.2064516129032254 1.8057141351778996
5.457142857142856 2.592768593529287
5.287804878048781 3.6038052464874335
6.2153846153846155 4.271163803541886
9.223529411764705 4.186185883251596
9.565217391304348 5.368394521209271
10.826490066225167 5.714564893215886
12.009638554216869 6.28556607102434
13.668789808917197 6.048328226180842
14.495238095238095 7.2673094641739695
14.742583732057415 7.851623732592148
16.186666666666667 8.36432636591588
16.791489361702126 8.676224048469964
16.69061224489796 8.976001657063415
16.75121951219512 9.007831875548957
17.95066079295154 8.318104928852819
17.95066079295154 8.318104928852819
17.34237288135593 8.716790798628885
17.95066079295154 8.318104928852819
17.476923076923075 8.630371580034515
16.98181818181818 8.900106787361953
17.95066079295154 8.318104928852819
17.34237288135593 8.716790798628885
16.8655737704918 8.95531503040168
16.75121951219512 9.007831875548957
16.75121951219512 9.007831875548957
16.75121951219512 9.007831875548957
16.75121951219512 9.007831875548957
3. iteration: 


===============================================================================
                                     CVXPY                                     
                                    v1.1.18                                    
===============================================================================
(CVXPY) Mar 03 09:29:21 PM: Your problem has 414400 variables, 1124800 constraints, and 0 parameters.
(CVXPY) Mar 03 09:29:45 PM: It is compliant with the following grammars: DCP, DQCP
(CVXPY) Mar 03 09:29:45 PM: (If you need to solve this problem multiple times, but with different data, consider using parameters.)
(CVXPY) Mar 03 09:29:45 PM: CVXPY will first compile your problem; then, it will invoke a numerical solver to obtain a solution.
-------------------------------------------------------------------------------
                                  Compilation                                  
-------------------------------------------------------------------------------
(CVXPY) Mar 03 09:30:22 PM: Compiling problem (target solver=GUROBI).
(CVXPY) Mar 03 09:30:22 PM: Reduction chain: FlipObjective -> CvxAttr2Constr -> Qp2SymbolicQp -> QpMatrixStuffing -> GUROBI
(CVXPY) Mar 03 09:30:22 PM: Applying reduction FlipObjective
(CVXPY) Mar 03 09:30:22 PM: Applying reduction CvxAttr2Constr
(CVXPY) Mar 03 09:30:28 PM: Applying reduction Qp2SymbolicQp
(CVXPY) Mar 03 09:32:00 PM: Applying reduction QpMatrixStuffing
(CVXPY) Mar 03 11:11:55 PM: Applying reduction GUROBI
(CVXPY) Mar 03 11:12:02 PM: Finished problem compilation (took 6.138e+03 seconds).
-------------------------------------------------------------------------------
                                Numerical solver                               
-------------------------------------------------------------------------------
(CVXPY) Mar 03 11:12:02 PM: Invoking solver GUROBI  to obtain a solution.
Parameter OutputFlag unchanged
   Value: 1  Min: 0  Max: 1  Default: 1
Changed value of parameter QCPDual to 1
   Prev: 0  Min: 0  Max: 1  Default: 0
Changed value of parameter MIPGAP to 0.01
   Prev: 0.0001  Min: 0.0  Max: inf  Default: 0.0001
Changed value of parameter TimeLimit to 1200.0
   Prev: inf  Min: 0.0  Max: inf  Default: inf
Gurobi Optimizer version 9.1.2 build v9.1.2rc0 (linux64)
Thread count: 64 physical cores, 128 logical processors, using up to 32 threads
Optimize a model with 1124800 rows, 414400 columns and 2996800 nonzeros
Model fingerprint: 0x5b32bb4d
Variable types: 0 continuous, 414400 integer (414400 binary)
Coefficient statistics:
  Matrix range     [1e+00, 1e+00]
  Objective range  [1e+00, 1e+00]
  Bounds range     [1e+00, 1e+00]
  RHS range        [1e+00, 2e+01]
Found heuristic solution: objective 0.0000000
Presolve removed 1094883 rows and 396320 columns
Presolve time: 0.70s
Presolved: 29917 rows, 18080 columns, 85625 nonzeros
Variable types: 0 continuous, 18080 integer (17474 binary)

Root relaxation: objective -5.872000e+03, 13394 iterations, 0.12 seconds

    Nodes    |    Current Node    |     Objective Bounds      |     Work
 Expl Unexpl |  Obj  Depth IntInf | Incumbent    BestBd   Gap | It/Node Time

*    0     0               0    -5872.000000 -5872.0000  0.00%     -    1s

Explored 0 nodes (18104 simplex iterations) in 1.12 seconds
Thread count was 32 (of 128 available processors)

Solution count 2: -5872 0 
No other solutions better than -5872

Optimal solution found (tolerance 1.00e-02)
Best objective -5.872000000000e+03, best bound -5.872000000000e+03, gap 0.0000%
-------------------------------------------------------------------------------
                                    Summary                                    
-------------------------------------------------------------------------------
(CVXPY) Mar 03 11:12:14 PM: Problem status: optimal
(CVXPY) Mar 03 11:12:14 PM: Optimal value: 5.872e+03
(CVXPY) Mar 03 11:12:14 PM: Compilation took 6.138e+03 seconds
(CVXPY) Mar 03 11:12:14 PM: Solver (including time spent in interface) took 7.632e+00 seconds

 APRX. VALUES: 

6.2064516129032254 1.8057141351778996
5.457142857142856 2.592768593529287
5.482352941176471 3.6890035788603255
6.4972972972972975 4.4146247421855715
9.668085106382978 3.7639446478270426
9.567567567567567 4.603527088096694
10.510638297872338 5.533773828416299
12.065454545454545 6.263435542367178
13.668789808917197 6.048328226180842
14.54736842105263 7.283504681347661
14.742583732057415 7.851623732592148
16.126315789473686 8.447038852400363
17.114285714285714 8.263764028478024
16.791489361702126 8.676224048469964
16.219047619047622 9.283965647318476
17.95066079295154 8.318104928852819
17.95066079295154 8.318104928852819
17.34237288135593 8.716790798628885
17.95066079295154 8.318104928852819
17.34237288135593 8.716790798628885
16.8655737704918 8.95531503040168
17.95066079295154 8.318104928852819
17.476923076923075 8.630371580034515
16.98181818181818 8.900106787361953
16.75121951219512 9.007831875548957
16.75121951219512 9.007831875548957
16.808163265306117 8.981901001792298
16.75121951219512 9.007831875548957
16.55421686746988 9.13192864471934
16.41593625498008 9.226036312294529
4. iteration: 


===============================================================================
                                     CVXPY                                     
                                    v1.1.18                                    
===============================================================================
(CVXPY) Mar 03 11:14:15 PM: Your problem has 442000 variables, 1199760 constraints, and 0 parameters.
(CVXPY) Mar 03 11:14:40 PM: It is compliant with the following grammars: DCP, DQCP
(CVXPY) Mar 03 11:14:40 PM: (If you need to solve this problem multiple times, but with different data, consider using parameters.)
(CVXPY) Mar 03 11:14:40 PM: CVXPY will first compile your problem; then, it will invoke a numerical solver to obtain a solution.
-------------------------------------------------------------------------------
                                  Compilation                                  
-------------------------------------------------------------------------------
(CVXPY) Mar 03 11:15:20 PM: Compiling problem (target solver=GUROBI).
(CVXPY) Mar 03 11:15:20 PM: Reduction chain: FlipObjective -> CvxAttr2Constr -> Qp2SymbolicQp -> QpMatrixStuffing -> GUROBI
(CVXPY) Mar 03 11:15:20 PM: Applying reduction FlipObjective
(CVXPY) Mar 03 11:15:20 PM: Applying reduction CvxAttr2Constr
(CVXPY) Mar 03 11:15:26 PM: Applying reduction Qp2SymbolicQp
(CVXPY) Mar 03 11:17:04 PM: Applying reduction QpMatrixStuffing
(CVXPY) Mar 04 01:07:49 AM: Applying reduction GUROBI
(CVXPY) Mar 04 01:07:56 AM: Finished problem compilation (took 6.796e+03 seconds).
-------------------------------------------------------------------------------
                                Numerical solver                               
-------------------------------------------------------------------------------
(CVXPY) Mar 04 01:07:56 AM: Invoking solver GUROBI  to obtain a solution.
Parameter OutputFlag unchanged
   Value: 1  Min: 0  Max: 1  Default: 1
Changed value of parameter QCPDual to 1
   Prev: 0  Min: 0  Max: 1  Default: 0
Changed value of parameter MIPGAP to 0.01
   Prev: 0.0001  Min: 0.0  Max: inf  Default: 0.0001
Changed value of parameter TimeLimit to 1200.0
   Prev: inf  Min: 0.0  Max: inf  Default: inf
Gurobi Optimizer version 9.1.2 build v9.1.2rc0 (linux64)
Thread count: 64 physical cores, 128 logical processors, using up to 32 threads
Optimize a model with 1199760 rows, 442000 columns and 3196560 nonzeros
Model fingerprint: 0x32190a91
Variable types: 0 continuous, 442000 integer (442000 binary)
Coefficient statistics:
  Matrix range     [1e+00, 1e+00]
  Objective range  [1e+00, 1e+00]
  Bounds range     [1e+00, 1e+00]
  RHS range        [1e+00, 2e+01]
Found heuristic solution: objective 0.0000000
Presolve removed 1167458 rows and 422519 columns
Presolve time: 0.66s
Presolved: 32302 rows, 19481 columns, 92445 nonzeros
Variable types: 0 continuous, 19481 integer (18828 binary)

Root relaxation: objective -6.311000e+03, 14390 iterations, 0.13 seconds

    Nodes    |    Current Node    |     Objective Bounds      |     Work
 Expl Unexpl |  Obj  Depth IntInf | Incumbent    BestBd   Gap | It/Node Time

*    0     0               0    -6311.000000 -6311.0000  0.00%     -    1s

Explored 0 nodes (19334 simplex iterations) in 1.12 seconds
Thread count was 32 (of 128 available processors)

Solution count 2: -6311 0 
No other solutions better than -6311

Optimal solution found (tolerance 1.00e-02)
Best objective -6.311000000000e+03, best bound -6.311000000000e+03, gap 0.0000%
-------------------------------------------------------------------------------
                                    Summary                                    
-------------------------------------------------------------------------------
(CVXPY) Mar 04 01:08:09 AM: Problem status: optimal
(CVXPY) Mar 04 01:08:09 AM: Optimal value: 6.311e+03
(CVXPY) Mar 04 01:08:09 AM: Compilation took 6.796e+03 seconds
(CVXPY) Mar 04 01:08:09 AM: Solver (including time spent in interface) took 8.131e+00 seconds

 APRX. VALUES: 

6.2064516129032254 1.8057141351778996
5.457142857142856 2.592768593529287
5.4399999999999995 3.5108973211986703
6.518681318681319 3.966228648180915
9.228571428571426 3.7247106448360654
9.343396226415093 4.586177321900047
10.510638297872338 5.533773828416299
12.009638554216869 6.28556607102434
13.985185185185184 6.2206170769111235
14.8734693877551 7.404873616036336
14.856872037914691 7.901178007900826
16.126315789473686 8.447038852400363
16.791489361702126 8.676224048469964
16.567901234567902 8.909944882961167
16.14588235294117 9.401245886660623
17.95066079295154 8.318104928852819
17.95066079295154 8.318104928852819
17.34237288135593 8.716790798628885
17.95066079295154 8.318104928852819
17.34237288135593 8.716790798628885
16.8655737704918 8.95531503040168
17.95066079295154 8.318104928852819
17.95066079295154 8.318104928852819
17.34237288135593 8.716790798628885
16.60967741935484 9.10837455272432
16.75121951219512 9.007831875548957
16.808163265306117 8.981901001792298
16.55421686746988 9.13192864471934
16.75121951219512 9.007831875548957
16.75121951219512 9.007831875548957
18.41643835616438 8.09706548735244
17.099999999999998 8.842058583836684


{(24, False): (2397520, -4440.0, 13.294647342845593), (26, False): (2597280, -4906.0, 12.950096650241482), (28, False): (2797040, -5420.0, 12.592320548240572), (30, False): (2996800, -5872.0, 12.4120092692773), (32, False): (3196560, -6311.0, 12.365382082319464)}
SYMMETRY




0. iteration: 


===============================================================================
                                     CVXPY                                     
                                    v1.1.18                                    
===============================================================================
(CVXPY) Mar 04 01:09:45 AM: Your problem has 331600 variables, 918160 constraints, and 0 parameters.
(CVXPY) Mar 04 01:10:05 AM: It is compliant with the following grammars: DCP, DQCP
(CVXPY) Mar 04 01:10:05 AM: (If you need to solve this problem multiple times, but with different data, consider using parameters.)
(CVXPY) Mar 04 01:10:05 AM: CVXPY will first compile your problem; then, it will invoke a numerical solver to obtain a solution.
-------------------------------------------------------------------------------
                                  Compilation                                  
-------------------------------------------------------------------------------
(CVXPY) Mar 04 01:10:35 AM: Compiling problem (target solver=GUROBI).
(CVXPY) Mar 04 01:10:35 AM: Reduction chain: FlipObjective -> CvxAttr2Constr -> Qp2SymbolicQp -> QpMatrixStuffing -> GUROBI
(CVXPY) Mar 04 01:10:35 AM: Applying reduction FlipObjective
(CVXPY) Mar 04 01:10:35 AM: Applying reduction CvxAttr2Constr
(CVXPY) Mar 04 01:10:40 AM: Applying reduction Qp2SymbolicQp
(CVXPY) Mar 04 01:11:46 AM: Applying reduction QpMatrixStuffing
(CVXPY) Mar 04 02:06:32 AM: Applying reduction GUROBI
(CVXPY) Mar 04 02:06:37 AM: Finished problem compilation (took 3.393e+03 seconds).
-------------------------------------------------------------------------------
                                Numerical solver                               
-------------------------------------------------------------------------------
(CVXPY) Mar 04 02:06:37 AM: Invoking solver GUROBI  to obtain a solution.
Parameter OutputFlag unchanged
   Value: 1  Min: 0  Max: 1  Default: 1
Changed value of parameter QCPDual to 1
   Prev: 0  Min: 0  Max: 1  Default: 0
Changed value of parameter MIPGAP to 0.01
   Prev: 0.0001  Min: 0.0  Max: inf  Default: 0.0001
Changed value of parameter TimeLimit to 1200.0
   Prev: inf  Min: 0.0  Max: inf  Default: inf
Gurobi Optimizer version 9.1.2 build v9.1.2rc0 (linux64)
Thread count: 64 physical cores, 128 logical processors, using up to 32 threads
Optimize a model with 918160 rows, 331600 columns and 2434000 nonzeros
Model fingerprint: 0xd1016fad
Variable types: 0 continuous, 331600 integer (331600 binary)
Coefficient statistics:
  Matrix range     [1e+00, 1e+00]
  Objective range  [1e+00, 1e+00]
  Bounds range     [1e+00, 1e+00]
  RHS range        [1e+00, 2e+01]
Found heuristic solution: objective 0.0000000
Presolve removed 884612 rows and 314474 columns
Presolve time: 0.89s
Presolved: 33548 rows, 17126 columns, 91161 nonzeros
Variable types: 0 continuous, 17126 integer (17126 binary)

Root relaxation: objective -4.440000e+03, 12422 iterations, 0.11 seconds

    Nodes    |    Current Node    |     Objective Bounds      |     Work
 Expl Unexpl |  Obj  Depth IntInf | Incumbent    BestBd   Gap | It/Node Time

H    0     0                    -4440.000000 -4440.0000  0.00%     -    1s
     0     0 -4440.0000    0   13 -4440.0000 -4440.0000  0.00%     -    1s

Explored 0 nodes (12422 simplex iterations) in 1.14 seconds
Thread count was 32 (of 128 available processors)

Solution count 2: -4440 0 
No other solutions better than -4440

Optimal solution found (tolerance 1.00e-02)
Best objective -4.440000000000e+03, best bound -4.440000000000e+03, gap 0.0000%
-------------------------------------------------------------------------------
                                    Summary                                    
-------------------------------------------------------------------------------
(CVXPY) Mar 04 02:06:47 AM: Problem status: optimal
(CVXPY) Mar 04 02:06:47 AM: Optimal value: 4.440e+03
(CVXPY) Mar 04 02:06:47 AM: Compilation took 3.393e+03 seconds
(CVXPY) Mar 04 02:06:47 AM: Solver (including time spent in interface) took 6.537e+00 seconds

 APRX. VALUES: 

6.4923076923076914 1.7899125627383368
5.583999999999999 2.688
5.287804878048781 3.6038052464874335
6.2153846153846155 4.271163803541886
9.556521739130433 3.7269670717455012
9.789473684210527 4.742406088945291
10.816326530612246 5.623251544630925
11.954491017964072 6.306870187920835
14.145454545454543 6.663927812056304
14.752475247524753 7.581799390115883
14.972197309417039 8.299621154928042
16.375652173913043 8.52777142307616
16.97435897435897 8.65038069263704
16.567901234567902 8.909944882961167
16.493548387096773 9.100104057677687
17.95066079295154 8.318104928852819
17.95066079295154 8.318104928852819
17.34237288135593 8.716790798628885
18.063999999999997 8.267279117097717
17.34237288135593 8.716790798628885
16.8655737704918 8.95531503040168
17.95066079295154 8.318104928852819
17.34237288135593 8.716790798628885
16.8655737704918 8.95531503040168


1. iteration: 


===============================================================================
                                     CVXPY                                     
                                    v1.1.18                                    
===============================================================================
(CVXPY) Mar 04 02:08:31 AM: Your problem has 359200 variables, 994640 constraints, and 0 parameters.
(CVXPY) Mar 04 02:08:52 AM: It is compliant with the following grammars: DCP, DQCP
(CVXPY) Mar 04 02:08:52 AM: (If you need to solve this problem multiple times, but with different data, consider using parameters.)
(CVXPY) Mar 04 02:08:52 AM: CVXPY will first compile your problem; then, it will invoke a numerical solver to obtain a solution.
-------------------------------------------------------------------------------
                                  Compilation                                  
-------------------------------------------------------------------------------
(CVXPY) Mar 04 02:09:25 AM: Compiling problem (target solver=GUROBI).
(CVXPY) Mar 04 02:09:25 AM: Reduction chain: FlipObjective -> CvxAttr2Constr -> Qp2SymbolicQp -> QpMatrixStuffing -> GUROBI
(CVXPY) Mar 04 02:09:25 AM: Applying reduction FlipObjective
(CVXPY) Mar 04 02:09:25 AM: Applying reduction CvxAttr2Constr
(CVXPY) Mar 04 02:09:30 AM: Applying reduction Qp2SymbolicQp
(CVXPY) Mar 04 02:10:50 AM: Applying reduction QpMatrixStuffing
(CVXPY) Mar 04 03:08:36 AM: Applying reduction GUROBI
(CVXPY) Mar 04 03:08:42 AM: Finished problem compilation (took 3.590e+03 seconds).
-------------------------------------------------------------------------------
                                Numerical solver                               
-------------------------------------------------------------------------------
(CVXPY) Mar 04 03:08:42 AM: Invoking solver GUROBI  to obtain a solution.
Parameter OutputFlag unchanged
   Value: 1  Min: 0  Max: 1  Default: 1
Changed value of parameter QCPDual to 1
   Prev: 0  Min: 0  Max: 1  Default: 0
Changed value of parameter MIPGAP to 0.01
   Prev: 0.0001  Min: 0.0  Max: inf  Default: 0.0001
Changed value of parameter TimeLimit to 1200.0
   Prev: inf  Min: 0.0  Max: inf  Default: inf
Gurobi Optimizer version 9.1.2 build v9.1.2rc0 (linux64)
Thread count: 64 physical cores, 128 logical processors, using up to 32 threads
Optimize a model with 994640 rows, 359200 columns and 2636800 nonzeros
Model fingerprint: 0x3b979a5d
Variable types: 0 continuous, 359200 integer (359200 binary)
Coefficient statistics:
  Matrix range     [1e+00, 1e+00]
  Objective range  [1e+00, 1e+00]
  Bounds range     [1e+00, 1e+00]
  RHS range        [1e+00, 2e+01]
Found heuristic solution: objective 0.0000000
Presolve removed 957527 rows and 340245 columns
Presolve time: 0.90s
Presolved: 37113 rows, 18955 columns, 100843 nonzeros
Variable types: 0 continuous, 18955 integer (18955 binary)

Deterministic concurrent LP optimizer: primal and dual simplex
Showing first log only...

Concurrent spin time: 0.00s

Solved with dual simplex

Root relaxation: objective -4.906000e+03, 13641 iterations, 0.21 seconds

    Nodes    |    Current Node    |     Objective Bounds      |     Work
 Expl Unexpl |  Obj  Depth IntInf | Incumbent    BestBd   Gap | It/Node Time

H    0     0                    -4906.000000 -4906.0000  0.00%     -    1s
     0     0 -4906.0000    0   28 -4906.0000 -4906.0000  0.00%     -    1s

Explored 0 nodes (13641 simplex iterations) in 1.26 seconds
Thread count was 32 (of 128 available processors)

Solution count 2: -4906 0 
No other solutions better than -4906

Optimal solution found (tolerance 1.00e-02)
Best objective -4.906000000000e+03, best bound -4.906000000000e+03, gap 0.0000%
-------------------------------------------------------------------------------
                                    Summary                                    
-------------------------------------------------------------------------------
(CVXPY) Mar 04 03:08:53 AM: Problem status: optimal
(CVXPY) Mar 04 03:08:53 AM: Optimal value: 4.906e+03
(CVXPY) Mar 04 03:08:53 AM: Compilation took 3.590e+03 seconds
(CVXPY) Mar 04 03:08:53 AM: Solver (including time spent in interface) took 7.013e+00 seconds

 APRX. VALUES: 

6.2064516129032254 1.8057141351778996
5.457142857142856 2.592768593529287
5.287804878048781 3.6038052464874335
6.31340206185567 4.179173421602746
9.525274725274723 3.7353845119342868
10.116129032258064 4.951057024592832
10.826490066225167 5.714564893215886
11.954491017964072 6.306870187920835
14.097560975609756 6.2661493915722675
14.824615384615385 7.392262706979107
14.856872037914691 7.901178007900826
16.248648648648647 8.27806027748248
16.906550218340612 8.47946406363221
16.557322175732217 8.788544437581757
16.219047619047622 9.283965647318476
17.95066079295154 8.318104928852819
17.95066079295154 8.318104928852819
17.34237288135593 8.716790798628885
17.95066079295154 8.318104928852819
17.34237288135593 8.716790798628885
16.8655737704918 8.95531503040168
17.95066079295154 8.318104928852819
17.476923076923075 8.630371580034515
16.98181818181818 8.900106787361953
16.55421686746988 9.13192864471934
16.75121951219512 9.007831875548957


2. iteration: 


===============================================================================
                                     CVXPY                                     
                                    v1.1.18                                    
===============================================================================
(CVXPY) Mar 04 03:10:41 AM: Your problem has 386800 variables, 1071120 constraints, and 0 parameters.
(CVXPY) Mar 04 03:11:04 AM: It is compliant with the following grammars: DCP, DQCP
(CVXPY) Mar 04 03:11:04 AM: (If you need to solve this problem multiple times, but with different data, consider using parameters.)
(CVXPY) Mar 04 03:11:04 AM: CVXPY will first compile your problem; then, it will invoke a numerical solver to obtain a solution.
-------------------------------------------------------------------------------
                                  Compilation                                  
-------------------------------------------------------------------------------
(CVXPY) Mar 04 03:11:39 AM: Compiling problem (target solver=GUROBI).
(CVXPY) Mar 04 03:11:39 AM: Reduction chain: FlipObjective -> CvxAttr2Constr -> Qp2SymbolicQp -> QpMatrixStuffing -> GUROBI
(CVXPY) Mar 04 03:11:39 AM: Applying reduction FlipObjective
(CVXPY) Mar 04 03:11:39 AM: Applying reduction CvxAttr2Constr
(CVXPY) Mar 04 03:11:44 AM: Applying reduction Qp2SymbolicQp
(CVXPY) Mar 04 03:13:10 AM: Applying reduction QpMatrixStuffing
(CVXPY) Mar 04 04:19:21 AM: Applying reduction GUROBI
(CVXPY) Mar 04 04:19:28 AM: Finished problem compilation (took 4.104e+03 seconds).
-------------------------------------------------------------------------------
                                Numerical solver                               
-------------------------------------------------------------------------------
(CVXPY) Mar 04 04:19:28 AM: Invoking solver GUROBI  to obtain a solution.
Parameter OutputFlag unchanged
   Value: 1  Min: 0  Max: 1  Default: 1
Changed value of parameter QCPDual to 1
   Prev: 0  Min: 0  Max: 1  Default: 0
Changed value of parameter MIPGAP to 0.01
   Prev: 0.0001  Min: 0.0  Max: inf  Default: 0.0001
Changed value of parameter TimeLimit to 1200.0
   Prev: inf  Min: 0.0  Max: inf  Default: inf
Gurobi Optimizer version 9.1.2 build v9.1.2rc0 (linux64)
Thread count: 64 physical cores, 128 logical processors, using up to 32 threads
Optimize a model with 1071120 rows, 386800 columns and 2839600 nonzeros
Model fingerprint: 0x74a3ae94
Variable types: 0 continuous, 386800 integer (386800 binary)
Coefficient statistics:
  Matrix range     [1e+00, 1e+00]
  Objective range  [1e+00, 1e+00]
  Bounds range     [1e+00, 1e+00]
  RHS range        [1e+00, 2e+01]
Found heuristic solution: objective 0.0000000
Presolve removed 1029964 rows and 365819 columns
Presolve time: 0.99s
Presolved: 41156 rows, 20981 columns, 111847 nonzeros
Variable types: 0 continuous, 20981 integer (20981 binary)

Deterministic concurrent LP optimizer: primal and dual simplex
Showing first log only...

Concurrent spin time: 0.00s

Solved with dual simplex

Root relaxation: objective -5.420000e+03, 14952 iterations, 0.24 seconds

    Nodes    |    Current Node    |     Objective Bounds      |     Work
 Expl Unexpl |  Obj  Depth IntInf | Incumbent    BestBd   Gap | It/Node Time

H    0     0                    -5420.000000 -5420.0000  0.00%     -    1s
     0     0 -5420.0000    0   69 -5420.0000 -5420.0000  0.00%     -    1s

Explored 0 nodes (14952 simplex iterations) in 1.40 seconds
Thread count was 32 (of 128 available processors)

Solution count 2: -5420 0 
No other solutions better than -5420

Optimal solution found (tolerance 1.00e-02)
Best objective -5.420000000000e+03, best bound -5.420000000000e+03, gap 0.0000%
-------------------------------------------------------------------------------
                                    Summary                                    
-------------------------------------------------------------------------------
(CVXPY) Mar 04 04:19:39 AM: Problem status: optimal
(CVXPY) Mar 04 04:19:39 AM: Optimal value: 5.420e+03
(CVXPY) Mar 04 04:19:39 AM: Compilation took 4.104e+03 seconds
(CVXPY) Mar 04 04:19:39 AM: Solver (including time spent in interface) took 7.521e+00 seconds

 APRX. VALUES: 

6.2064516129032254 1.8057141351778996
5.457142857142856 2.592768593529287
5.287804878048781 3.6038052464874335
6.2153846153846155 4.271163803541886
9.223529411764705 4.186185883251596
9.565217391304348 5.368394521209271
10.826490066225167 5.714564893215886
12.009638554216869 6.28556607102434
13.668789808917197 6.048328226180842
14.495238095238095 7.2673094641739695
14.742583732057415 7.851623732592148
16.186666666666667 8.36432636591588
16.791489361702126 8.676224048469964
16.69061224489796 8.976001657063415
16.75121951219512 9.007831875548957
17.95066079295154 8.318104928852819
17.95066079295154 8.318104928852819
17.34237288135593 8.716790798628885
17.95066079295154 8.318104928852819
17.476923076923075 8.630371580034515
16.98181818181818 8.900106787361953
17.95066079295154 8.318104928852819
17.34237288135593 8.716790798628885
16.8655737704918 8.95531503040168
16.75121951219512 9.007831875548957
16.75121951219512 9.007831875548957
16.75121951219512 9.007831875548957
16.75121951219512 9.007831875548957


3. iteration: 


===============================================================================
                                     CVXPY                                     
                                    v1.1.18                                    
===============================================================================
(CVXPY) Mar 04 04:21:50 AM: Your problem has 414400 variables, 1147600 constraints, and 0 parameters.
(CVXPY) Mar 04 04:22:14 AM: It is compliant with the following grammars: DCP, DQCP
(CVXPY) Mar 04 04:22:14 AM: (If you need to solve this problem multiple times, but with different data, consider using parameters.)
(CVXPY) Mar 04 04:22:14 AM: CVXPY will first compile your problem; then, it will invoke a numerical solver to obtain a solution.
-------------------------------------------------------------------------------
                                  Compilation                                  
-------------------------------------------------------------------------------
(CVXPY) Mar 04 04:22:51 AM: Compiling problem (target solver=GUROBI).
(CVXPY) Mar 04 04:22:51 AM: Reduction chain: FlipObjective -> CvxAttr2Constr -> Qp2SymbolicQp -> QpMatrixStuffing -> GUROBI
(CVXPY) Mar 04 04:22:51 AM: Applying reduction FlipObjective
(CVXPY) Mar 04 04:22:51 AM: Applying reduction CvxAttr2Constr
(CVXPY) Mar 04 04:22:57 AM: Applying reduction Qp2SymbolicQp
(CVXPY) Mar 04 04:24:18 AM: Applying reduction QpMatrixStuffing
(CVXPY) Mar 04 05:39:59 AM: Applying reduction GUROBI
(CVXPY) Mar 04 05:40:06 AM: Finished problem compilation (took 4.672e+03 seconds).
-------------------------------------------------------------------------------
                                Numerical solver                               
-------------------------------------------------------------------------------
(CVXPY) Mar 04 05:40:06 AM: Invoking solver GUROBI  to obtain a solution.
Parameter OutputFlag unchanged
   Value: 1  Min: 0  Max: 1  Default: 1
Changed value of parameter QCPDual to 1
   Prev: 0  Min: 0  Max: 1  Default: 0
Changed value of parameter MIPGAP to 0.01
   Prev: 0.0001  Min: 0.0  Max: inf  Default: 0.0001
Changed value of parameter TimeLimit to 1200.0
   Prev: inf  Min: 0.0  Max: inf  Default: inf
Gurobi Optimizer version 9.1.2 build v9.1.2rc0 (linux64)
Thread count: 64 physical cores, 128 logical processors, using up to 32 threads
Optimize a model with 1147600 rows, 414400 columns and 3042400 nonzeros
Model fingerprint: 0x3634de35
Variable types: 0 continuous, 414400 integer (414400 binary)
Coefficient statistics:
  Matrix range     [1e+00, 1e+00]
  Objective range  [1e+00, 1e+00]
  Bounds range     [1e+00, 1e+00]
  RHS range        [1e+00, 2e+01]
Found heuristic solution: objective 0.0000000
Presolve removed 1103184 rows and 391743 columns
Presolve time: 1.11s
Presolved: 44416 rows, 22657 columns, 120706 nonzeros
Variable types: 0 continuous, 22657 integer (22657 binary)

Deterministic concurrent LP optimizer: primal and dual simplex (primal and dual model)
Showing first log only...

Presolved: 44416 rows, 22657 columns, 120706 nonzeros

Concurrent spin time: 0.00s

Solved with dual simplex (primal model)

Root relaxation: objective -5.872000e+03, 16173 iterations, 0.52 seconds

    Nodes    |    Current Node    |     Objective Bounds      |     Work
 Expl Unexpl |  Obj  Depth IntInf | Incumbent    BestBd   Gap | It/Node Time

H    0     0                    -5872.000000 -5872.0000  0.00%     -    1s
     0     0 -5872.0000    0   30 -5872.0000 -5872.0000  0.00%     -    1s

Explored 0 nodes (16173 simplex iterations) in 1.84 seconds
Thread count was 32 (of 128 available processors)

Solution count 2: -5872 0 
No other solutions better than -5872

Optimal solution found (tolerance 1.00e-02)
Best objective -5.872000000000e+03, best bound -5.872000000000e+03, gap 0.0000%
-------------------------------------------------------------------------------
                                    Summary                                    
-------------------------------------------------------------------------------
(CVXPY) Mar 04 05:40:19 AM: Problem status: optimal
(CVXPY) Mar 04 05:40:19 AM: Optimal value: 5.872e+03
(CVXPY) Mar 04 05:40:19 AM: Compilation took 4.672e+03 seconds
(CVXPY) Mar 04 05:40:19 AM: Solver (including time spent in interface) took 8.442e+00 seconds

 APRX. VALUES: 

6.2064516129032254 1.8057141351778996
5.457142857142856 2.592768593529287
5.482352941176471 3.6890035788603255
6.4972972972972975 4.4146247421855715
9.668085106382978 3.7639446478270426
9.567567567567567 4.603527088096694
10.510638297872338 5.533773828416299
12.065454545454545 6.263435542367178
13.668789808917197 6.048328226180842
14.54736842105263 7.283504681347661
14.742583732057415 7.851623732592148
16.126315789473686 8.447038852400363
17.114285714285714 8.263764028478024
16.791489361702126 8.676224048469964
16.219047619047622 9.283965647318476
17.95066079295154 8.318104928852819
17.95066079295154 8.318104928852819
17.34237288135593 8.716790798628885
17.95066079295154 8.318104928852819
17.34237288135593 8.716790798628885
16.8655737704918 8.95531503040168
17.95066079295154 8.318104928852819
17.476923076923075 8.630371580034515
16.98181818181818 8.900106787361953
16.75121951219512 9.007831875548957
16.75121951219512 9.007831875548957
16.808163265306117 8.981901001792298
16.75121951219512 9.007831875548957
16.55421686746988 9.13192864471934
16.41593625498008 9.226036312294529


4. iteration: 


===============================================================================
                                     CVXPY                                     
                                    v1.1.18                                    
===============================================================================
(CVXPY) Mar 04 05:42:37 AM: Your problem has 442000 variables, 1224080 constraints, and 0 parameters.
(CVXPY) Mar 04 05:43:03 AM: It is compliant with the following grammars: DCP, DQCP
(CVXPY) Mar 04 05:43:03 AM: (If you need to solve this problem multiple times, but with different data, consider using parameters.)
(CVXPY) Mar 04 05:43:03 AM: CVXPY will first compile your problem; then, it will invoke a numerical solver to obtain a solution.
-------------------------------------------------------------------------------
                                  Compilation                                  
-------------------------------------------------------------------------------
(CVXPY) Mar 04 05:43:43 AM: Compiling problem (target solver=GUROBI).
(CVXPY) Mar 04 05:43:43 AM: Reduction chain: FlipObjective -> CvxAttr2Constr -> Qp2SymbolicQp -> QpMatrixStuffing -> GUROBI
(CVXPY) Mar 04 05:43:43 AM: Applying reduction FlipObjective
(CVXPY) Mar 04 05:43:43 AM: Applying reduction CvxAttr2Constr
(CVXPY) Mar 04 05:43:49 AM: Applying reduction Qp2SymbolicQp
(CVXPY) Mar 04 05:45:17 AM: Applying reduction QpMatrixStuffing
(CVXPY) Mar 04 07:40:29 AM: Applying reduction GUROBI
(CVXPY) Mar 04 07:40:37 AM: Finished problem compilation (took 7.053e+03 seconds).
-------------------------------------------------------------------------------
                                Numerical solver                               
-------------------------------------------------------------------------------
(CVXPY) Mar 04 07:40:37 AM: Invoking solver GUROBI  to obtain a solution.
Parameter OutputFlag unchanged
   Value: 1  Min: 0  Max: 1  Default: 1
Changed value of parameter QCPDual to 1
   Prev: 0  Min: 0  Max: 1  Default: 0
Changed value of parameter MIPGAP to 0.01
   Prev: 0.0001  Min: 0.0  Max: inf  Default: 0.0001
Changed value of parameter TimeLimit to 1200.0
   Prev: inf  Min: 0.0  Max: inf  Default: inf
Gurobi Optimizer version 9.1.2 build v9.1.2rc0 (linux64)
Thread count: 64 physical cores, 128 logical processors, using up to 32 threads
Optimize a model with 1224080 rows, 442000 columns and 3245200 nonzeros
Model fingerprint: 0x468b65ff
Variable types: 0 continuous, 442000 integer (442000 binary)
Coefficient statistics:
  Matrix range     [1e+00, 1e+00]
  Objective range  [1e+00, 1e+00]
  Bounds range     [1e+00, 1e+00]
  RHS range        [1e+00, 2e+01]
Found heuristic solution: objective 0.0000000
Presolve removed 1176140 rows and 417582 columns
Presolve time: 1.14s
Presolved: 47940 rows, 24418 columns, 130279 nonzeros
Variable types: 0 continuous, 24418 integer (24418 binary)

Deterministic concurrent LP optimizer: primal and dual simplex (primal and dual model)
Showing first log only...

Presolved: 47940 rows, 24418 columns, 130279 nonzeros

Concurrent spin time: 0.00s

Solved with dual simplex (primal model)

Root relaxation: objective -6.311000e+03, 17039 iterations, 0.63 seconds

    Nodes    |    Current Node    |     Objective Bounds      |     Work
 Expl Unexpl |  Obj  Depth IntInf | Incumbent    BestBd   Gap | It/Node Time

H    0     0                    -6311.000000 -6311.0000  0.00%     -    1s
     0     0 -6311.0000    0   29 -6311.0000 -6311.0000  0.00%     -    1s

Explored 0 nodes (17039 simplex iterations) in 2.01 seconds
Thread count was 32 (of 128 available processors)

Solution count 2: -6311 0 
No other solutions better than -6311

Optimal solution found (tolerance 1.00e-02)
Best objective -6.311000000000e+03, best bound -6.311000000000e+03, gap 0.0000%
-------------------------------------------------------------------------------
                                    Summary                                    
-------------------------------------------------------------------------------
(CVXPY) Mar 04 07:40:50 AM: Problem status: optimal
(CVXPY) Mar 04 07:40:50 AM: Optimal value: 6.311e+03
(CVXPY) Mar 04 07:40:50 AM: Compilation took 7.053e+03 seconds
(CVXPY) Mar 04 07:40:50 AM: Solver (including time spent in interface) took 9.099e+00 seconds

 APRX. VALUES: 

6.2064516129032254 1.8057141351778996
5.457142857142856 2.592768593529287
5.4399999999999995 3.5108973211986703
6.518681318681319 3.966228648180915
9.228571428571426 3.7247106448360654
9.343396226415093 4.586177321900047
10.510638297872338 5.533773828416299
12.009638554216869 6.28556607102434
13.985185185185184 6.2206170769111235
14.8734693877551 7.404873616036336
14.856872037914691 7.901178007900826
16.126315789473686 8.447038852400363
16.791489361702126 8.676224048469964
16.567901234567902 8.909944882961167
16.14588235294117 9.401245886660623
17.95066079295154 8.318104928852819
17.95066079295154 8.318104928852819
17.34237288135593 8.716790798628885
17.95066079295154 8.318104928852819
17.34237288135593 8.716790798628885
16.8655737704918 8.95531503040168
17.95066079295154 8.318104928852819
17.95066079295154 8.318104928852819
17.34237288135593 8.716790798628885
16.60967741935484 9.10837455272432
16.75121951219512 9.007831875548957
16.808163265306117 8.981901001792298
16.55421686746988 9.13192864471934
16.75121951219512 9.007831875548957
16.75121951219512 9.007831875548957
18.41643835616438 8.09706548735244
17.099999999999998 8.842058583836684

NON-symmetry:

[[16.86557377  8.95531503]
 [16.75121951  9.00783188]
 [16.75121951  9.00783188]
 [16.41593625  9.22603631]
 [17.1         8.84205858]]

symmetry:

[[16.86557377  8.95531503]
 [16.75121951  9.00783188]
 [16.75121951  9.00783188]
 [16.41593625  9.22603631]
 [17.1         8.84205858]]

GROUND-TRUTH:

[[9.16108301 3.36515844]
 [9.17467913 3.63427561]
 [9.37318392 3.79354692]
 [9.3152977  3.9146656 ]
 [9.88255022 3.69412628]]

 no symmetry DIFF:

[[7.70449076 5.59015659]
 [7.57654038 5.37355627]
 [7.37803559 5.21428495]
 [7.10063856 5.31137071]
 [7.21744978 5.14793231]]

symmetry DIFF:

[[7.70449076 5.59015659]
 [7.57654038 5.37355627]
 [7.37803559 5.21428495]
 [7.10063856 5.31137071]
 [7.21744978 5.14793231]]


{(24, False): (2397520, -4440.0, 13.294647342845593), (26, False): (2597280, -4906.0, 12.950096650241482), (28, False): (2797040, -5420.0, 12.592320548240572), (30, False): (2996800, -5872.0, 12.4120092692773), (32, False): (3196560, -6311.0, 12.365382082319464), (24, True): (2434000, -4440.0, 13.294647342845593), (26, True): (2636800, -4906.0, 12.950096650241482), (28, True): (2839600, -5420.0, 12.592320548240572), (30, True): (3042400, -5872.0, 12.4120092692773), (32, True): (3245200, -6311.0, 12.365382082319464)}




{(8, False): (799440, -800.0, 8.293076267674818), (10, False): (999200, -1139.0, 11.779530185589529), (12, False): (1198960, -1627.0, 13.87586580781219), (14, False): (1398720, -2089.0, 14.689285268665731), (16, False): (1598480, -2575.0, 14.928803259756984), (18, False): (1798240, -3071.0, 14.304471811631865), (20, False): (1998000, -3501.0, 14.117602905168319), (22, False): (2197760, -3945.0, 14.006152264794746), (8, True): (811600, -800.0, 8.293076267674818), (10, True): (1014400, -1139.0, 11.779530185589529), (12, True): (1217200, -1627.0, 13.87586580781219), (14, True): (1420000, -2089.0, 14.689285268665731), (16, True): (1622800, -2575.0, 14.928803259756984), (18, True): (1825600, -3071.0, 14.304471811631865), (20, True): (2028400, -3501.0, 14.117602905168319), (22, True): (2231200, -3945.0, 14.006152264794746), (24, False): (2397520, -4440.0, 13.294647342845593), (26, False): (2597280, -4906.0, 12.950096650241482), (28, False): (2797040, -5420.0, 12.592320548240572), (30, False): (2996800, -5872.0, 12.4120092692773), (32, False): (3196560, -6311.0, 12.365382082319464), (24, True): (2434000, -4440.0, 13.294647342845593), (26, True): (2636800, -4906.0, 12.950096650241482), (28, True): (2839600, -5420.0, 12.592320548240572), (30, True): (3042400, -5872.0, 12.4120092692773), (32, True): (3245200, -6311.0, 12.365382082319464)}
