

NO SYMMETRY


0. iteration: 


===============================================================================
                                     CVXPY                                     
                                    v1.1.18                                    
===============================================================================
(CVXPY) Mar 04 03:45:21 PM: Your problem has 414400 variables, 1124800 constraints, and 0 parameters.
(CVXPY) Mar 04 03:45:46 PM: It is compliant with the following grammars: DCP, DQCP
(CVXPY) Mar 04 03:45:46 PM: (If you need to solve this problem multiple times, but with different data, consider using parameters.)
(CVXPY) Mar 04 03:45:46 PM: CVXPY will first compile your problem; then, it will invoke a numerical solver to obtain a solution.
-------------------------------------------------------------------------------
                                  Compilation                                  
-------------------------------------------------------------------------------
(CVXPY) Mar 04 03:46:22 PM: Compiling problem (target solver=GUROBI).
(CVXPY) Mar 04 03:46:22 PM: Reduction chain: FlipObjective -> CvxAttr2Constr -> Qp2SymbolicQp -> QpMatrixStuffing -> GUROBI
(CVXPY) Mar 04 03:46:22 PM: Applying reduction FlipObjective
(CVXPY) Mar 04 03:46:23 PM: Applying reduction CvxAttr2Constr
(CVXPY) Mar 04 03:46:29 PM: Applying reduction Qp2SymbolicQp
(CVXPY) Mar 04 03:48:02 PM: Applying reduction QpMatrixStuffing
(CVXPY) Mar 04 05:35:06 PM: Applying reduction GUROBI
(CVXPY) Mar 04 05:35:13 PM: Finished problem compilation (took 6.567e+03 seconds).
-------------------------------------------------------------------------------
                                Numerical solver                               
-------------------------------------------------------------------------------
(CVXPY) Mar 04 05:35:13 PM: Invoking solver GUROBI  to obtain a solution.
Using license file /mnt/appl/software/Gurobi/9.1.2-GCCcore-10.2.0/gurobi.lic
Set parameter TokenServer to value 147.32.84.36
Parameter OutputFlag unchanged
   Value: 1  Min: 0  Max: 1  Default: 1
Changed value of parameter QCPDual to 1
   Prev: 0  Min: 0  Max: 1  Default: 0
Changed value of parameter MIPGAP to 0.01
   Prev: 0.0001  Min: 0.0  Max: inf  Default: 0.0001
Changed value of parameter TimeLimit to 1200.0
   Prev: inf  Min: 0.0  Max: inf  Default: inf
Gurobi Optimizer version 9.1.2 build v9.1.2rc0 (linux64)
Thread count: 64 physical cores, 128 logical processors, using up to 32 threads
Optimize a model with 1124800 rows, 414400 columns and 2996800 nonzeros
Model fingerprint: 0x106d74e6
Variable types: 0 continuous, 414400 integer (414400 binary)
Coefficient statistics:
  Matrix range     [1e+00, 1e+00]
  Objective range  [1e+00, 1e+00]
  Bounds range     [1e+00, 1e+00]
  RHS range        [1e+00, 2e+01]
Found heuristic solution: objective 0.0000000
Presolve removed 1094473 rows and 396033 columns
Presolve time: 0.73s
Presolved: 30327 rows, 18367 columns, 86912 nonzeros
Variable types: 0 continuous, 18367 integer (17810 binary)

Root relaxation: objective -5.650000e+03, 12741 iterations, 0.12 seconds

    Nodes    |    Current Node    |     Objective Bounds      |     Work
 Expl Unexpl |  Obj  Depth IntInf | Incumbent    BestBd   Gap | It/Node Time

*    0     0               0    -5650.000000 -5650.0000  0.00%     -    1s

Explored 0 nodes (17750 simplex iterations) in 1.16 seconds
Thread count was 32 (of 128 available processors)

Solution count 2: -5650 0 
No other solutions better than -5650

Optimal solution found (tolerance 1.00e-02)
Best objective -5.650000000000e+03, best bound -5.650000000000e+03, gap 0.0000%
-------------------------------------------------------------------------------
                                    Summary                                    
-------------------------------------------------------------------------------
(CVXPY) Mar 04 05:35:24 PM: Problem status: optimal
(CVXPY) Mar 04 05:35:24 PM: Optimal value: 5.650e+03
(CVXPY) Mar 04 05:35:24 PM: Compilation took 6.567e+03 seconds
(CVXPY) Mar 04 05:35:24 PM: Solver (including time spent in interface) took 7.460e+00 seconds

 APRX. VALUES: 

7.527777777777777 1.571046380090372
8.019262295081965 2.4132506198387498
8.306052631578947 3.4267229930232364
8.70515873015873 4.387939275550181
10.942241379310342 4.065774428120271
11.564999999999998 5.105967097426304
12.47776073619632 5.4979813683571095
13.421927374301676 6.0737119286718615
15.571927374301678 6.0737119286718615
16.416336633663363 6.691755433940177
16.044495412844032 7.218167905398808
15.962727272727273 7.222012393822716
15.853378378378379 7.280306713237552
15.611946902654868 7.440165152250042
15.388260869565215 7.565741451738605
16.872549019607842 6.689770788927031
16.68345410628019 6.824995869940535
16.460071090047393 6.949946460271001
16.872549019607842 6.689770788927031
16.68345410628019 6.824995869940535
16.044495412844032 7.218167905398808
16.872549019607842 6.689770788927031
16.68345410628019 6.824995869940535
16.460071090047393 6.949946460271001
15.824324324324323 7.335194501326547
15.388260869565215 7.565741451738605
15.799439461883404 7.308287974367888
15.799439461883404 7.308287974367888
15.611946902654868 7.440165152250042
15.388260869565215 7.565741451738605
1. iteration: 


===============================================================================
                                     CVXPY                                     
                                    v1.1.18                                    
===============================================================================
(CVXPY) Mar 04 05:37:28 PM: Your problem has 442000 variables, 1199760 constraints, and 0 parameters.
(CVXPY) Mar 04 05:37:54 PM: It is compliant with the following grammars: DCP, DQCP
(CVXPY) Mar 04 05:37:54 PM: (If you need to solve this problem multiple times, but with different data, consider using parameters.)
(CVXPY) Mar 04 05:37:54 PM: CVXPY will first compile your problem; then, it will invoke a numerical solver to obtain a solution.
-------------------------------------------------------------------------------
                                  Compilation                                  
-------------------------------------------------------------------------------
(CVXPY) Mar 04 05:38:33 PM: Compiling problem (target solver=GUROBI).
(CVXPY) Mar 04 05:38:33 PM: Reduction chain: FlipObjective -> CvxAttr2Constr -> Qp2SymbolicQp -> QpMatrixStuffing -> GUROBI
(CVXPY) Mar 04 05:38:33 PM: Applying reduction FlipObjective
(CVXPY) Mar 04 05:38:33 PM: Applying reduction CvxAttr2Constr
(CVXPY) Mar 04 05:38:39 PM: Applying reduction Qp2SymbolicQp
(CVXPY) Mar 04 05:40:07 PM: Applying reduction QpMatrixStuffing
(CVXPY) Mar 04 07:14:41 PM: Applying reduction GUROBI
(CVXPY) Mar 04 07:14:48 PM: Finished problem compilation (took 5.814e+03 seconds).
-------------------------------------------------------------------------------
                                Numerical solver                               
-------------------------------------------------------------------------------
(CVXPY) Mar 04 07:14:48 PM: Invoking solver GUROBI  to obtain a solution.
Parameter OutputFlag unchanged
   Value: 1  Min: 0  Max: 1  Default: 1
Changed value of parameter QCPDual to 1
   Prev: 0  Min: 0  Max: 1  Default: 0
Changed value of parameter MIPGAP to 0.01
   Prev: 0.0001  Min: 0.0  Max: inf  Default: 0.0001
Changed value of parameter TimeLimit to 1200.0
   Prev: inf  Min: 0.0  Max: inf  Default: inf
Gurobi Optimizer version 9.1.2 build v9.1.2rc0 (linux64)
Thread count: 64 physical cores, 128 logical processors, using up to 32 threads
Optimize a model with 1199760 rows, 442000 columns and 3196560 nonzeros
Model fingerprint: 0x3637cdf6
Variable types: 0 continuous, 442000 integer (442000 binary)
Coefficient statistics:
  Matrix range     [1e+00, 1e+00]
  Objective range  [1e+00, 1e+00]
  Bounds range     [1e+00, 1e+00]
  RHS range        [1e+00, 2e+01]
Found heuristic solution: objective 0.0000000
Presolve removed 1167004 rows and 422145 columns
Presolve time: 0.69s
Presolved: 32756 rows, 19855 columns, 93918 nonzeros
Variable types: 0 continuous, 19855 integer (19222 binary)

Root relaxation: objective -6.089000e+03, 13926 iterations, 0.13 seconds

    Nodes    |    Current Node    |     Objective Bounds      |     Work
 Expl Unexpl |  Obj  Depth IntInf | Incumbent    BestBd   Gap | It/Node Time

H    0     0                    -6089.000000 -7584.0000  24.6%     -    0s
     0     0          -    0      -6089.0000 -6089.0000  0.00%     -    1s

Explored 0 nodes (19131 simplex iterations) in 1.14 seconds
Thread count was 32 (of 128 available processors)

Solution count 2: -6089 0 
No other solutions better than -6089

Optimal solution found (tolerance 1.00e-02)
Best objective -6.089000000000e+03, best bound -6.089000000000e+03, gap 0.0000%
-------------------------------------------------------------------------------
                                    Summary                                    
-------------------------------------------------------------------------------
(CVXPY) Mar 04 07:15:01 PM: Problem status: optimal
(CVXPY) Mar 04 07:15:01 PM: Optimal value: 6.089e+03
(CVXPY) Mar 04 07:15:01 PM: Compilation took 5.814e+03 seconds
(CVXPY) Mar 04 07:15:01 PM: Solver (including time spent in interface) took 7.883e+00 seconds

 APRX. VALUES: 

7.233536585365854 1.837611866149305
7.367957746478874 2.843578084413773
7.9121287128712865 3.5477412523088527
8.729132231404957 4.175808858039182
11.431132075471698 3.725952473074861
12.425 4.614947533909865
13.029248366013071 5.217166071792929
13.907758620689656 5.90658033388073
15.402807486631016 6.3169411474435
16.138636363636362 6.901335990335542
15.717187499999998 7.389097853584275
15.799439461883404 7.308287974367888
15.799439461883404 7.308287974367888
15.611946902654868 7.440165152250042
15.078191489361702 7.781222653581404
16.872549019607842 6.689770788927031
16.872549019607842 6.689770788927031
16.5706937799043 6.8892576819728255
16.872549019607842 6.689770788927031
16.68345410628019 6.824995869940535
16.460071090047393 6.949946460271001
16.872549019607842 6.689770788927031
16.68345410628019 6.824995869940535
16.044495412844032 7.218167905398808
15.388260869565215 7.565741451738605
15.172222222222219 7.678893732212817
15.799439461883404 7.308287974367888
15.611946902654868 7.440165152250042
15.388260869565215 7.565741451738605
15.172222222222219 7.678893732212817
16.872549019607842 6.689770788927031
16.460071090047393 6.949946460271001
2. iteration: 


===============================================================================
                                     CVXPY                                     
                                    v1.1.18                                    
===============================================================================
(CVXPY) Mar 04 07:17:13 PM: Your problem has 469600 variables, 1274720 constraints, and 0 parameters.
(CVXPY) Mar 04 07:17:40 PM: It is compliant with the following grammars: DCP, DQCP
(CVXPY) Mar 04 07:17:40 PM: (If you need to solve this problem multiple times, but with different data, consider using parameters.)
(CVXPY) Mar 04 07:17:40 PM: CVXPY will first compile your problem; then, it will invoke a numerical solver to obtain a solution.
-------------------------------------------------------------------------------
                                  Compilation                                  
-------------------------------------------------------------------------------
(CVXPY) Mar 04 07:18:22 PM: Compiling problem (target solver=GUROBI).
(CVXPY) Mar 04 07:18:22 PM: Reduction chain: FlipObjective -> CvxAttr2Constr -> Qp2SymbolicQp -> QpMatrixStuffing -> GUROBI
(CVXPY) Mar 04 07:18:22 PM: Applying reduction FlipObjective
(CVXPY) Mar 04 07:18:22 PM: Applying reduction CvxAttr2Constr
(CVXPY) Mar 04 07:18:28 PM: Applying reduction Qp2SymbolicQp
(CVXPY) Mar 04 07:20:12 PM: Applying reduction QpMatrixStuffing
(CVXPY) Mar 04 09:23:41 PM: Applying reduction GUROBI
(CVXPY) Mar 04 09:23:49 PM: Finished problem compilation (took 7.569e+03 seconds).
-------------------------------------------------------------------------------
                                Numerical solver                               
-------------------------------------------------------------------------------
(CVXPY) Mar 04 09:23:49 PM: Invoking solver GUROBI  to obtain a solution.
Parameter OutputFlag unchanged
   Value: 1  Min: 0  Max: 1  Default: 1
Changed value of parameter QCPDual to 1
   Prev: 0  Min: 0  Max: 1  Default: 0
Changed value of parameter MIPGAP to 0.01
   Prev: 0.0001  Min: 0.0  Max: inf  Default: 0.0001
Changed value of parameter TimeLimit to 1200.0
   Prev: inf  Min: 0.0  Max: inf  Default: inf
Gurobi Optimizer version 9.1.2 build v9.1.2rc0 (linux64)
Thread count: 64 physical cores, 128 logical processors, using up to 32 threads
Optimize a model with 1274720 rows, 469600 columns and 3396320 nonzeros
Model fingerprint: 0x4a087173
Variable types: 0 continuous, 469600 integer (469600 binary)
Coefficient statistics:
  Matrix range     [1e+00, 1e+00]
  Objective range  [1e+00, 1e+00]
  Bounds range     [1e+00, 1e+00]
  RHS range        [1e+00, 2e+01]
Found heuristic solution: objective 0.0000000
Presolve removed 1239854 rows and 448354 columns
Presolve time: 0.80s
Presolved: 34866 rows, 21246 columns, 100103 nonzeros
Variable types: 0 continuous, 21246 integer (20615 binary)

Deterministic concurrent LP optimizer: primal and dual simplex
Showing first log only...

Concurrent spin time: 0.00s

Solved with dual simplex

Root relaxation: objective -6.468000e+03, 14470 iterations, 0.24 seconds

    Nodes    |    Current Node    |     Objective Bounds      |     Work
 Expl Unexpl |  Obj  Depth IntInf | Incumbent    BestBd   Gap | It/Node Time

*    0     0               0    -6468.000000 -6468.0000  0.00%     -    1s

Explored 0 nodes (19980 simplex iterations) in 1.44 seconds
Thread count was 32 (of 128 available processors)

Solution count 2: -6468 0 
No other solutions better than -6468

Optimal solution found (tolerance 1.00e-02)
Best objective -6.468000000000e+03, best bound -6.468000000000e+03, gap 0.0000%
-------------------------------------------------------------------------------
                                    Summary                                    
-------------------------------------------------------------------------------
(CVXPY) Mar 04 09:24:03 PM: Problem status: optimal
(CVXPY) Mar 04 09:24:03 PM: Optimal value: 6.468e+03
(CVXPY) Mar 04 09:24:03 PM: Compilation took 7.569e+03 seconds
(CVXPY) Mar 04 09:24:03 PM: Solver (including time spent in interface) took 8.669e+00 seconds

 APRX. VALUES: 

7.502631578947367 1.552574151480333
7.968636363636364 2.385506512737714
8.453823529411764 3.2565623924495832
8.947608695652175 4.035576805269444
11.401190476190475 3.7309394657448083
12.425 4.614947533909865
13.029248366013071 5.217166071792929
13.881830601092899 6.179960104628611
15.697252747252747 6.100741882634964
16.47081280788177 6.720005036389262
16.044495412844032 7.218167905398808
15.962727272727273 7.222012393822716
15.853378378378379 7.280306713237552
15.611946902654868 7.440165152250042
15.388260869565215 7.565741451738605
16.13052995391705 7.128368187325885
16.5706937799043 6.8892576819728255
16.35152582159624 7.007287497379387
16.872549019607842 6.689770788927031
16.68345410628019 6.824995869940535
16.460071090047393 6.949946460271001
16.5706937799043 6.8892576819728255
16.35152582159624 7.007287497379387
16.1875 7.095392104765625
15.611946902654868 7.440165152250042
15.388260869565215 7.565741451738605
15.799439461883404 7.308287974367888
15.611946902654868 7.440165152250042
15.388260869565215 7.565741451738605
15.172222222222219 7.678893732212817
16.872549019607842 6.689770788927031
16.5706937799043 6.8892576819728255
16.35152582159624 7.007287497379387
16.872549019607842 6.689770788927031
3. iteration: 


===============================================================================
                                     CVXPY                                     
                                    v1.1.18                                    
===============================================================================
(CVXPY) Mar 04 09:26:41 PM: Your problem has 497200 variables, 1349680 constraints, and 0 parameters.
(CVXPY) Mar 04 09:27:10 PM: It is compliant with the following grammars: DCP, DQCP
(CVXPY) Mar 04 09:27:10 PM: (If you need to solve this problem multiple times, but with different data, consider using parameters.)
(CVXPY) Mar 04 09:27:10 PM: CVXPY will first compile your problem; then, it will invoke a numerical solver to obtain a solution.
-------------------------------------------------------------------------------
                                  Compilation                                  
-------------------------------------------------------------------------------
(CVXPY) Mar 04 09:27:54 PM: Compiling problem (target solver=GUROBI).
(CVXPY) Mar 04 09:27:54 PM: Reduction chain: FlipObjective -> CvxAttr2Constr -> Qp2SymbolicQp -> QpMatrixStuffing -> GUROBI
(CVXPY) Mar 04 09:27:54 PM: Applying reduction FlipObjective
(CVXPY) Mar 04 09:27:54 PM: Applying reduction CvxAttr2Constr
(CVXPY) Mar 04 09:28:02 PM: Applying reduction Qp2SymbolicQp
(CVXPY) Mar 04 09:29:38 PM: Applying reduction QpMatrixStuffing
(CVXPY) Mar 04 11:47:56 PM: Applying reduction GUROBI
(CVXPY) Mar 04 11:48:04 PM: Finished problem compilation (took 8.454e+03 seconds).
-------------------------------------------------------------------------------
                                Numerical solver                               
-------------------------------------------------------------------------------
(CVXPY) Mar 04 11:48:04 PM: Invoking solver GUROBI  to obtain a solution.
Parameter OutputFlag unchanged
   Value: 1  Min: 0  Max: 1  Default: 1
Changed value of parameter QCPDual to 1
   Prev: 0  Min: 0  Max: 1  Default: 0
Changed value of parameter MIPGAP to 0.01
   Prev: 0.0001  Min: 0.0  Max: inf  Default: 0.0001
Changed value of parameter TimeLimit to 1200.0
   Prev: inf  Min: 0.0  Max: inf  Default: inf
Gurobi Optimizer version 9.1.2 build v9.1.2rc0 (linux64)
Thread count: 64 physical cores, 128 logical processors, using up to 32 threads
Optimize a model with 1349680 rows, 497200 columns and 3596080 nonzeros
Model fingerprint: 0x4a1a2fd5
Variable types: 0 continuous, 497200 integer (497200 binary)
Coefficient statistics:
  Matrix range     [1e+00, 1e+00]
  Objective range  [1e+00, 1e+00]
  Bounds range     [1e+00, 1e+00]
  RHS range        [1e+00, 2e+01]
Found heuristic solution: objective 0.0000000
Presolve removed 1312666 rows and 474826 columns
Presolve time: 0.82s
Presolved: 37014 rows, 22374 columns, 106110 nonzeros
Variable types: 0 continuous, 22374 integer (21699 binary)

Deterministic concurrent LP optimizer: primal and dual simplex
Showing first log only...

Concurrent spin time: 0.00s

Solved with dual simplex

Root relaxation: objective -6.885000e+03, 15318 iterations, 0.26 seconds

    Nodes    |    Current Node    |     Objective Bounds      |     Work
 Expl Unexpl |  Obj  Depth IntInf | Incumbent    BestBd   Gap | It/Node Time

*    0     0               0    -6885.000000 -6885.0000  0.00%     -    1s

Explored 0 nodes (21373 simplex iterations) in 1.50 seconds
Thread count was 32 (of 128 available processors)

Solution count 2: -6885 0 
No other solutions better than -6885

Optimal solution found (tolerance 1.00e-02)
Best objective -6.885000000000e+03, best bound -6.885000000000e+03, gap 0.0000%
-------------------------------------------------------------------------------
                                    Summary                                    
-------------------------------------------------------------------------------
(CVXPY) Mar 04 11:48:18 PM: Problem status: optimal
(CVXPY) Mar 04 11:48:18 PM: Optimal value: 6.885e+03
(CVXPY) Mar 04 11:48:18 PM: Compilation took 8.454e+03 seconds
(CVXPY) Mar 04 11:48:18 PM: Solver (including time spent in interface) took 9.131e+00 seconds

 APRX. VALUES: 

7.336666666666666 1.7095166633356407
8.037244897959182 2.416852621300317
8.506012658227846 3.2410080456145893
9.043803418803419 4.066885904639547
11.431132075471698 3.725952473074861
12.425 4.614947533909865
13.029248366013071 5.217166071792929
14.000852272727272 5.937874328946215
15.444148936170214 6.325432481988958
16.029106280193236 6.843606279336861
15.717187499999998 7.389097853584275
15.799439461883404 7.308287974367888
15.799439461883404 7.308287974367888
15.611946902654868 7.440165152250042
15.388260869565215 7.565741451738605
16.872549019607842 6.689770788927031
16.872549019607842 6.689770788927031
16.68345410628019 6.824995869940535
16.872549019607842 6.689770788927031
16.68345410628019 6.824995869940535
16.147685185185182 7.1702877940177405
16.872549019607842 6.689770788927031
16.68345410628019 6.824995869940535
16.044495412844032 7.218167905398808
15.388260869565215 7.565741451738605
15.172222222222219 7.678893732212817
15.799439461883404 7.308287974367888
15.611946902654868 7.440165152250042
15.388260869565215 7.565741451738605
15.279310344827586 7.623780481803012
16.872549019607842 6.689770788927031
16.68345410628019 6.824995869940535
16.044495412844032 7.218167905398808
16.018150684931502 7.191650640265552
15.907805429864252 7.2515561321490205
16.872549019607842 6.689770788927031


{(30, False): (2996800, -5650.0, 6.0729631727138145, 3.651075850592699), (32, False): (3196560, -6089.0, 6.577520867192618, 3.255820181608557), (34, False): (3396320, -6468.0, 6.9160295070391395, 2.911684005317297), (36, False): (3596080, -6885.0, 6.652315705890919, 3.1170031425930884)}
SYMMETRY




0. iteration: 


===============================================================================
                                     CVXPY                                     
                                    v1.1.18                                    
===============================================================================
(CVXPY) Mar 04 11:50:16 PM: Your problem has 414400 variables, 1147600 constraints, and 0 parameters.
(CVXPY) Mar 04 11:50:40 PM: It is compliant with the following grammars: DCP, DQCP
(CVXPY) Mar 04 11:50:40 PM: (If you need to solve this problem multiple times, but with different data, consider using parameters.)
(CVXPY) Mar 04 11:50:40 PM: CVXPY will first compile your problem; then, it will invoke a numerical solver to obtain a solution.
-------------------------------------------------------------------------------
                                  Compilation                                  
-------------------------------------------------------------------------------
(CVXPY) Mar 04 11:51:18 PM: Compiling problem (target solver=GUROBI).
(CVXPY) Mar 04 11:51:18 PM: Reduction chain: FlipObjective -> CvxAttr2Constr -> Qp2SymbolicQp -> QpMatrixStuffing -> GUROBI
(CVXPY) Mar 04 11:51:18 PM: Applying reduction FlipObjective
(CVXPY) Mar 04 11:51:18 PM: Applying reduction CvxAttr2Constr
(CVXPY) Mar 04 11:51:24 PM: Applying reduction Qp2SymbolicQp
(CVXPY) Mar 04 11:52:56 PM: Applying reduction QpMatrixStuffing
(CVXPY) Mar 05 01:21:31 AM: Applying reduction GUROBI
(CVXPY) Mar 05 01:21:38 AM: Finished problem compilation (took 5.458e+03 seconds).
-------------------------------------------------------------------------------
                                Numerical solver                               
-------------------------------------------------------------------------------
(CVXPY) Mar 05 01:21:38 AM: Invoking solver GUROBI  to obtain a solution.
Parameter OutputFlag unchanged
   Value: 1  Min: 0  Max: 1  Default: 1
Changed value of parameter QCPDual to 1
   Prev: 0  Min: 0  Max: 1  Default: 0
Changed value of parameter MIPGAP to 0.01
   Prev: 0.0001  Min: 0.0  Max: inf  Default: 0.0001
Changed value of parameter TimeLimit to 1200.0
   Prev: inf  Min: 0.0  Max: inf  Default: inf
Gurobi Optimizer version 9.1.2 build v9.1.2rc0 (linux64)
Thread count: 64 physical cores, 128 logical processors, using up to 32 threads
Optimize a model with 1147600 rows, 414400 columns and 3042400 nonzeros
Model fingerprint: 0xa531ebb3
Variable types: 0 continuous, 414400 integer (414400 binary)
Coefficient statistics:
  Matrix range     [1e+00, 1e+00]
  Objective range  [1e+00, 1e+00]
  Bounds range     [1e+00, 1e+00]
  RHS range        [1e+00, 2e+01]
Found heuristic solution: objective 0.0000000
Presolve removed 1105295 rows and 392855 columns
Presolve time: 1.10s
Presolved: 42305 rows, 21545 columns, 114914 nonzeros
Variable types: 0 continuous, 21545 integer (21545 binary)

Deterministic concurrent LP optimizer: primal and dual simplex
Showing first log only...

Concurrent spin time: 0.00s

Solved with dual simplex

Root relaxation: objective -5.650000e+03, 14732 iterations, 0.24 seconds

    Nodes    |    Current Node    |     Objective Bounds      |     Work
 Expl Unexpl |  Obj  Depth IntInf | Incumbent    BestBd   Gap | It/Node Time

H    0     0                    -5650.000000 -5650.0000  0.00%     -    1s
     0     0 -5650.0000    0   80 -5650.0000 -5650.0000  0.00%     -    1s

Explored 0 nodes (14732 simplex iterations) in 1.52 seconds
Thread count was 32 (of 128 available processors)

Solution count 2: -5650 0 
No other solutions better than -5650

Optimal solution found (tolerance 1.00e-02)
Best objective -5.650000000000e+03, best bound -5.650000000000e+03, gap 0.0000%
-------------------------------------------------------------------------------
                                    Summary                                    
-------------------------------------------------------------------------------
(CVXPY) Mar 05 01:22:26 AM: Problem status: optimal
(CVXPY) Mar 05 01:22:26 AM: Optimal value: 5.650e+03
(CVXPY) Mar 05 01:22:26 AM: Compilation took 5.458e+03 seconds
(CVXPY) Mar 05 01:22:26 AM: Solver (including time spent in interface) took 4.307e+01 seconds

 APRX. VALUES: 

7.527777777777777 1.571046380090372
8.019262295081965 2.4132506198387498
8.306052631578947 3.4267229930232364
8.70515873015873 4.387939275550181
10.942241379310342 4.065774428120271
11.564999999999998 5.105967097426304
12.47776073619632 5.4979813683571095
13.421927374301676 6.0737119286718615
15.571927374301678 6.0737119286718615
16.416336633663363 6.691755433940177
16.044495412844032 7.218167905398808
15.962727272727273 7.222012393822716
15.853378378378379 7.280306713237552
15.611946902654868 7.440165152250042
15.388260869565215 7.565741451738605
16.872549019607842 6.689770788927031
16.68345410628019 6.824995869940535
16.460071090047393 6.949946460271001
16.872549019607842 6.689770788927031
16.68345410628019 6.824995869940535
16.044495412844032 7.218167905398808
16.872549019607842 6.689770788927031
16.68345410628019 6.824995869940535
16.460071090047393 6.949946460271001
15.824324324324323 7.335194501326547
15.388260869565215 7.565741451738605
15.799439461883404 7.308287974367888
15.799439461883404 7.308287974367888
15.611946902654868 7.440165152250042
15.388260869565215 7.565741451738605


1. iteration: 


===============================================================================
                                     CVXPY                                     
                                    v1.1.18                                    
===============================================================================
(CVXPY) Mar 05 01:24:23 AM: Your problem has 442000 variables, 1224080 constraints, and 0 parameters.
(CVXPY) Mar 05 01:24:48 AM: It is compliant with the following grammars: DCP, DQCP
(CVXPY) Mar 05 01:24:48 AM: (If you need to solve this problem multiple times, but with different data, consider using parameters.)
(CVXPY) Mar 05 01:24:48 AM: CVXPY will first compile your problem; then, it will invoke a numerical solver to obtain a solution.
-------------------------------------------------------------------------------
                                  Compilation                                  
-------------------------------------------------------------------------------
(CVXPY) Mar 05 01:25:28 AM: Compiling problem (target solver=GUROBI).
(CVXPY) Mar 05 01:25:28 AM: Reduction chain: FlipObjective -> CvxAttr2Constr -> Qp2SymbolicQp -> QpMatrixStuffing -> GUROBI
(CVXPY) Mar 05 01:25:28 AM: Applying reduction FlipObjective
(CVXPY) Mar 05 01:25:29 AM: Applying reduction CvxAttr2Constr
(CVXPY) Mar 05 01:25:35 AM: Applying reduction Qp2SymbolicQp
(CVXPY) Mar 05 01:27:13 AM: Applying reduction QpMatrixStuffing
(CVXPY) Mar 05 02:54:16 AM: Applying reduction GUROBI
(CVXPY) Mar 05 02:54:23 AM: Finished problem compilation (took 5.375e+03 seconds).
-------------------------------------------------------------------------------
                                Numerical solver                               
-------------------------------------------------------------------------------
(CVXPY) Mar 05 02:54:23 AM: Invoking solver GUROBI  to obtain a solution.
Parameter OutputFlag unchanged
   Value: 1  Min: 0  Max: 1  Default: 1
Changed value of parameter QCPDual to 1
   Prev: 0  Min: 0  Max: 1  Default: 0
Changed value of parameter MIPGAP to 0.01
   Prev: 0.0001  Min: 0.0  Max: inf  Default: 0.0001
Changed value of parameter TimeLimit to 1200.0
   Prev: inf  Min: 0.0  Max: inf  Default: inf
Gurobi Optimizer version 9.1.2 build v9.1.2rc0 (linux64)
Thread count: 64 physical cores, 128 logical processors, using up to 32 threads
Optimize a model with 1224080 rows, 442000 columns and 3245200 nonzeros
Model fingerprint: 0x8593700a
Variable types: 0 continuous, 442000 integer (442000 binary)
Coefficient statistics:
  Matrix range     [1e+00, 1e+00]
  Objective range  [1e+00, 1e+00]
  Bounds range     [1e+00, 1e+00]
  RHS range        [1e+00, 2e+01]
Found heuristic solution: objective 0.0000000
Presolve removed 1178329 rows and 418726 columns
Presolve time: 1.23s
Presolved: 45751 rows, 23274 columns, 124274 nonzeros
Variable types: 0 continuous, 23274 integer (23274 binary)

Deterministic concurrent LP optimizer: primal and dual simplex (primal and dual model)
Showing first log only...

Presolved: 45751 rows, 23274 columns, 124274 nonzeros

Concurrent spin time: 0.01s

Solved with dual simplex (primal model)

Root relaxation: objective -6.089000e+03, 15739 iterations, 0.55 seconds

    Nodes    |    Current Node    |     Objective Bounds      |     Work
 Expl Unexpl |  Obj  Depth IntInf | Incumbent    BestBd   Gap | It/Node Time

     0     0 -6089.0000    0    3    0.00000 -6089.0000      -     -    1s
H    0     0                    -6089.000000 -6089.0000  0.00%     -    1s
     0     0 -6089.0000    0    3 -6089.0000 -6089.0000  0.00%     -    1s

Explored 1 nodes (15739 simplex iterations) in 2.06 seconds
Thread count was 32 (of 128 available processors)

Solution count 2: -6089 0 
No other solutions better than -6089

Optimal solution found (tolerance 1.00e-02)
Best objective -6.089000000000e+03, best bound -6.089000000000e+03, gap 0.0000%
-------------------------------------------------------------------------------
                                    Summary                                    
-------------------------------------------------------------------------------
(CVXPY) Mar 05 02:54:37 AM: Problem status: optimal
(CVXPY) Mar 05 02:54:37 AM: Optimal value: 6.089e+03
(CVXPY) Mar 05 02:54:37 AM: Compilation took 5.375e+03 seconds
(CVXPY) Mar 05 02:54:37 AM: Solver (including time spent in interface) took 8.934e+00 seconds

 APRX. VALUES: 

7.233536585365854 1.837611866149305
7.367957746478874 2.843578084413773
7.9121287128712865 3.5477412523088527
8.729132231404957 4.175808858039182
11.431132075471698 3.725952473074861
12.425 4.614947533909865
13.029248366013071 5.217166071792929
13.907758620689656 5.90658033388073
15.402807486631016 6.3169411474435
16.138636363636362 6.901335990335542
15.717187499999998 7.389097853584275
15.799439461883404 7.308287974367888
15.799439461883404 7.308287974367888
15.611946902654868 7.440165152250042
15.078191489361702 7.781222653581404
16.872549019607842 6.689770788927031
16.872549019607842 6.689770788927031
16.5706937799043 6.8892576819728255
16.872549019607842 6.689770788927031
16.68345410628019 6.824995869940535
16.460071090047393 6.949946460271001
16.872549019607842 6.689770788927031
16.68345410628019 6.824995869940535
16.044495412844032 7.218167905398808
15.388260869565215 7.565741451738605
15.172222222222219 7.678893732212817
15.799439461883404 7.308287974367888
15.611946902654868 7.440165152250042
15.388260869565215 7.565741451738605
15.172222222222219 7.678893732212817
16.872549019607842 6.689770788927031
16.460071090047393 6.949946460271001


2. iteration: 


===============================================================================
                                     CVXPY                                     
                                    v1.1.18                                    
===============================================================================
(CVXPY) Mar 05 02:56:48 AM: Your problem has 469600 variables, 1300560 constraints, and 0 parameters.
(CVXPY) Mar 05 02:57:16 AM: It is compliant with the following grammars: DCP, DQCP
(CVXPY) Mar 05 02:57:16 AM: (If you need to solve this problem multiple times, but with different data, consider using parameters.)
(CVXPY) Mar 05 02:57:16 AM: CVXPY will first compile your problem; then, it will invoke a numerical solver to obtain a solution.
-------------------------------------------------------------------------------
                                  Compilation                                  
-------------------------------------------------------------------------------
(CVXPY) Mar 05 02:57:58 AM: Compiling problem (target solver=GUROBI).
(CVXPY) Mar 05 02:57:58 AM: Reduction chain: FlipObjective -> CvxAttr2Constr -> Qp2SymbolicQp -> QpMatrixStuffing -> GUROBI
(CVXPY) Mar 05 02:57:58 AM: Applying reduction FlipObjective
(CVXPY) Mar 05 02:57:58 AM: Applying reduction CvxAttr2Constr
(CVXPY) Mar 05 02:58:05 AM: Applying reduction Qp2SymbolicQp
(CVXPY) Mar 05 02:59:37 AM: Applying reduction QpMatrixStuffing
(CVXPY) Mar 05 04:36:27 AM: Applying reduction GUROBI
(CVXPY) Mar 05 04:36:35 AM: Finished problem compilation (took 5.959e+03 seconds).
-------------------------------------------------------------------------------
                                Numerical solver                               
-------------------------------------------------------------------------------
(CVXPY) Mar 05 04:36:35 AM: Invoking solver GUROBI  to obtain a solution.
Parameter OutputFlag unchanged
   Value: 1  Min: 0  Max: 1  Default: 1
Changed value of parameter QCPDual to 1
   Prev: 0  Min: 0  Max: 1  Default: 0
Changed value of parameter MIPGAP to 0.01
   Prev: 0.0001  Min: 0.0  Max: inf  Default: 0.0001
Changed value of parameter TimeLimit to 1200.0
   Prev: inf  Min: 0.0  Max: inf  Default: inf
Gurobi Optimizer version 9.1.2 build v9.1.2rc0 (linux64)
Thread count: 64 physical cores, 128 logical processors, using up to 32 threads
Optimize a model with 1300560 rows, 469600 columns and 3448000 nonzeros
Model fingerprint: 0xff9833c7
Variable types: 0 continuous, 469600 integer (469600 binary)
Coefficient statistics:
  Matrix range     [1e+00, 1e+00]
  Objective range  [1e+00, 1e+00]
  Bounds range     [1e+00, 1e+00]
  RHS range        [1e+00, 2e+01]
Found heuristic solution: objective 0.0000000
Presolve removed 1252044 rows and 444908 columns
Presolve time: 1.28s
Presolved: 48516 rows, 24692 columns, 131793 nonzeros
Variable types: 0 continuous, 24692 integer (24692 binary)

Deterministic concurrent LP optimizer: primal and dual simplex (primal and dual model)
Showing first log only...

Presolve removed 4 rows and 2 columns
Presolved: 48512 rows, 24690 columns, 131783 nonzeros

Concurrent spin time: 0.11s

Solved with dual simplex (primal model)

Root relaxation: objective -6.468000e+03, 16969 iterations, 0.62 seconds

    Nodes    |    Current Node    |     Objective Bounds      |     Work
 Expl Unexpl |  Obj  Depth IntInf | Incumbent    BestBd   Gap | It/Node Time

H    0     0                    -6468.000000 -6469.0000  0.02%     -    2s
     0     0 -6468.0000    0   33 -6468.0000 -6468.0000  0.00%     -    2s

Explored 0 nodes (16969 simplex iterations) in 2.15 seconds
Thread count was 32 (of 128 available processors)

Solution count 2: -6468 0 
No other solutions better than -6468

Optimal solution found (tolerance 1.00e-02)
Best objective -6.468000000000e+03, best bound -6.468000000000e+03, gap 0.0000%
-------------------------------------------------------------------------------
                                    Summary                                    
-------------------------------------------------------------------------------
(CVXPY) Mar 05 04:36:49 AM: Problem status: optimal
(CVXPY) Mar 05 04:36:49 AM: Optimal value: 6.468e+03
(CVXPY) Mar 05 04:36:49 AM: Compilation took 5.959e+03 seconds
(CVXPY) Mar 05 04:36:49 AM: Solver (including time spent in interface) took 9.558e+00 seconds

 APRX. VALUES: 

7.502631578947367 1.552574151480333
7.968636363636364 2.385506512737714
8.453823529411764 3.2565623924495832
8.947608695652175 4.035576805269444
11.401190476190475 3.7309394657448083
12.425 4.614947533909865
13.029248366013071 5.217166071792929
13.881830601092899 6.179960104628611
15.697252747252747 6.100741882634964
16.47081280788177 6.720005036389262
16.044495412844032 7.218167905398808
15.962727272727273 7.222012393822716
15.853378378378379 7.280306713237552
15.611946902654868 7.440165152250042
15.388260869565215 7.565741451738605
16.13052995391705 7.128368187325885
16.5706937799043 6.8892576819728255
16.35152582159624 7.007287497379387
16.872549019607842 6.689770788927031
16.68345410628019 6.824995869940535
16.460071090047393 6.949946460271001
16.5706937799043 6.8892576819728255
16.35152582159624 7.007287497379387
16.1875 7.095392104765625
15.611946902654868 7.440165152250042
15.388260869565215 7.565741451738605
15.799439461883404 7.308287974367888
15.611946902654868 7.440165152250042
15.388260869565215 7.565741451738605
15.172222222222219 7.678893732212817
16.872549019607842 6.689770788927031
16.5706937799043 6.8892576819728255
16.35152582159624 7.007287497379387
16.872549019607842 6.689770788927031


3. iteration: 


===============================================================================
                                     CVXPY                                     
                                    v1.1.18                                    
===============================================================================
(CVXPY) Mar 05 04:39:16 AM: Your problem has 497200 variables, 1377040 constraints, and 0 parameters.
(CVXPY) Mar 05 04:39:46 AM: It is compliant with the following grammars: DCP, DQCP
(CVXPY) Mar 05 04:39:46 AM: (If you need to solve this problem multiple times, but with different data, consider using parameters.)
(CVXPY) Mar 05 04:39:46 AM: CVXPY will first compile your problem; then, it will invoke a numerical solver to obtain a solution.
-------------------------------------------------------------------------------
                                  Compilation                                  
-------------------------------------------------------------------------------
(CVXPY) Mar 05 04:40:30 AM: Compiling problem (target solver=GUROBI).
(CVXPY) Mar 05 04:40:30 AM: Reduction chain: FlipObjective -> CvxAttr2Constr -> Qp2SymbolicQp -> QpMatrixStuffing -> GUROBI
(CVXPY) Mar 05 04:40:30 AM: Applying reduction FlipObjective
(CVXPY) Mar 05 04:40:31 AM: Applying reduction CvxAttr2Constr
(CVXPY) Mar 05 04:40:38 AM: Applying reduction Qp2SymbolicQp
(CVXPY) Mar 05 04:42:27 AM: Applying reduction QpMatrixStuffing
(CVXPY) Mar 05 07:05:57 AM: Applying reduction GUROBI
(CVXPY) Mar 05 07:06:06 AM: Finished problem compilation (took 8.780e+03 seconds).
-------------------------------------------------------------------------------
                                Numerical solver                               
-------------------------------------------------------------------------------
(CVXPY) Mar 05 07:06:06 AM: Invoking solver GUROBI  to obtain a solution.
Parameter OutputFlag unchanged
   Value: 1  Min: 0  Max: 1  Default: 1
Changed value of parameter QCPDual to 1
   Prev: 0  Min: 0  Max: 1  Default: 0
Changed value of parameter MIPGAP to 0.01
   Prev: 0.0001  Min: 0.0  Max: inf  Default: 0.0001
Changed value of parameter TimeLimit to 1200.0
   Prev: inf  Min: 0.0  Max: inf  Default: inf
Gurobi Optimizer version 9.1.2 build v9.1.2rc0 (linux64)
Thread count: 64 physical cores, 128 logical processors, using up to 32 threads
Optimize a model with 1377040 rows, 497200 columns and 3650800 nonzeros
Model fingerprint: 0x4927f41d
Variable types: 0 continuous, 497200 integer (497200 binary)
Coefficient statistics:
  Matrix range     [1e+00, 1e+00]
  Objective range  [1e+00, 1e+00]
  Bounds range     [1e+00, 1e+00]
  RHS range        [1e+00, 2e+01]
Found heuristic solution: objective 0.0000000
Presolve removed 1325456 rows and 470977 columns
Presolve time: 1.34s
Presolved: 51584 rows, 26223 columns, 140127 nonzeros
Variable types: 0 continuous, 26223 integer (26223 binary)

Deterministic concurrent LP optimizer: primal and dual simplex (primal and dual model)
Showing first log only...

Presolve removed 6 rows and 6 columns
Presolved: 51578 rows, 26217 columns, 140110 nonzeros

Concurrent spin time: 0.00s

Solved with dual simplex (primal model)

Root relaxation: objective -6.885000e+03, 17868 iterations, 0.62 seconds

    Nodes    |    Current Node    |     Objective Bounds      |     Work
 Expl Unexpl |  Obj  Depth IntInf | Incumbent    BestBd   Gap | It/Node Time

H    0     0                    -6885.000000 -6888.0000  0.04%     -    2s
     0     0 -6885.0000    0   79 -6885.0000 -6885.0000  0.00%     -    2s

Explored 0 nodes (17868 simplex iterations) in 2.21 seconds
Thread count was 32 (of 128 available processors)

Solution count 2: -6885 0 
No other solutions better than -6885

Optimal solution found (tolerance 1.00e-02)
Best objective -6.885000000000e+03, best bound -6.885000000000e+03, gap 0.0000%
-------------------------------------------------------------------------------
                                    Summary                                    
-------------------------------------------------------------------------------
(CVXPY) Mar 05 07:06:22 AM: Problem status: optimal
(CVXPY) Mar 05 07:06:22 AM: Optimal value: 6.885e+03
(CVXPY) Mar 05 07:06:22 AM: Compilation took 8.780e+03 seconds
(CVXPY) Mar 05 07:06:22 AM: Solver (including time spent in interface) took 9.939e+00 seconds

 APRX. VALUES: 

7.336666666666666 1.7095166633356407
8.037244897959182 2.416852621300317
8.506012658227846 3.2410080456145893
9.043803418803419 4.066885904639547
11.431132075471698 3.725952473074861
12.425 4.614947533909865
13.029248366013071 5.217166071792929
14.000852272727272 5.937874328946215
15.444148936170214 6.325432481988958
16.029106280193236 6.843606279336861
15.717187499999998 7.389097853584275
15.799439461883404 7.308287974367888
15.799439461883404 7.308287974367888
15.611946902654868 7.440165152250042
15.388260869565215 7.565741451738605
16.872549019607842 6.689770788927031
16.872549019607842 6.689770788927031
16.68345410628019 6.824995869940535
16.872549019607842 6.689770788927031
16.68345410628019 6.824995869940535
16.147685185185182 7.1702877940177405
16.872549019607842 6.689770788927031
16.68345410628019 6.824995869940535
16.044495412844032 7.218167905398808
15.388260869565215 7.565741451738605
15.172222222222219 7.678893732212817
15.799439461883404 7.308287974367888
15.611946902654868 7.440165152250042
15.388260869565215 7.565741451738605
15.279310344827586 7.623780481803012
16.872549019607842 6.689770788927031
16.68345410628019 6.824995869940535
16.044495412844032 7.218167905398808
16.018150684931502 7.191650640265552
15.907805429864252 7.2515561321490205
16.872549019607842 6.689770788927031

NON-symmetry:

[[15.38826087  7.56574145]
 [16.46007109  6.94994646]
 [16.87254902  6.68977079]
 [16.87254902  6.68977079]]

symmetry:

[[15.38826087  7.56574145]
 [16.46007109  6.94994646]
 [16.87254902  6.68977079]
 [16.87254902  6.68977079]]

GROUND-TRUTH:

[[ 9.3152977   3.9146656 ]
 [ 9.88255022  3.69412628]
 [ 9.95651951  3.77808678]
 [10.22023331  3.57276765]]

 no symmetry DIFF:

[[6.07296317 3.65107585]
 [6.57752087 3.25582018]
 [6.91602951 2.91168401]
 [6.65231571 3.11700314]]

symmetry DIFF:

[[6.07296317 3.65107585]
 [6.57752087 3.25582018]
 [6.91602951 2.91168401]
 [6.65231571 3.11700314]]


{(30, False): (2996800, -5650.0, 6.0729631727138145, 3.651075850592699), (32, False): (3196560, -6089.0, 6.577520867192618, 3.255820181608557), (34, False): (3396320, -6468.0, 6.9160295070391395, 2.911684005317297), (36, False): (3596080, -6885.0, 6.652315705890919, 3.1170031425930884), (30, True): (3042400, -5650.0, 6.0729631727138145, 3.651075850592699), (32, True): (3245200, -6089.0, 6.577520867192618, 3.255820181608557), (34, True): (3448000, -6468.0, 6.9160295070391395, 2.911684005317297), (36, True): (3650800, -6885.0, 6.652315705890919, 3.1170031425930884)}
