0. iteration:


Problem
  Name                   :
  Objective sense        : max
  Type                   : LO (linear optimization problem)
  Constraints            : 732800
  Cones                  : 0
  Scalar variables       : 246000
  Matrix variables       : 0
  Integer variables      : 246000

Optimizer started.
Mixed integer optimizer started.
Threads used: 8
Presolve started.
Presolve terminated. Time = 0.55
Presolved problem: 0 variables, 0 constraints, 0 non-zeros
Presolved problem: 0 general integer, 0 binary, 0 continuous
Clique table size: 0
BRANCHES RELAXS   ACT_NDS  DEPTH    BEST_INT_OBJ         BEST_RELAX_OBJ       REL_GAP(%)  TIME
0        0        1        0        2.0000000000e+01     NA                   NA          1.4
0        1        1        0        2.0000000000e+01     2.0000000000e+01     0.00e+00    1.4
An optimal solution satisfying the relative gap tolerance of 1.00e+00(%) has been located.
The relative gap is 0.00e+00(%).
An optimal solution satisfying the absolute gap tolerance of 0.00e+00 has been located.
The absolute gap is 0.00e+00.

Objective of best integer solution : 2.000000000000e+01
Best objective bound               : 2.000000000000e+01
Construct solution objective       : Not employed
User objective cut value           : Not employed
Number of cuts generated           : 0
Number of branches                 : 0
Number of relaxations solved       : 1
Number of interior point iterations: 0
Number of simplex iterations       : 0
Time spend presolving the root     : 0.55
Time spend optimizing the root     : 0.00
Mixed integer optimizer terminated. Time: 1.36

Optimizer terminated. Time: 1.50


Integer solution solution summary
  Problem status  : PRIMAL_FEASIBLE
  Solution status : INTEGER_OPTIMAL
  Primal.  obj: 2.0000000000e+01    nrm: 1e+00    Viol.  con: 0e+00    var: 0e+00    itg: 0e+00

 MOSEK UNARY VALUES:

6.844999999999999 1.1839974662135047

                    Analyzing the problem

*** Structural report
               Dimensions
               Constraints   Variables     Matrix var.   Cones
               732800        246000        0             0

               Constraint and bound types
               Free          Lower         Upper         Ranged        Fixed
 Constraints:  244000        760           488040        0             0
   Variables:  0             0             0             246000        0

               Integer constraint types
               Binary        General
               244851        1149

*** Data report
               Nonzeros      Min           Max
        |cj|:  400           0.0e+00       1.0e+00
       |Aij|:  1218320       5.5e-02       1.0e+00

               # finite      Min           Max
      |blci|:  760           0.0e+00       0.0e+00
      |buci|:  488040        0.0e+00       5.0e-01
      |blxj|:  246000        0.0e+00       0.0e+00
      |buxj|:  246000        0.0e+00       1.0e+00

*** Done analyzing the problem



{(1, True): (0, 20.0, 1.4964978694915771, 2.8617331545191234, 3.6975478006181497, 246000, 732800)}
NO SYMMETRY


0. iteration:


Problem
  Name                   :
  Objective sense        : max
  Type                   : LO (linear optimization problem)
  Constraints            : 732040
  Cones                  : 0
  Scalar variables       : 246000
  Matrix variables       : 0
  Integer variables      : 246000

Optimizer started.
Mixed integer optimizer started.
Threads used: 8
Presolve started.
Presolve terminated. Time = 0.55
Presolved problem: 180 variables, 9 constraints, 420 non-zeros
Presolved problem: 0 general integer, 180 binary, 0 continuous
Clique table size: 0
BRANCHES RELAXS   ACT_NDS  DEPTH    BEST_INT_OBJ         BEST_RELAX_OBJ       REL_GAP(%)  TIME
0        0        1        0        2.0000000000e+01     NA                   NA          1.2
0        1        1        0        2.0000000000e+01     2.3400000000e+01     17.00       1.2
Cut generation started.
0        1        1        0        2.0000000000e+01     2.3400000000e+01     17.00       1.3
Cut generation terminated. Time = 0.00
An optimal solution satisfying the relative gap tolerance of 1.00e+00(%) has been located.
The relative gap is 0.00e+00(%).
An optimal solution satisfying the absolute gap tolerance of 0.00e+00 has been located.
The absolute gap is 0.00e+00.

Objective of best integer solution : 2.000000000000e+01
Best objective bound               : 2.000000000000e+01
Construct solution objective       : Not employed
User objective cut value           : Not employed
Number of cuts generated           : 10
  Number of Gomory cuts            : 6
  Number of CMIR cuts              : 4
Number of branches                 : 0
Number of relaxations solved       : 3
Number of interior point iterations: 0
Number of simplex iterations       : 12
Time spend presolving the root     : 0.55
Time spend optimizing the root     : 0.00
Mixed integer optimizer terminated. Time: 1.27

Optimizer terminated. Time: 1.42


Integer solution solution summary
  Problem status  : PRIMAL_FEASIBLE
  Solution status : INTEGER_OPTIMAL
  Primal.  obj: 2.0000000000e+01    nrm: 1e+00    Viol.  con: 0e+00    var: 0e+00    itg: 0e+00

 MOSEK UNARY VALUES:

6.844999999999999 1.1839974662135047

                    Analyzing the problem

*** Structural report
               Dimensions
               Constraints   Variables     Matrix var.   Cones
               732040        246000        0             0

               Constraint and bound types
               Free          Lower         Upper         Ranged        Fixed
 Constraints:  244000        0             488040        0             0
   Variables:  0             0             0             246000        0

               Integer constraint types
               Binary        General
               244851        1149

*** Data report
               Nonzeros      Min           Max
        |cj|:  400           0.0e+00       1.0e+00
       |Aij|:  1216800       5.5e-02       1.0e+00

               # finite      Min           Max
      |buci|:  488040        0.0e+00       5.0e-01
      |blxj|:  246000        0.0e+00       0.0e+00
      |buxj|:  246000        0.0e+00       1.0e+00

*** Done analyzing the problem



{(1, True): (0, 20.0, 1.4964978694915771, 2.8617331545191234, 3.6975478006181497, 246000, 732800), (1, False): (420, 20.0, 1.416841983795166, 2.8617331545191234, 3.6975478006181497, 246000, 732040)}
