SYMMETRY




0. iteration: 


Problem
  Name                   :                 
  Objective sense        : max             
  Type                   : LO (linear optimization problem)
  Constraints            : 1540100         
  Cones                  : 0               
  Scalar variables       : 385400          
  Matrix variables       : 0               
  Integer variables      : 385400          

Optimizer started.
Mixed integer optimizer started.
Threads used: 2
Presolve started.
Presolve terminated. Time = 1.67
Presolved problem: 113 variables, 340 constraints, 934 non-zeros
Presolved problem: 0 general integer, 113 binary, 0 continuous
Clique table size: 257
BRANCHES RELAXS   ACT_NDS  DEPTH    BEST_INT_OBJ         BEST_RELAX_OBJ       REL_GAP(%)  TIME  
0        0        1        0        2.0000000000e+01     NA                   NA          4.6   
0        1        1        0        2.0000000000e+01     2.0000000000e+01     0.00e+00    4.7   
An optimal solution satisfying the relative gap tolerance of 1.00e+00(%) has been located.
The relative gap is 0.00e+00(%).
An optimal solution satisfying the absolute gap tolerance of 0.00e+00 has been located.
The absolute gap is 0.00e+00.

Objective of best integer solution : 2.000000000000e+01      
Best objective bound               : 2.000000000000e+01      
Construct solution objective       : Not employed
User objective cut value           : Not employed
Number of cuts generated           : 0
Number of branches                 : 0
Number of relaxations solved       : 1
Number of interior point iterations: 7
Number of simplex iterations       : 0
Time spend presolving the root     : 1.67
Time spend optimizing the root     : 0.04
Mixed integer optimizer terminated. Time: 4.68

Optimizer terminated. Time: 5.02    


Integer solution solution summary
  Problem status  : PRIMAL_FEASIBLE
  Solution status : INTEGER_OPTIMAL
  Primal.  obj: 2.0000000000e+01    nrm: 6e+00    Viol.  con: 0e+00    var: 0e+00    itg: 0e+00  

 MOSEK UNARY VALUES: 

6.384999999999999 1.3558300040934335

                    Analyzing the problem

*** Structural report
               Dimensions
               Constraints   Variables     Matrix var.   Cones       
               1540100       385400        0             0           

               Constraint and bound types
               Free          Lower         Upper         Ranged        Fixed       
 Constraints:  0             385090        1155010       0             0           
   Variables:  0             0             0             385400        0           

               Integer constraint types
               Binary        General     
               385113        287         

*** Data report
               Nonzeros      Min           Max         
        |cj|:  100           0.0e+00       1.0e+00     
       |Aij|:  4230280       3.3e-01       1.0e+00     

               # finite      Min           Max         
      |blci|:  385090        0.0e+00       2.0e+00     
      |buci|:  1155010       0.0e+00       5.0e-01     
      |blxj|:  385400        0.0e+00       0.0e+00     
      |buxj|:  385400        0.0e+00       1.0e+00     

*** Done analyzing the problem



{(1, True): (934, 20.0, 5.024295091629028, 9.389651744573353, 10.278744579805164, 385400, 1540100, 0.0, 385400, 1540100)}


1. iteration: 


Problem
  Name                   :                 
  Objective sense        : max             
  Type                   : LO (linear optimization problem)
  Constraints            : 3080200         
  Cones                  : 0               
  Scalar variables       : 770700          
  Matrix variables       : 0               
  Integer variables      : 770700          

Optimizer started.
Mixed integer optimizer started.
Threads used: 2
Presolve started.
Presolve terminated. Time = 4.54
Presolved problem: 472 variables, 1651 constraints, 4539 non-zeros
Presolved problem: 0 general integer, 472 binary, 0 continuous
Clique table size: 1244
BRANCHES RELAXS   ACT_NDS  DEPTH    BEST_INT_OBJ         BEST_RELAX_OBJ       REL_GAP(%)  TIME  
0        0        1        0        5.1000000000e+01     NA                   NA          10.2  
0        1        1        0        5.1000000000e+01     5.1000000000e+01     0.00e+00    10.2  
An optimal solution satisfying the relative gap tolerance of 1.00e+00(%) has been located.
The relative gap is 0.00e+00(%).
An optimal solution satisfying the absolute gap tolerance of 0.00e+00 has been located.
The absolute gap is 0.00e+00.

Objective of best integer solution : 5.100000000000e+01      
Best objective bound               : 5.100000000000e+01      
Construct solution objective       : Not employed
User objective cut value           : Not employed
Number of cuts generated           : 0
Number of branches                 : 0
Number of relaxations solved       : 1
Number of interior point iterations: 9
Number of simplex iterations       : 0
Time spend presolving the root     : 4.54
Time spend optimizing the root     : 0.03
Mixed integer optimizer terminated. Time: 10.23

Optimizer terminated. Time: 10.87   


Integer solution solution summary
  Problem status  : PRIMAL_FEASIBLE
  Solution status : INTEGER_OPTIMAL
  Primal.  obj: 5.1000000000e+01    nrm: 4e+01    Viol.  con: 0e+00    var: 0e+00    itg: 0e+00  

 MOSEK UNARY VALUES: 

6.384999999999999 1.3558300040934335
5.201612903225806 2.018282720651066

                    Analyzing the problem

*** Structural report
               Dimensions
               Constraints   Variables     Matrix var.   Cones       
               3080200       770700        0             0           

               Constraint and bound types
               Free          Lower         Upper         Ranged        Fixed       
 Constraints:  0             770180        2310020       0             0           
   Variables:  0             0             0             770700        0           

               Integer constraint types
               Binary        General     
               770221        479         

*** Data report
               Nonzeros      Min           Max         
        |cj|:  200           0.0e+00       1.0e+00     
       |Aij|:  8460560       3.3e-01       1.0e+00     

               # finite      Min           Max         
      |blci|:  770180        0.0e+00       2.0e+00     
      |buci|:  2310020       0.0e+00       5.0e-01     
      |blxj|:  770700        0.0e+00       0.0e+00     
      |buxj|:  770700        0.0e+00       1.0e+00     

*** Done analyzing the problem



{(1, True): (934, 20.0, 5.024295091629028, 9.389651744573353, 10.278744579805164, 385400, 1540100, 0.0, 385400, 1540100), (2, True): (4539, 51.0, 10.86940312385559, 15.65856689571803, 18.31016201416361, 770700, 3080200, 0.0, 770700, 3080200)}


2. iteration: 


Problem
  Name                   :                 
  Objective sense        : max             
  Type                   : LO (linear optimization problem)
  Constraints            : 4620300         
  Cones                  : 0               
  Scalar variables       : 1156000         
  Matrix variables       : 0               
  Integer variables      : 1156000         

Optimizer started.
Mixed integer optimizer started.
Threads used: 2
Presolve started.
Presolve terminated. Time = 7.70
Presolved problem: 1077 variables, 3916 constraints, 10768 non-zeros
Presolved problem: 0 general integer, 1077 binary, 0 continuous
Clique table size: 2950
BRANCHES RELAXS   ACT_NDS  DEPTH    BEST_INT_OBJ         BEST_RELAX_OBJ       REL_GAP(%)  TIME  
0        0        1        0        9.2000000000e+01     NA                   NA          16.4  
0        1        1        0        9.2000000000e+01     9.2000000000e+01     0.00e+00    16.5  
An optimal solution satisfying the relative gap tolerance of 1.00e+00(%) has been located.
The relative gap is 0.00e+00(%).
An optimal solution satisfying the absolute gap tolerance of 0.00e+00 has been located.
The absolute gap is 0.00e+00.

Objective of best integer solution : 9.200000000000e+01      
Best objective bound               : 9.200000000000e+01      
Construct solution objective       : Not employed
User objective cut value           : Not employed
Number of cuts generated           : 0
Number of branches                 : 0
Number of relaxations solved       : 1
Number of interior point iterations: 9
Number of simplex iterations       : 0
Time spend presolving the root     : 7.70
Time spend optimizing the root     : 0.07
Mixed integer optimizer terminated. Time: 16.51

Optimizer terminated. Time: 17.39   


Integer solution solution summary
  Problem status  : PRIMAL_FEASIBLE
  Solution status : INTEGER_OPTIMAL
  Primal.  obj: 9.2000000000e+01    nrm: 5e+01    Viol.  con: 0e+00    var: 0e+00    itg: 0e+00  

 MOSEK UNARY VALUES: 

6.439473684210527 1.3695541867192078
5.0625 2.132157065040003
4.0597560975609746 2.690344513077867

                    Analyzing the problem

*** Structural report
               Dimensions
               Constraints   Variables     Matrix var.   Cones       
               4620300       1156000       0             0           

               Constraint and bound types
               Free          Lower         Upper         Ranged        Fixed       
 Constraints:  0             1155270       3465030       0             0           
   Variables:  0             0             0             1156000       0           

               Integer constraint types
               Binary        General     
               1155329       671         

*** Data report
               Nonzeros      Min           Max         
        |cj|:  300           0.0e+00       1.0e+00     
       |Aij|:  12690840      3.3e-01       1.0e+00     

               # finite      Min           Max         
      |blci|:  1155270       0.0e+00       2.0e+00     
      |buci|:  3465030       0.0e+00       5.0e-01     
      |blxj|:  1156000       0.0e+00       0.0e+00     
      |buxj|:  1156000       0.0e+00       1.0e+00     

*** Done analyzing the problem



{(1, True): (934, 20.0, 5.024295091629028, 9.389651744573353, 10.278744579805164, 385400, 1540100, 0.0, 385400, 1540100), (2, True): (4539, 51.0, 10.86940312385559, 15.65856689571803, 18.31016201416361, 770700, 3080200, 0.0, 770700, 3080200), (3, True): (10768, 92.0, 17.392738103866577, 36.14831040646244, 35.71187550491306, 1156000, 4620300, 0.0, 1156000, 4620300)}


3. iteration: 


Problem
  Name                   :                 
  Objective sense        : max             
  Type                   : LO (linear optimization problem)
  Constraints            : 6160400         
  Cones                  : 0               
  Scalar variables       : 1541300         
  Matrix variables       : 0               
  Integer variables      : 1541300         

Optimizer started.
Mixed integer optimizer started.
Threads used: 2
Presolve started.
Presolve terminated. Time = 10.55
Presolved problem: 1781 variables, 6580 constraints, 18095 non-zeros
Presolved problem: 0 general integer, 1781 binary, 0 continuous
Clique table size: 4954
BRANCHES RELAXS   ACT_NDS  DEPTH    BEST_INT_OBJ         BEST_RELAX_OBJ       REL_GAP(%)  TIME  
0        0        1        0        1.3200000000e+02     NA                   NA          22.2  
0        1        1        0        1.3200000000e+02     1.3200000000e+02     0.00e+00    22.4  
An optimal solution satisfying the relative gap tolerance of 1.00e+00(%) has been located.
The relative gap is 0.00e+00(%).
An optimal solution satisfying the absolute gap tolerance of 0.00e+00 has been located.
The absolute gap is 0.00e+00.

Objective of best integer solution : 1.320000000000e+02      
Best objective bound               : 1.320000000000e+02      
Construct solution objective       : Not employed
User objective cut value           : Not employed
Number of cuts generated           : 0
Number of branches                 : 0
Number of relaxations solved       : 1
Number of interior point iterations: 10
Number of simplex iterations       : 0
Time spend presolving the root     : 10.55
Time spend optimizing the root     : 0.14
Mixed integer optimizer terminated. Time: 22.36

Optimizer terminated. Time: 23.44   


Integer solution solution summary
  Problem status  : PRIMAL_FEASIBLE
  Solution status : INTEGER_OPTIMAL
  Primal.  obj: 1.3200000000e+02    nrm: 7e+01    Viol.  con: 0e+00    var: 0e+00    itg: 0e+00  

 MOSEK UNARY VALUES: 

6.5 1.3821279889278624
5.201612903225806 2.018282720651066
4.199999999999999 2.571478174124758
3.798837209302325 2.8804369898626416

                    Analyzing the problem

*** Structural report
               Dimensions
               Constraints   Variables     Matrix var.   Cones       
               6160400       1541300       0             0           

               Constraint and bound types
               Free          Lower         Upper         Ranged        Fixed       
 Constraints:  0             1540360       4620040       0             0           
   Variables:  0             0             0             1541300       0           

               Integer constraint types
               Binary        General     
               1540437       863         

*** Data report
               Nonzeros      Min           Max         
        |cj|:  400           0.0e+00       1.0e+00     
       |Aij|:  16921120      3.3e-01       1.0e+00     

               # finite      Min           Max         
      |blci|:  1540360       0.0e+00       2.0e+00     
      |buci|:  4620040       0.0e+00       5.0e-01     
      |blxj|:  1541300       0.0e+00       0.0e+00     
      |buxj|:  1541300       0.0e+00       1.0e+00     

*** Done analyzing the problem



{(1, True): (934, 20.0, 5.024295091629028, 9.389651744573353, 10.278744579805164, 385400, 1540100, 0.0, 385400, 1540100), (2, True): (4539, 51.0, 10.86940312385559, 15.65856689571803, 18.31016201416361, 770700, 3080200, 0.0, 770700, 3080200), (3, True): (10768, 92.0, 17.392738103866577, 36.14831040646244, 35.71187550491306, 1156000, 4620300, 0.0, 1156000, 4620300), (4, True): (18095, 132.0, 23.43993091583252, 47.762506418714146, 55.339074465075754, 1541300, 6160400, 0.0, 1541300, 6160400)}


4. iteration: 


Problem
  Name                   :                 
  Objective sense        : max             
  Type                   : LO (linear optimization problem)
  Constraints            : 7700500         
  Cones                  : 0               
  Scalar variables       : 1926600         
  Matrix variables       : 0               
  Integer variables      : 1926600         

Optimizer started.
Mixed integer optimizer started.
Threads used: 2
Presolve started.
Presolve terminated. Time = 13.82
Presolved problem: 2840 variables, 10653 constraints, 29299 non-zeros
Presolved problem: 0 general integer, 2840 binary, 0 continuous
Clique table size: 8013
BRANCHES RELAXS   ACT_NDS  DEPTH    BEST_INT_OBJ         BEST_RELAX_OBJ       REL_GAP(%)  TIME  
0        0        1        0        1.7300000000e+02     NA                   NA          28.2  
0        1        1        0        1.7300000000e+02     1.7300000000e+02     0.00e+00    28.4  
An optimal solution satisfying the relative gap tolerance of 1.00e+00(%) has been located.
The relative gap is 0.00e+00(%).
An optimal solution satisfying the absolute gap tolerance of 0.00e+00 has been located.
The absolute gap is 0.00e+00.

Objective of best integer solution : 1.730000000000e+02      
Best objective bound               : 1.730000000000e+02      
Construct solution objective       : Not employed
User objective cut value           : Not employed
Number of cuts generated           : 0
Number of branches                 : 0
Number of relaxations solved       : 1
Number of interior point iterations: 11
Number of simplex iterations       : 0
Time spend presolving the root     : 13.82
Time spend optimizing the root     : 0.22
Mixed integer optimizer terminated. Time: 28.38

Optimizer terminated. Time: 29.87   


Integer solution solution summary
  Problem status  : PRIMAL_FEASIBLE
  Solution status : INTEGER_OPTIMAL
  Primal.  obj: 1.7300000000e+02    nrm: 1e+02    Viol.  con: 0e+00    var: 0e+00    itg: 0e+00  

 MOSEK UNARY VALUES: 

6.1863636363636365 1.4784959970264175
4.931818181818181 2.2259427074026674
4.0597560975609746 2.690344513077867
3.343617021276595 3.133443775765011
5.349999999999999 1.8779421361337698

                    Analyzing the problem

*** Structural report
               Dimensions
               Constraints   Variables     Matrix var.   Cones       
               7700500       1926600       0             0           

               Constraint and bound types
               Free          Lower         Upper         Ranged        Fixed       
 Constraints:  0             1925450       5775050       0             0           
   Variables:  0             0             0             1926600       0           

               Integer constraint types
               Binary        General     
               1925547       1053        

*** Data report
               Nonzeros      Min           Max         
        |cj|:  500           0.0e+00       1.0e+00     
       |Aij|:  21151400      3.3e-01       1.0e+00     

               # finite      Min           Max         
      |blci|:  1925450       0.0e+00       2.0e+00     
      |buci|:  5775050       0.0e+00       5.0e-01     
      |blxj|:  1926600       0.0e+00       0.0e+00     
      |buxj|:  1926600       0.0e+00       1.0e+00     

*** Done analyzing the problem



{(1, True): (934, 20.0, 5.024295091629028, 9.389651744573353, 10.278744579805164, 385400, 1540100, 0.0, 385400, 1540100), (2, True): (4539, 51.0, 10.86940312385559, 15.65856689571803, 18.31016201416361, 770700, 3080200, 0.0, 770700, 3080200), (3, True): (10768, 92.0, 17.392738103866577, 36.14831040646244, 35.71187550491306, 1156000, 4620300, 0.0, 1156000, 4620300), (4, True): (18095, 132.0, 23.43993091583252, 47.762506418714146, 55.339074465075754, 1541300, 6160400, 0.0, 1541300, 6160400), (5, True): (29299, 173.0, 29.87062406539917, 41.42521576147194, 39.234165565541375, 1926600, 7700500, 0.0, 1926600, 7700500)}


5. iteration: 


Problem
  Name                   :                 
  Objective sense        : max             
  Type                   : LO (linear optimization problem)
  Constraints            : 9240600         
  Cones                  : 0               
  Scalar variables       : 2311900         
  Matrix variables       : 0               
  Integer variables      : 2311900         

Optimizer started.
Mixed integer optimizer started.
Threads used: 2
Presolve started.
Presolve terminated. Time = 16.81
Presolved problem: 3069 variables, 11452 constraints, 31496 non-zeros
Presolved problem: 0 general integer, 3069 binary, 0 continuous
Clique table size: 8620
BRANCHES RELAXS   ACT_NDS  DEPTH    BEST_INT_OBJ         BEST_RELAX_OBJ       REL_GAP(%)  TIME  
0        0        1        0        2.0400000000e+02     NA                   NA          34.5  
0        1        1        0        2.0400000000e+02     2.0400000000e+02     0.00e+00    34.7  
An optimal solution satisfying the relative gap tolerance of 1.00e+00(%) has been located.
The relative gap is 0.00e+00(%).
An optimal solution satisfying the absolute gap tolerance of 0.00e+00 has been located.
The absolute gap is 0.00e+00.

Objective of best integer solution : 2.040000000000e+02      
Best objective bound               : 2.040000000000e+02      
Construct solution objective       : Not employed
User objective cut value           : Not employed
Number of cuts generated           : 0
Number of branches                 : 0
Number of relaxations solved       : 1
Number of interior point iterations: 8
Number of simplex iterations       : 0
Time spend presolving the root     : 16.81
Time spend optimizing the root     : 0.21
Mixed integer optimizer terminated. Time: 34.72

Optimizer terminated. Time: 36.41   


Integer solution solution summary
  Problem status  : PRIMAL_FEASIBLE
  Solution status : INTEGER_OPTIMAL
  Primal.  obj: 2.0400000000e+02    nrm: 1e+02    Viol.  con: 0e+00    var: 0e+00    itg: 0e+00  

 MOSEK UNARY VALUES: 

6.5 1.3821279889278624
5.201612903225806 2.018282720651066
4.0597560975609746 2.690344513077867
3.6772727272727272 2.956991994052835
5.349999999999999 1.8779421361337698
4.199999999999999 2.571478174124758

                    Analyzing the problem

*** Structural report
               Dimensions
               Constraints   Variables     Matrix var.   Cones       
               9240600       2311900       0             0           

               Constraint and bound types
               Free          Lower         Upper         Ranged        Fixed       
 Constraints:  0             2310540       6930060       0             0           
   Variables:  0             0             0             2311900       0           

               Integer constraint types
               Binary        General     
               2310653       1247        

*** Data report
               Nonzeros      Min           Max         
        |cj|:  600           0.0e+00       1.0e+00     
       |Aij|:  25381680      3.3e-01       1.0e+00     

               # finite      Min           Max         
      |blci|:  2310540       0.0e+00       2.0e+00     
      |buci|:  6930060       0.0e+00       5.0e-01     
      |blxj|:  2311900       0.0e+00       0.0e+00     
      |buxj|:  2311900       0.0e+00       1.0e+00     

*** Done analyzing the problem



{(1, True): (934, 20.0, 5.024295091629028, 9.389651744573353, 10.278744579805164, 385400, 1540100, 0.0, 385400, 1540100), (2, True): (4539, 51.0, 10.86940312385559, 15.65856689571803, 18.31016201416361, 770700, 3080200, 0.0, 770700, 3080200), (3, True): (10768, 92.0, 17.392738103866577, 36.14831040646244, 35.71187550491306, 1156000, 4620300, 0.0, 1156000, 4620300), (4, True): (18095, 132.0, 23.43993091583252, 47.762506418714146, 55.339074465075754, 1541300, 6160400, 0.0, 1541300, 6160400), (5, True): (29299, 173.0, 29.87062406539917, 41.42521576147194, 39.234165565541375, 1926600, 7700500, 0.0, 1926600, 7700500), (6, True): (31496, 204.0, 36.40795397758484, 61.56628032081235, 52.11951920542388, 2311900, 9240600, 0.0, 2311900, 9240600)}


6. iteration: 


Problem
  Name                   :                 
  Objective sense        : max             
  Type                   : LO (linear optimization problem)
  Constraints            : 10780700        
  Cones                  : 0               
  Scalar variables       : 2697200         
  Matrix variables       : 0               
  Integer variables      : 2697200         

Optimizer started.
Mixed integer optimizer started.
Threads used: 2
Presolve started.
Presolve terminated. Time = 19.33
Presolved problem: 4149 variables, 15581 constraints, 42855 non-zeros
Presolved problem: 0 general integer, 4149 binary, 0 continuous
Clique table size: 11721
BRANCHES RELAXS   ACT_NDS  DEPTH    BEST_INT_OBJ         BEST_RELAX_OBJ       REL_GAP(%)  TIME  
0        0        1        0        2.5300000000e+02     NA                   NA          39.8  
0        1        1        0        2.5300000000e+02     2.5300000000e+02     0.00e+00    40.1  
An optimal solution satisfying the relative gap tolerance of 1.00e+00(%) has been located.
The relative gap is 0.00e+00(%).
An optimal solution satisfying the absolute gap tolerance of 0.00e+00 has been located.
The absolute gap is 0.00e+00.

Objective of best integer solution : 2.530000000000e+02      
Best objective bound               : 2.530000000000e+02      
Construct solution objective       : Not employed
User objective cut value           : Not employed
Number of cuts generated           : 0
Number of branches                 : 0
Number of relaxations solved       : 1
Number of interior point iterations: 9
Number of simplex iterations       : 0
Time spend presolving the root     : 19.33
Time spend optimizing the root     : 0.32
Mixed integer optimizer terminated. Time: 40.10

Optimizer terminated. Time: 42.05   


Integer solution solution summary
  Problem status  : PRIMAL_FEASIBLE
  Solution status : INTEGER_OPTIMAL
  Primal.  obj: 2.5300000000e+02    nrm: 1e+02    Viol.  con: 0e+00    var: 0e+00    itg: 0e+00  

 MOSEK UNARY VALUES: 

6.1863636363636365 1.4784959970264175
4.931818181818181 2.2259427074026674
4.0597560975609746 2.690344513077867
3.343617021276595 3.133443775765011
5.349999999999999 1.8779421361337698
4.199999999999999 2.571478174124758
4.199999999999999 2.571478174124758

                    Analyzing the problem

*** Structural report
               Dimensions
               Constraints   Variables     Matrix var.   Cones       
               10780700      2697200       0             0           

               Constraint and bound types
               Free          Lower         Upper         Ranged        Fixed       
 Constraints:  0             2695630       8085070       0             0           
   Variables:  0             0             0             2697200       0           

               Integer constraint types
               Binary        General     
               2695764       1436        

*** Data report
               Nonzeros      Min           Max         
        |cj|:  700           0.0e+00       1.0e+00     
       |Aij|:  29611960      3.3e-01       1.0e+00     

               # finite      Min           Max         
      |blci|:  2695630       0.0e+00       2.0e+00     
      |buci|:  8085070       0.0e+00       5.0e-01     
      |blxj|:  2697200       0.0e+00       0.0e+00     
      |buxj|:  2697200       0.0e+00       1.0e+00     

*** Done analyzing the problem



{(1, True): (934, 20.0, 5.024295091629028, 9.389651744573353, 10.278744579805164, 385400, 1540100, 0.0, 385400, 1540100), (2, True): (4539, 51.0, 10.86940312385559, 15.65856689571803, 18.31016201416361, 770700, 3080200, 0.0, 770700, 3080200), (3, True): (10768, 92.0, 17.392738103866577, 36.14831040646244, 35.71187550491306, 1156000, 4620300, 0.0, 1156000, 4620300), (4, True): (18095, 132.0, 23.43993091583252, 47.762506418714146, 55.339074465075754, 1541300, 6160400, 0.0, 1541300, 6160400), (5, True): (29299, 173.0, 29.87062406539917, 41.42521576147194, 39.234165565541375, 1926600, 7700500, 0.0, 1926600, 7700500), (6, True): (31496, 204.0, 36.40795397758484, 61.56628032081235, 52.11951920542388, 2311900, 9240600, 0.0, 2311900, 9240600), (7, True): (42855, 253.0, 42.0456440448761, 68.42440782389792, 65.01748590406653, 2697200, 10780700, 0.0, 2697200, 10780700)}


7. iteration: 


Problem
  Name                   :                 
  Objective sense        : max             
  Type                   : LO (linear optimization problem)
  Constraints            : 12320800        
  Cones                  : 0               
  Scalar variables       : 3082500         
  Matrix variables       : 0               
  Integer variables      : 3082500         

Optimizer started.
Mixed integer optimizer started.
Threads used: 2
Presolve started.
Presolve terminated. Time = 22.30
Presolved problem: 4839 variables, 18208 constraints, 50080 non-zeros
Presolved problem: 0 general integer, 4839 binary, 0 continuous
Clique table size: 13698
BRANCHES RELAXS   ACT_NDS  DEPTH    BEST_INT_OBJ         BEST_RELAX_OBJ       REL_GAP(%)  TIME  
0        0        1        0        2.8800000000e+02     NA                   NA          45.5  
0        1        1        0        2.8800000000e+02     2.8800000000e+02     0.00e+00    45.9  
An optimal solution satisfying the relative gap tolerance of 1.00e+00(%) has been located.
The relative gap is 0.00e+00(%).
An optimal solution satisfying the absolute gap tolerance of 0.00e+00 has been located.
The absolute gap is 0.00e+00.

Objective of best integer solution : 2.880000000000e+02      
Best objective bound               : 2.880000000000e+02      
Construct solution objective       : Not employed
User objective cut value           : Not employed
Number of cuts generated           : 0
Number of branches                 : 0
Number of relaxations solved       : 1
Number of interior point iterations: 10
Number of simplex iterations       : 0
Time spend presolving the root     : 22.30
Time spend optimizing the root     : 0.39
Mixed integer optimizer terminated. Time: 45.91

Optimizer terminated. Time: 48.12   


Integer solution solution summary
  Problem status  : PRIMAL_FEASIBLE
  Solution status : INTEGER_OPTIMAL
  Primal.  obj: 2.8800000000e+02    nrm: 2e+02    Viol.  con: 0e+00    var: 0e+00    itg: 0e+00  

 MOSEK UNARY VALUES: 

6.439473684210527 1.3695541867192078
5.201612903225806 2.018282720651066
4.0597560975609746 2.690344513077867
3.343617021276595 3.133443775765011
5.349999999999999 1.8779421361337698
4.199999999999999 2.571478174124758
4.199999999999999 2.571478174124758
4.199999999999999 2.571478174124758

                    Analyzing the problem

*** Structural report
               Dimensions
               Constraints   Variables     Matrix var.   Cones       
               12320800      3082500       0             0           

               Constraint and bound types
               Free          Lower         Upper         Ranged        Fixed       
 Constraints:  0             3080720       9240080       0             0           
   Variables:  0             0             0             3082500       0           

               Integer constraint types
               Binary        General     
               3080871       1629        

*** Data report
               Nonzeros      Min           Max         
        |cj|:  800           0.0e+00       1.0e+00     
       |Aij|:  33842240      3.3e-01       1.0e+00     

               # finite      Min           Max         
      |blci|:  3080720       0.0e+00       2.0e+00     
      |buci|:  9240080       0.0e+00       5.0e-01     
      |blxj|:  3082500       0.0e+00       0.0e+00     
      |buxj|:  3082500       0.0e+00       1.0e+00     

*** Done analyzing the problem



{(1, True): (934, 20.0, 5.024295091629028, 9.389651744573353, 10.278744579805164, 385400, 1540100, 0.0, 385400, 1540100), (2, True): (4539, 51.0, 10.86940312385559, 15.65856689571803, 18.31016201416361, 770700, 3080200, 0.0, 770700, 3080200), (3, True): (10768, 92.0, 17.392738103866577, 36.14831040646244, 35.71187550491306, 1156000, 4620300, 0.0, 1156000, 4620300), (4, True): (18095, 132.0, 23.43993091583252, 47.762506418714146, 55.339074465075754, 1541300, 6160400, 0.0, 1541300, 6160400), (5, True): (29299, 173.0, 29.87062406539917, 41.42521576147194, 39.234165565541375, 1926600, 7700500, 0.0, 1926600, 7700500), (6, True): (31496, 204.0, 36.40795397758484, 61.56628032081235, 52.11951920542388, 2311900, 9240600, 0.0, 2311900, 9240600), (7, True): (42855, 253.0, 42.0456440448761, 68.42440782389792, 65.01748590406653, 2697200, 10780700, 0.0, 2697200, 10780700), (8, True): (50080, 288.0, 48.115103006362915, 75.83304233427297, 65.42262387199742, 3082500, 12320800, 0.0, 3082500, 12320800)}


8. iteration: 


Problem
  Name                   :                 
  Objective sense        : max             
  Type                   : LO (linear optimization problem)
  Constraints            : 13860900        
  Cones                  : 0               
  Scalar variables       : 3467800         
  Matrix variables       : 0               
  Integer variables      : 3467800         

Optimizer started.
Mixed integer optimizer started.
Threads used: 2
Presolve started.
Presolve terminated. Time = 25.05
Presolved problem: 5227 variables, 19656 constraints, 54064 non-zeros
Presolved problem: 0 general integer, 5227 binary, 0 continuous
Clique table size: 14788
BRANCHES RELAXS   ACT_NDS  DEPTH    BEST_INT_OBJ         BEST_RELAX_OBJ       REL_GAP(%)  TIME  
0        0        1        0        3.1200000000e+02     NA                   NA          50.7  
0        1        1        0        3.1200000000e+02     3.1200000000e+02     0.00e+00    51.2  
An optimal solution satisfying the relative gap tolerance of 1.00e+00(%) has been located.
The relative gap is 0.00e+00(%).
An optimal solution satisfying the absolute gap tolerance of 0.00e+00 has been located.
The absolute gap is 0.00e+00.

Objective of best integer solution : 3.120000000000e+02      
Best objective bound               : 3.120000000000e+02      
Construct solution objective       : Not employed
User objective cut value           : Not employed
Number of cuts generated           : 0
Number of branches                 : 0
Number of relaxations solved       : 1
Number of interior point iterations: 9
Number of simplex iterations       : 0
Time spend presolving the root     : 25.05
Time spend optimizing the root     : 0.41
Mixed integer optimizer terminated. Time: 51.16

Optimizer terminated. Time: 53.63   


Integer solution solution summary
  Problem status  : PRIMAL_FEASIBLE
  Solution status : INTEGER_OPTIMAL
  Primal.  obj: 3.1200000000e+02    nrm: 1e+02    Viol.  con: 0e+00    var: 0e+00    itg: 0e+00  

 MOSEK UNARY VALUES: 

6.384999999999999 1.3558300040934335
5.201612903225806 2.018282720651066
4.0597560975609746 2.690344513077867
4.199999999999999 2.571478174124758
5.349999999999999 1.8779421361337698
4.199999999999999 2.571478174124758
4.199999999999999 2.571478174124758
4.199999999999999 2.571478174124758
5.349999999999999 1.8779421361337698

                    Analyzing the problem

*** Structural report
               Dimensions
               Constraints   Variables     Matrix var.   Cones       
               13860900      3467800       0             0           

               Constraint and bound types
               Free          Lower         Upper         Ranged        Fixed       
 Constraints:  0             3465810       10395090      0             0           
   Variables:  0             0             0             3467800       0           

               Integer constraint types
               Binary        General     
               3465979       1821        

*** Data report
               Nonzeros      Min           Max         
        |cj|:  900           0.0e+00       1.0e+00     
       |Aij|:  38072520      3.3e-01       1.0e+00     

               # finite      Min           Max         
      |blci|:  3465810       0.0e+00       2.0e+00     
      |buci|:  10395090      0.0e+00       5.0e-01     
      |blxj|:  3467800       0.0e+00       0.0e+00     
      |buxj|:  3467800       0.0e+00       1.0e+00     

*** Done analyzing the problem



{(1, True): (934, 20.0, 5.024295091629028, 9.389651744573353, 10.278744579805164, 385400, 1540100, 0.0, 385400, 1540100), (2, True): (4539, 51.0, 10.86940312385559, 15.65856689571803, 18.31016201416361, 770700, 3080200, 0.0, 770700, 3080200), (3, True): (10768, 92.0, 17.392738103866577, 36.14831040646244, 35.71187550491306, 1156000, 4620300, 0.0, 1156000, 4620300), (4, True): (18095, 132.0, 23.43993091583252, 47.762506418714146, 55.339074465075754, 1541300, 6160400, 0.0, 1541300, 6160400), (5, True): (29299, 173.0, 29.87062406539917, 41.42521576147194, 39.234165565541375, 1926600, 7700500, 0.0, 1926600, 7700500), (6, True): (31496, 204.0, 36.40795397758484, 61.56628032081235, 52.11951920542388, 2311900, 9240600, 0.0, 2311900, 9240600), (7, True): (42855, 253.0, 42.0456440448761, 68.42440782389792, 65.01748590406653, 2697200, 10780700, 0.0, 2697200, 10780700), (8, True): (50080, 288.0, 48.115103006362915, 75.83304233427297, 65.42262387199742, 3082500, 12320800, 0.0, 3082500, 12320800), (9, True): (54064, 312.0, 53.629154205322266, 71.96524368735851, 85.43506488291013, 3467800, 13860900, 0.0, 3467800, 13860900)}


9. iteration: 


Problem
  Name                   :                 
  Objective sense        : max             
  Type                   : LO (linear optimization problem)
  Constraints            : 15401000        
  Cones                  : 0               
  Scalar variables       : 3853100         
  Matrix variables       : 0               
  Integer variables      : 3853100         

Optimizer started.
Mixed integer optimizer started.
Threads used: 2
Presolve started.
Presolve terminated. Time = 28.01
Presolved problem: 5627 variables, 21118 constraints, 58086 non-zeros
Presolved problem: 0 general integer, 5627 binary, 0 continuous
Clique table size: 15888
BRANCHES RELAXS   ACT_NDS  DEPTH    BEST_INT_OBJ         BEST_RELAX_OBJ       REL_GAP(%)  TIME  
0        0        1        0        3.5000000000e+02     NA                   NA          56.6  
0        1        1        0        3.5000000000e+02     3.5000000000e+02     0.00e+00    57.0  
An optimal solution satisfying the relative gap tolerance of 1.00e+00(%) has been located.
The relative gap is 0.00e+00(%).
An optimal solution satisfying the absolute gap tolerance of 0.00e+00 has been located.
The absolute gap is 0.00e+00.

Objective of best integer solution : 3.500000000000e+02      
Best objective bound               : 3.500000000000e+02      
Construct solution objective       : Not employed
User objective cut value           : Not employed
Number of cuts generated           : 0
Number of branches                 : 0
Number of relaxations solved       : 1
Number of interior point iterations: 9
Number of simplex iterations       : 0
Time spend presolving the root     : 28.01
Time spend optimizing the root     : 0.34
Mixed integer optimizer terminated. Time: 56.96

Optimizer terminated. Time: 59.69   


Integer solution solution summary
  Problem status  : PRIMAL_FEASIBLE
  Solution status : INTEGER_OPTIMAL
  Primal.  obj: 3.5000000000e+02    nrm: 1e+02    Viol.  con: 0e+00    var: 0e+00    itg: 0e+00  

 MOSEK UNARY VALUES: 

6.439473684210527 1.3695541867192078
5.201612903225806 2.018282720651066
4.199999999999999 2.571478174124758
3.798837209302325 2.8804369898626416
5.349999999999999 1.8779421361337698
4.199999999999999 2.571478174124758
4.199999999999999 2.571478174124758
4.199999999999999 2.571478174124758
5.349999999999999 1.8779421361337698
4.479729729729729 2.4708970758383306

                    Analyzing the problem

*** Structural report
               Dimensions
               Constraints   Variables     Matrix var.   Cones       
               15401000      3853100       0             0           

               Constraint and bound types
               Free          Lower         Upper         Ranged        Fixed       
 Constraints:  0             3850900       11550100      0             0           
   Variables:  0             0             0             3853100       0           

               Integer constraint types
               Binary        General     
               3851085       2015        

*** Data report
               Nonzeros      Min           Max         
        |cj|:  1000          0.0e+00       1.0e+00     
       |Aij|:  42302800      3.3e-01       1.0e+00     

               # finite      Min           Max         
      |blci|:  3850900       0.0e+00       2.0e+00     
      |buci|:  11550100      0.0e+00       5.0e-01     
      |blxj|:  3853100       0.0e+00       0.0e+00     
      |buxj|:  3853100       0.0e+00       1.0e+00     

*** Done analyzing the problem



{(1, True): (934, 20.0, 5.024295091629028, 9.389651744573353, 10.278744579805164, 385400, 1540100, 0.0, 385400, 1540100), (2, True): (4539, 51.0, 10.86940312385559, 15.65856689571803, 18.31016201416361, 770700, 3080200, 0.0, 770700, 3080200), (3, True): (10768, 92.0, 17.392738103866577, 36.14831040646244, 35.71187550491306, 1156000, 4620300, 0.0, 1156000, 4620300), (4, True): (18095, 132.0, 23.43993091583252, 47.762506418714146, 55.339074465075754, 1541300, 6160400, 0.0, 1541300, 6160400), (5, True): (29299, 173.0, 29.87062406539917, 41.42521576147194, 39.234165565541375, 1926600, 7700500, 0.0, 1926600, 7700500), (6, True): (31496, 204.0, 36.40795397758484, 61.56628032081235, 52.11951920542388, 2311900, 9240600, 0.0, 2311900, 9240600), (7, True): (42855, 253.0, 42.0456440448761, 68.42440782389792, 65.01748590406653, 2697200, 10780700, 0.0, 2697200, 10780700), (8, True): (50080, 288.0, 48.115103006362915, 75.83304233427297, 65.42262387199742, 3082500, 12320800, 0.0, 3082500, 12320800), (9, True): (54064, 312.0, 53.629154205322266, 71.96524368735851, 85.43506488291013, 3467800, 13860900, 0.0, 3467800, 13860900), (10, True): (58086, 350.0, 59.69323706626892, 87.78089866436677, 66.27016659967589, 3853100, 15401000, 0.0, 3853100, 15401000)}
