SYMMETRY




0. iteration: 


Problem
  Name                   :                 
  Objective sense        : max             
  Type                   : LO (linear optimization problem)
  Constraints            : 94712200        
  Cones                  : 0               
  Scalar variables       : 31576800        
  Matrix variables       : 0               
  Integer variables      : 31576800        

Optimizer started.
Mixed integer optimizer started.
Threads used: 2
Presolve started.
Presolve terminated. Time = 240.64
Presolved problem: 37 variables, 37 constraints, 139 non-zeros
Presolved problem: 0 general integer, 37 binary, 0 continuous
Clique table size: 18
BRANCHES RELAXS   ACT_NDS  DEPTH    BEST_INT_OBJ         BEST_RELAX_OBJ       REL_GAP(%)  TIME  
0        0        1        0        1.2300000000e+02     NA                   NA          453.0 
0        1        1        0        1.2300000000e+02     1.2300000000e+02     0.00e+00    453.0 
An optimal solution satisfying the relative gap tolerance of 1.00e+00(%) has been located.
The relative gap is 0.00e+00(%).
An optimal solution satisfying the absolute gap tolerance of 0.00e+00 has been located.
The absolute gap is 0.00e+00.

Objective of best integer solution : 1.230000000000e+02      
Best objective bound               : 1.230000000000e+02      
Construct solution objective       : Not employed
User objective cut value           : Not employed
Number of cuts generated           : 0
Number of branches                 : 0
Number of relaxations solved       : 1
Number of interior point iterations: 0
Number of simplex iterations       : 0
Time spend presolving the root     : 240.64
Time spend optimizing the root     : 0.03
Mixed integer optimizer terminated. Time: 452.99

Optimizer terminated. Time: 472.75  


Integer solution solution summary
  Problem status  : PRIMAL_FEASIBLE
  Solution status : INTEGER_OPTIMAL
  Primal.  obj: 1.2300000000e+02    nrm: 1e+00    Viol.  con: 0e+00    var: 7e-16    itg: 7e-16  

 MOSEK UNARY VALUES: 

7.040000000000001 1.3061489195340628
7.040000000000001 1.3061489195340628
7.040000000000001 1.3061489195340628
7.040000000000001 1.3061489195340628
7.238636363636362 1.3948103339768436
7.238636363636362 1.3948103339768436
7.238636363636362 1.3948103339768436
7.238636363636362 1.3948103339768436
7.238636363636362 1.3948103339768436
7.5 1.5921029070592974
7.499999999999998 1.5213070038621392

                    Analyzing the problem

*** Structural report
               Dimensions
               Constraints   Variables     Matrix var.   Cones       
               94712200      31576800      0             0           

               Constraint and bound types
               Free          Lower         Upper         Ranged        Fixed       
 Constraints:  0             1980          94710220      0             0           
   Variables:  0             0             0             31576800      0           

               Integer constraint types
               Binary        General     
               31572391      4409        

*** Data report
               Nonzeros      Min           Max         
        |cj|:  2200          0.0e+00       1.0e+00     
       |Aij|:  220842160     1.6e-02       1.0e+00     

               # finite      Min           Max         
      |blci|:  1980          0.0e+00       0.0e+00     
      |buci|:  94710220      0.0e+00       4.5e-01     
      |blxj|:  31576800      0.0e+00       0.0e+00     
      |buxj|:  31576800      0.0e+00       1.0e+00     

*** Done analyzing the problem

[0.07540292 0.4396141 ]
[ 7.5402925  43.96140962]


{(11, True): (139, 123.0, 472.7537169456482, 3.469830634621815, 32.612638232687, 31576800, 94712200, 0.0, 31576800, 94712200)}


1. iteration: 


Problem
  Name                   :                 
  Objective sense        : max             
  Type                   : LO (linear optimization problem)
  Constraints            : 103322400       
  Cones                  : 0               
  Scalar variables       : 34447400        
  Matrix variables       : 0               
  Integer variables      : 34447400        

Optimizer started.
Mixed integer optimizer started.
Threads used: 2
Presolve started.
Presolve terminated. Time = 271.10
Presolved problem: 4 variables, 4 constraints, 10 non-zeros
Presolved problem: 0 general integer, 4 binary, 0 continuous
Clique table size: 2
BRANCHES RELAXS   ACT_NDS  DEPTH    BEST_INT_OBJ         BEST_RELAX_OBJ       REL_GAP(%)  TIME  
0        0        1        0        1.1500000000e+02     NA                   NA          566.0 
0        1        1        0        1.1500000000e+02     1.1500000000e+02     0.00e+00    566.0 
An optimal solution satisfying the relative gap tolerance of 1.00e+00(%) has been located.
The relative gap is 0.00e+00(%).
An optimal solution satisfying the absolute gap tolerance of 0.00e+00 has been located.
The absolute gap is 0.00e+00.

Objective of best integer solution : 1.150000000000e+02      
Best objective bound               : 1.150000000000e+02      
Construct solution objective       : Not employed
User objective cut value           : Not employed
Number of cuts generated           : 0
Number of branches                 : 0
Number of relaxations solved       : 1
Number of interior point iterations: 0
Number of simplex iterations       : 0
Time spend presolving the root     : 271.10
Time spend optimizing the root     : 0.00
Mixed integer optimizer terminated. Time: 566.01

Optimizer terminated. Time: 590.95  


Integer solution solution summary
  Problem status  : PRIMAL_FEASIBLE
  Solution status : INTEGER_OPTIMAL
  Primal.  obj: 1.1500000000e+02    nrm: 1e+00    Viol.  con: 7e-16    var: 7e-16    itg: 7e-16  

 MOSEK UNARY VALUES: 

6.924999999999999 0.8131727983645296
6.924999999999999 0.8693182879212226
6.924999999999999 0.8693182879212226
6.924999999999999 1.327905619136139
7.040000000000001 1.3061489195340628
7.040000000000001 1.3061489195340628
7.039999999999999 1.3061489195340628
7.040000000000001 1.3061489195340628
7.029545454545454 1.24580287099863
7.040000000000001 1.3061489195340628
7.040000000000001 1.3061489195340628
7.101923076923076 1.3415856554860432

                    Analyzing the problem

*** Structural report
               Dimensions
               Constraints   Variables     Matrix var.   Cones       
               103322400     34447400      0             0           

               Constraint and bound types
               Free          Lower         Upper         Ranged        Fixed       
 Constraints:  0             2160          103320240     0             0           
   Variables:  0             0             0             34447400      0           

               Integer constraint types
               Binary        General     
               34442606      4794        

*** Data report
               Nonzeros      Min           Max         
        |cj|:  2400          0.0e+00       1.0e+00     
       |Aij|:  240918720     1.6e-02       1.0e+00     

               # finite      Min           Max         
      |blci|:  2160          0.0e+00       0.0e+00     
      |buci|:  103320240     0.0e+00       4.5e-01     
      |blxj|:  34447400      0.0e+00       0.0e+00     
      |buxj|:  34447400      0.0e+00       1.0e+00     

*** Done analyzing the problem

[0.11175509 0.50349025]
[11.17550922 50.3490247 ]


{(11, True): (139, 123.0, 472.7537169456482, 3.469830634621815, 32.612638232687, 31576800, 94712200, 0.0, 31576800, 94712200), (12, True): (10, 115.0, 590.9492108821869, 4.111970516723466, 34.09067043799801, 34447400, 103322400, 0.0, 34447400, 103322400)}


2. iteration: 


Problem
  Name                   :                 
  Objective sense        : max             
  Type                   : LO (linear optimization problem)
  Constraints            : 111932600       
  Cones                  : 0               
  Scalar variables       : 37318000        
  Matrix variables       : 0               
  Integer variables      : 37318000        

Optimizer started.
Mixed integer optimizer started.
Threads used: 2
Presolve started.
Presolve terminated. Time = 302.30
Presolved problem: 58 variables, 58 constraints, 239 non-zeros
Presolved problem: 0 general integer, 58 binary, 0 continuous
Clique table size: 35
BRANCHES RELAXS   ACT_NDS  DEPTH    BEST_INT_OBJ         BEST_RELAX_OBJ       REL_GAP(%)  TIME  
0        0        1        0        1.9400000000e+02     NA                   NA          622.0 
0        1        1        0        1.9400000000e+02     1.9475409836e+02     0.39        622.1 
An optimal solution satisfying the relative gap tolerance of 1.00e+00(%) has been located.
The relative gap is 3.89e-01(%).

Objective of best integer solution : 1.940000000000e+02      
Best objective bound               : 1.947540983607e+02      
Construct solution objective       : Not employed
User objective cut value           : Not employed
Number of cuts generated           : 0
Number of branches                 : 0
Number of relaxations solved       : 1
Number of interior point iterations: 7
Number of simplex iterations       : 0
Time spend presolving the root     : 302.30
Time spend optimizing the root     : 0.10
Mixed integer optimizer terminated. Time: 622.13

Optimizer terminated. Time: 647.39  


Integer solution solution summary
  Problem status  : PRIMAL_FEASIBLE
  Solution status : INTEGER_OPTIMAL
  Primal.  obj: 1.9400000000e+02    nrm: 1e+00    Viol.  con: 0e+00    var: 0e+00    itg: 0e+00  

 MOSEK UNARY VALUES: 

6.925 0.8493312877573957
6.925 1.2421419671948397
6.925 1.2421419671948397
6.925 1.2421419671948397
7.171428571428572 1.316850176654543
7.171428571428572 1.316850176654543
7.171428571428572 1.316850176654543
7.171428571428572 1.316850176654543
7.356249999999999 1.4589031624820064
7.466176470588235 1.4820728026610375
7.499999999999999 1.44705160009356
7.409210526315789 1.4601777677986356
7.253571428571427 1.511666647916057

                    Analyzing the problem

*** Structural report
               Dimensions
               Constraints   Variables     Matrix var.   Cones       
               111932600     37318000      0             0           

               Constraint and bound types
               Free          Lower         Upper         Ranged        Fixed       
 Constraints:  0             2340          111930260     0             0           
   Variables:  0             0             0             37318000      0           

               Integer constraint types
               Binary        General     
               37312826      5174        

*** Data report
               Nonzeros      Min           Max         
        |cj|:  2600          0.0e+00       1.0e+00     
       |Aij|:  260995280     1.6e-02       1.0e+00     

               # finite      Min           Max         
      |blci|:  2340          0.0e+00       0.0e+00     
      |buci|:  111930260     0.0e+00       4.5e-01     
      |blxj|:  37318000      0.0e+00       0.0e+00     
      |buxj|:  37318000      0.0e+00       1.0e+00     

*** Done analyzing the problem

[0.09402106 0.45880389]
[ 9.40210583 45.88038942]


{(11, True): (139, 123.0, 472.7537169456482, 3.469830634621815, 32.612638232687, 31576800, 94712200, 0.0, 31576800, 94712200), (12, True): (10, 115.0, 590.9492108821869, 4.111970516723466, 34.09067043799801, 34447400, 103322400, 0.0, 34447400, 103322400), (13, True): (239, 194.0, 647.3926620483398, 4.518904002647647, 34.997571897904365, 37318000, 111932600, 0.0038871049518337426, 37318000, 111932600)}


3. iteration: 


Problem
  Name                   :                 
  Objective sense        : max             
  Type                   : LO (linear optimization problem)
  Constraints            : 120542800       
  Cones                  : 0               
  Scalar variables       : 40188600        
  Matrix variables       : 0               
  Integer variables      : 40188600        

Optimizer started.
Mixed integer optimizer started.
Threads used: 2
Presolve started.
Presolve terminated. Time = 323.91
Presolved problem: 41 variables, 41 constraints, 151 non-zeros
Presolved problem: 0 general integer, 41 binary, 0 continuous
Clique table size: 19
BRANCHES RELAXS   ACT_NDS  DEPTH    BEST_INT_OBJ         BEST_RELAX_OBJ       REL_GAP(%)  TIME  
0        0        1        0        1.7200000000e+02     NA                   NA          693.5 
0        1        1        0        1.7200000000e+02     1.7200000000e+02     0.00e+00    693.5 
An optimal solution satisfying the relative gap tolerance of 1.00e+00(%) has been located.
The relative gap is 0.00e+00(%).
An optimal solution satisfying the absolute gap tolerance of 0.00e+00 has been located.
The absolute gap is 0.00e+00.

Objective of best integer solution : 1.720000000000e+02      
Best objective bound               : 1.720000000000e+02      
Construct solution objective       : Not employed
User objective cut value           : Not employed
Number of cuts generated           : 0
Number of branches                 : 0
Number of relaxations solved       : 1
Number of interior point iterations: 0
Number of simplex iterations       : 0
Time spend presolving the root     : 323.91
Time spend optimizing the root     : 0.00
Mixed integer optimizer terminated. Time: 693.46

Optimizer terminated. Time: 720.09  


Integer solution solution summary
  Problem status  : PRIMAL_FEASIBLE
  Solution status : INTEGER_OPTIMAL
  Primal.  obj: 1.7200000000e+02    nrm: 1e+00    Viol.  con: 7e-16    var: 7e-16    itg: 7e-16  

 MOSEK UNARY VALUES: 

7.134090909090908 1.0763613329213677
6.925 1.2421419671948397
6.925 1.2421419671948397
6.925 1.2421419671948397
6.925 1.2421419671948397
6.925 1.2421419671948397
6.925 1.2421419671948397
6.925 1.2421419671948397
6.924999999999999 1.2421419671948397
6.925 1.2421419671948397
6.925 1.2421419671948397
6.925 1.2421419671948397
6.925 1.2421419671948397
6.924999999999999 1.3664036093078102

                    Analyzing the problem

*** Structural report
               Dimensions
               Constraints   Variables     Matrix var.   Cones       
               120542800     40188600      0             0           

               Constraint and bound types
               Free          Lower         Upper         Ranged        Fixed       
 Constraints:  0             2520          120540280     0             0           
   Variables:  0             0             0             40188600      0           

               Integer constraint types
               Binary        General     
               40183042      5558        

*** Data report
               Nonzeros      Min           Max         
        |cj|:  2800          0.0e+00       1.0e+00     
       |Aij|:  281071840     1.6e-02       1.0e+00     

               # finite      Min           Max         
      |blci|:  2520          0.0e+00       0.0e+00     
      |buci|:  120540280     0.0e+00       4.5e-01     
      |blxj|:  40188600      0.0e+00       0.0e+00     
      |buxj|:  40188600      0.0e+00       1.0e+00     

*** Done analyzing the problem

[0.13704591 0.54025646]
[13.70459098 54.02564575]


{(11, True): (139, 123.0, 472.7537169456482, 3.469830634621815, 32.612638232687, 31576800, 94712200, 0.0, 31576800, 94712200), (12, True): (10, 115.0, 590.9492108821869, 4.111970516723466, 34.09067043799801, 34447400, 103322400, 0.0, 34447400, 103322400), (13, True): (239, 194.0, 647.3926620483398, 4.518904002647647, 34.997571897904365, 37318000, 111932600, 0.0038871049518337426, 37318000, 111932600), (14, True): (151, 172.0, 720.0883059501648, 5.17502450132122, 36.35672003031418, 40188600, 120542800, 0.0, 40188600, 120542800)}


4. iteration: 


Problem
  Name                   :                 
  Objective sense        : max             
  Type                   : LO (linear optimization problem)
  Constraints            : 129153000       
  Cones                  : 0               
  Scalar variables       : 43059200        
  Matrix variables       : 0               
  Integer variables      : 43059200        

Optimizer started.
Mixed integer optimizer started.
Threads used: 2
Presolve started.
Presolve terminated. Time = 350.65
Presolved problem: 110 variables, 110 constraints, 479 non-zeros
Presolved problem: 0 general integer, 110 binary, 0 continuous
Clique table size: 41
BRANCHES RELAXS   ACT_NDS  DEPTH    BEST_INT_OBJ         BEST_RELAX_OBJ       REL_GAP(%)  TIME  
0        0        1        0        1.7200000000e+02     NA                   NA          743.1 
0        1        1        0        1.7200000000e+02     1.7200000000e+02     0.00e+00    743.1 
An optimal solution satisfying the relative gap tolerance of 1.00e+00(%) has been located.
The relative gap is 0.00e+00(%).
An optimal solution satisfying the absolute gap tolerance of 0.00e+00 has been located.
The absolute gap is 0.00e+00.

Objective of best integer solution : 1.720000000000e+02      
Best objective bound               : 1.720000000000e+02      
Construct solution objective       : Not employed
User objective cut value           : Not employed
Number of cuts generated           : 0
Number of branches                 : 0
Number of relaxations solved       : 1
Number of interior point iterations: 6
Number of simplex iterations       : 0
Time spend presolving the root     : 350.65
Time spend optimizing the root     : 0.04
Mixed integer optimizer terminated. Time: 743.11

Optimizer terminated. Time: 782.33  


Integer solution solution summary
  Problem status  : PRIMAL_FEASIBLE
  Solution status : INTEGER_OPTIMAL
  Primal.  obj: 1.7200000000e+02    nrm: 1e+00    Viol.  con: 7e-16    var: 7e-16    itg: 7e-16  

 MOSEK UNARY VALUES: 

7.052777777777777 0.847581890868602
7.308333333333332 1.0842303978193724
7.040000000000001 1.3061489195340628
7.040000000000001 1.3061489195340628
7.040000000000001 1.306148919534063
7.040000000000001 1.3061489195340628
7.040000000000001 1.3061489195340628
7.040000000000001 1.3061489195340628
7.040000000000001 1.3061489195340628
7.040000000000001 1.3061489195340628
7.039999999999999 1.3061489195340628
7.101923076923075 1.3415856554860432
7.101923076923076 1.3415856554860432
7.116666666666666 1.5452660684238884
7.039999999999999 1.7402657842984788

                    Analyzing the problem

*** Structural report
               Dimensions
               Constraints   Variables     Matrix var.   Cones       
               129153000     43059200      0             0           

               Constraint and bound types
               Free          Lower         Upper         Ranged        Fixed       
 Constraints:  0             2700          129150300     0             0           
   Variables:  0             0             0             43059200      0           

               Integer constraint types
               Binary        General     
               43053257      5943        

*** Data report
               Nonzeros      Min           Max         
        |cj|:  3000          0.0e+00       1.0e+00     
       |Aij|:  301148400     1.6e-02       1.0e+00     

               # finite      Min           Max         
      |blci|:  2700          0.0e+00       0.0e+00     
      |buci|:  129150300     0.0e+00       4.5e-01     
      |blxj|:  43059200      0.0e+00       0.0e+00     
      |buxj|:  43059200      0.0e+00       1.0e+00     

*** Done analyzing the problem

[0.14035821 0.44191631]
[14.03582101 44.1916311 ]


{(11, True): (139, 123.0, 472.7537169456482, 3.469830634621815, 32.612638232687, 31576800, 94712200, 0.0, 31576800, 94712200), (12, True): (10, 115.0, 590.9492108821869, 4.111970516723466, 34.09067043799801, 34447400, 103322400, 0.0, 34447400, 103322400), (13, True): (239, 194.0, 647.3926620483398, 4.518904002647647, 34.997571897904365, 37318000, 111932600, 0.0038871049518337426, 37318000, 111932600), (14, True): (151, 172.0, 720.0883059501648, 5.17502450132122, 36.35672003031418, 40188600, 120542800, 0.0, 40188600, 120542800), (15, True): (479, 172.0, 782.3344039916992, 5.765744268301905, 36.87904743500038, 43059200, 129153000, 0.0, 43059200, 129153000)}


5. iteration: 


Problem
  Name                   :                 
  Objective sense        : max             
  Type                   : LO (linear optimization problem)
  Constraints            : 137763200       
  Cones                  : 0               
  Scalar variables       : 45929800        
  Matrix variables       : 0               
  Integer variables      : 45929800        

Optimizer started.
Mixed integer optimizer started.
Threads used: 2
Presolve started.
Presolve terminated. Time = 379.05
Presolved problem: 126 variables, 126 constraints, 593 non-zeros
Presolved problem: 0 general integer, 126 binary, 0 continuous
Clique table size: 52
BRANCHES RELAXS   ACT_NDS  DEPTH    BEST_INT_OBJ         BEST_RELAX_OBJ       REL_GAP(%)  TIME  
0        0        1        0        2.0400000000e+02     NA                   NA          819.2 
0        1        1        0        2.0400000000e+02     2.0486885246e+02     0.43        819.2 
An optimal solution satisfying the relative gap tolerance of 1.00e+00(%) has been located.
The relative gap is 4.26e-01(%).

Objective of best integer solution : 2.040000000000e+02      
Best objective bound               : 2.048688524590e+02      
Construct solution objective       : Not employed
User objective cut value           : Not employed
Number of cuts generated           : 0
Number of branches                 : 0
Number of relaxations solved       : 1
Number of interior point iterations: 6
Number of simplex iterations       : 0
Time spend presolving the root     : 379.05
Time spend optimizing the root     : 0.00
Mixed integer optimizer terminated. Time: 819.17

Optimizer terminated. Time: 861.88  


Integer solution solution summary
  Problem status  : PRIMAL_FEASIBLE
  Solution status : INTEGER_OPTIMAL
  Primal.  obj: 2.0400000000e+02    nrm: 1e+00    Viol.  con: 7e-16    var: 7e-16    itg: 7e-16  

 MOSEK UNARY VALUES: 

6.924999999999999 0.8131727983645296
6.924999999999999 1.327905619136139
6.924999999999999 1.327905619136139
6.924999999999999 1.327905619136139
7.040000000000001 1.3061489195340628
7.040000000000001 1.3061489195340628
7.040000000000001 1.3061489195340628
7.040000000000001 1.3061489195340628
6.925 1.297374972080862
6.925 1.297374972080862
6.924999999999999 1.4416012922144197
6.924999999999999 1.4416012922144197
7.116666666666666 1.5452660684238884
7.04 1.7402657842984788
7.039999999999999 1.7402657842984788
7.253571428571427 1.511666647916057

                    Analyzing the problem

*** Structural report
               Dimensions
               Constraints   Variables     Matrix var.   Cones       
               137763200     45929800      0             0           

               Constraint and bound types
               Free          Lower         Upper         Ranged        Fixed       
 Constraints:  0             2880          137760320     0             0           
   Variables:  0             0             0             45929800      0           

               Integer constraint types
               Binary        General     
               45923475      6325        

*** Data report
               Nonzeros      Min           Max         
        |cj|:  3200          0.0e+00       1.0e+00     
       |Aij|:  321224960     1.6e-02       1.0e+00     

               # finite      Min           Max         
      |blci|:  2880          0.0e+00       0.0e+00     
      |buci|:  137760320     0.0e+00       4.5e-01     
      |blxj|:  45929800      0.0e+00       0.0e+00     
      |buxj|:  45929800      0.0e+00       1.0e+00     

*** Done analyzing the problem

[0.14589238 0.46910434]
[14.58923769 46.91043415]


{(11, True): (139, 123.0, 472.7537169456482, 3.469830634621815, 32.612638232687, 31576800, 94712200, 0.0, 31576800, 94712200), (12, True): (10, 115.0, 590.9492108821869, 4.111970516723466, 34.09067043799801, 34447400, 103322400, 0.0, 34447400, 103322400), (13, True): (239, 194.0, 647.3926620483398, 4.518904002647647, 34.997571897904365, 37318000, 111932600, 0.0038871049518337426, 37318000, 111932600), (14, True): (151, 172.0, 720.0883059501648, 5.17502450132122, 36.35672003031418, 40188600, 120542800, 0.0, 40188600, 120542800), (15, True): (479, 172.0, 782.3344039916992, 5.765744268301905, 36.87904743500038, 43059200, 129153000, 0.0, 43059200, 129153000), (16, True): (593, 204.0, 861.8763740062714, 6.3172126070607835, 37.50600910462331, 45929800, 137763200, 0.004259080681452987, 45929800, 137763200)}


6. iteration: 


Problem
  Name                   :                 
  Objective sense        : max             
  Type                   : LO (linear optimization problem)
  Constraints            : 146373400       
  Cones                  : 0               
  Scalar variables       : 48800400        
  Matrix variables       : 0               
  Integer variables      : 48800400        

Optimizer started.
Mixed integer optimizer started.
Threads used: 2
Presolve started.
Presolve terminated. Time = 407.29
Presolved problem: 234 variables, 234 constraints, 1208 non-zeros
Presolved problem: 0 general integer, 234 binary, 0 continuous
Clique table size: 81
BRANCHES RELAXS   ACT_NDS  DEPTH    BEST_INT_OBJ         BEST_RELAX_OBJ       REL_GAP(%)  TIME  
0        0        1        0        1.9200000000e+02     NA                   NA          840.0 
0        1        1        0        1.9200000000e+02     1.9973862129e+02     4.03        840.4 
Cut generation started.
0        1        1        0        1.9200000000e+02     1.9973862129e+02     4.03        862.6 
Cut generation terminated. Time = 0.00
Presolve started.
Presolve terminated. Time = 408.18
Presolved problem: 37 variables, 37 constraints, 144 non-zeros
Presolved problem: 0 general integer, 37 binary, 0 continuous
Clique table size: 31
BRANCHES RELAXS   ACT_NDS  DEPTH    BEST_INT_OBJ         BEST_RELAX_OBJ       REL_GAP(%)  TIME  
An optimal solution satisfying the relative gap tolerance of 1.00e+00(%) has been located.
The relative gap is 5.98e-01(%).

Objective of best integer solution : 1.920000000000e+02      
Best objective bound               : 1.931475409836e+02      
Construct solution objective       : Not employed
User objective cut value           : Not employed
Number of cuts generated           : 25
  Number of Gomory cuts            : 10
  Number of CMIR cuts              : 11
  Number of clique cuts            : 4
Number of branches                 : 0
Number of relaxations solved       : 4
Number of interior point iterations: 7
Number of simplex iterations       : 11
Time spend presolving the root     : 408.18
Time spend optimizing the root     : 1.06
Mixed integer optimizer terminated. Time: 906.99

Optimizer terminated. Time: 953.40  


Integer solution solution summary
  Problem status  : PRIMAL_FEASIBLE
  Solution status : INTEGER_OPTIMAL
  Primal.  obj: 1.9200000000e+02    nrm: 1e+00    Viol.  con: 7e-16    var: 7e-16    itg: 7e-16  

 MOSEK UNARY VALUES: 

6.924999999999999 0.8693182879212226
6.924999999999999 1.327905619136139
6.924999999999999 1.327905619136139
6.924999999999999 1.327905619136139
6.924999999999999 1.327905619136139
6.924999999999999 1.327905619136139
6.924999999999999 1.327905619136139
6.924999999999999 1.327905619136139
6.924999999999999 1.327905619136139
6.924999999999999 1.327905619136139
6.924999999999999 1.327905619136139
6.925 1.297374972080862
6.925 1.2421419671948397
6.925 1.2421419671948397
6.924999999999999 1.3664036093078102
7.385000000000002 1.4271124692889483
7.474999999999998 1.3928388277184116

                    Analyzing the problem

*** Structural report
               Dimensions
               Constraints   Variables     Matrix var.   Cones       
               146373400     48800400      0             0           

               Constraint and bound types
               Free          Lower         Upper         Ranged        Fixed       
 Constraints:  0             3060          146370340     0             0           
   Variables:  0             0             0             48800400      0           

               Integer constraint types
               Binary        General     
               48793692      6708        

*** Data report
               Nonzeros      Min           Max         
        |cj|:  3400          0.0e+00       1.0e+00     
       |Aij|:  341301520     1.6e-02       1.0e+00     

               # finite      Min           Max         
      |blci|:  3060          0.0e+00       0.0e+00     
      |buci|:  146370340     0.0e+00       4.5e-01     
      |blxj|:  48800400      0.0e+00       0.0e+00     
      |buxj|:  48800400      0.0e+00       1.0e+00     

*** Done analyzing the problem

[0.14525575 0.4995758 ]
[14.52557465 49.95757971]


{(11, True): (139, 123.0, 472.7537169456482, 3.469830634621815, 32.612638232687, 31576800, 94712200, 0.0, 31576800, 94712200), (12, True): (10, 115.0, 590.9492108821869, 4.111970516723466, 34.09067043799801, 34447400, 103322400, 0.0, 34447400, 103322400), (13, True): (239, 194.0, 647.3926620483398, 4.518904002647647, 34.997571897904365, 37318000, 111932600, 0.0038871049518337426, 37318000, 111932600), (14, True): (151, 172.0, 720.0883059501648, 5.17502450132122, 36.35672003031418, 40188600, 120542800, 0.0, 40188600, 120542800), (15, True): (479, 172.0, 782.3344039916992, 5.765744268301905, 36.87904743500038, 43059200, 129153000, 0.0, 43059200, 129153000), (16, True): (593, 204.0, 861.8763740062714, 6.3172126070607835, 37.50600910462331, 45929800, 137763200, 0.004259080681452987, 45929800, 137763200), (17, True): (144, 192.0, 953.3961198329926, 6.800057432926463, 38.2384544345906, 48800400, 146373400, 0.04030531924111106, 48800400, 146373400)}


7. iteration: 


Problem
  Name                   :                 
  Objective sense        : max             
  Type                   : LO (linear optimization problem)
  Constraints            : 154983600       
  Cones                  : 0               
  Scalar variables       : 51671000        
  Matrix variables       : 0               
  Integer variables      : 51671000        

Optimizer started.
Mixed integer optimizer started.
Threads used: 2
Presolve started.
Presolve terminated. Time = 432.81
Presolved problem: 256 variables, 256 constraints, 1294 non-zeros
Presolved problem: 0 general integer, 256 binary, 0 continuous
Clique table size: 106
BRANCHES RELAXS   ACT_NDS  DEPTH    BEST_INT_OBJ         BEST_RELAX_OBJ       REL_GAP(%)  TIME  
0        0        1        0        1.9600000000e+02     NA                   NA          898.5 
0        1        1        0        1.9600000000e+02     2.3075643600e+02     17.73       898.8 
Cut generation started.
0        1        1        0        1.9600000000e+02     2.3075643600e+02     17.73       952.9 
0        2        1        0        1.9600000000e+02     2.2154521417e+02     13.03       953.3 
0        3        1        0        1.9600000000e+02     2.1380553047e+02     9.08        953.6 
0        4        1        0        1.9600000000e+02     2.1042622951e+02     7.36        954.0 
0        5        1        0        1.9600000000e+02     2.0820409510e+02     6.23        954.3 
Cut generation terminated. Time = 0.00
0        7        1        0        2.0800000000e+02     2.0800000000e+02     0.00e+00    990.6 
An optimal solution satisfying the relative gap tolerance of 1.00e+00(%) has been located.
The relative gap is 0.00e+00(%).
An optimal solution satisfying the absolute gap tolerance of 0.00e+00 has been located.
The absolute gap is 0.00e+00.

Objective of best integer solution : 2.080000000000e+02      
Best objective bound               : 2.080000000000e+02      
Construct solution objective       : Not employed
User objective cut value           : Not employed
Number of cuts generated           : 67
  Number of Gomory cuts            : 34
  Number of CMIR cuts              : 31
  Number of clique cuts            : 2
Number of branches                 : 0
Number of relaxations solved       : 7
Number of interior point iterations: 6
Number of simplex iterations       : 121
Time spend presolving the root     : 432.81
Time spend optimizing the root     : 0.34
Mixed integer optimizer terminated. Time: 990.62

Optimizer terminated. Time: 1030.23 


Integer solution solution summary
  Problem status  : PRIMAL_FEASIBLE
  Solution status : INTEGER_OPTIMAL
  Primal.  obj: 2.0800000000e+02    nrm: 1e+00    Viol.  con: 1e-14    var: 1e-14    itg: 1e-14  

 MOSEK UNARY VALUES: 

6.924999999999999 0.8131727983645296
6.924999999999999 1.327905619136139
6.924999999999999 1.327905619136139
6.924999999999999 1.327905619136139
6.924999999999999 1.327905619136139
6.924999999999999 1.327905619136139
6.924999999999999 1.327905619136139
6.924999999999999 1.327905619136139
6.924999999999999 1.327905619136139
6.924999999999999 1.327905619136139
6.925 1.297374972080862
6.925 1.2421419671948397
6.925 1.2421419671948397
6.924999999999999 1.3664036093078102
6.924999999999999 1.3664036093078102
7.06875 1.2776779474891167
7.068749999999999 1.2776779474891156
7.116666666666666 1.5452660684238884

                    Analyzing the problem

*** Structural report
               Dimensions
               Constraints   Variables     Matrix var.   Cones       
               154983600     51671000      0             0           

               Constraint and bound types
               Free          Lower         Upper         Ranged        Fixed       
 Constraints:  0             3240          154980360     0             0           
   Variables:  0             0             0             51671000      0           

               Integer constraint types
               Binary        General     
               51663907      7093        

*** Data report
               Nonzeros      Min           Max         
        |cj|:  3600          0.0e+00       1.0e+00     
       |Aij|:  361378080     1.6e-02       1.0e+00     

               # finite      Min           Max         
      |blci|:  3240          0.0e+00       0.0e+00     
      |buci|:  154980360     0.0e+00       4.5e-01     
      |blxj|:  51671000      0.0e+00       0.0e+00     
      |buxj|:  51671000      0.0e+00       1.0e+00     

*** Done analyzing the problem

[0.18856343 0.48219081]
[18.85634289 48.21908149]


{(11, True): (139, 123.0, 472.7537169456482, 3.469830634621815, 32.612638232687, 31576800, 94712200, 0.0, 31576800, 94712200), (12, True): (10, 115.0, 590.9492108821869, 4.111970516723466, 34.09067043799801, 34447400, 103322400, 0.0, 34447400, 103322400), (13, True): (239, 194.0, 647.3926620483398, 4.518904002647647, 34.997571897904365, 37318000, 111932600, 0.0038871049518337426, 37318000, 111932600), (14, True): (151, 172.0, 720.0883059501648, 5.17502450132122, 36.35672003031418, 40188600, 120542800, 0.0, 40188600, 120542800), (15, True): (479, 172.0, 782.3344039916992, 5.765744268301905, 36.87904743500038, 43059200, 129153000, 0.0, 43059200, 129153000), (16, True): (593, 204.0, 861.8763740062714, 6.3172126070607835, 37.50600910462331, 45929800, 137763200, 0.004259080681452987, 45929800, 137763200), (17, True): (144, 192.0, 953.3961198329926, 6.800057432926463, 38.2384544345906, 48800400, 146373400, 0.04030531924111106, 48800400, 146373400), (18, True): (1294, 208.0, 1030.227224111557, 7.469851069621034, 38.79293371527727, 51671000, 154983600, 0.17732875508667717, 51671000, 154983600)}


8. iteration: 


Problem
  Name                   :                 
  Objective sense        : max             
  Type                   : LO (linear optimization problem)
  Constraints            : 163593800       
  Cones                  : 0               
  Scalar variables       : 54541600        
  Matrix variables       : 0               
  Integer variables      : 54541600        

Optimizer started.
Mixed integer optimizer started.
Threads used: 2
Presolve started.
Presolve terminated. Time = 486.32
Presolved problem: 229 variables, 229 constraints, 1163 non-zeros
Presolved problem: 0 general integer, 229 binary, 0 continuous
Clique table size: 93
BRANCHES RELAXS   ACT_NDS  DEPTH    BEST_INT_OBJ         BEST_RELAX_OBJ       REL_GAP(%)  TIME  
0        0        1        0        2.3200000000e+02     NA                   NA          966.7 
0        1        1        0        2.3200000000e+02     2.4438678127e+02     5.34        967.0 
Cut generation started.
0        1        1        0        2.3200000000e+02     2.4438678127e+02     5.34        1063.5
Cut generation terminated. Time = 0.00
Presolve started.
Presolve terminated. Time = 487.32
Presolved problem: 67 variables, 67 constraints, 300 non-zeros
Presolved problem: 0 general integer, 67 binary, 0 continuous
Clique table size: 51
BRANCHES RELAXS   ACT_NDS  DEPTH    BEST_INT_OBJ         BEST_RELAX_OBJ       REL_GAP(%)  TIME  
7        12       8        4        2.3200000000e+02     2.3810364744e+02     2.63        1143.2
25       23       10       8        2.3200000000e+02     2.3622852133e+02     1.82        1145.0
44       36       9        5        2.3200000000e+02     2.3622852133e+02     1.82        1147.1
An optimal solution satisfying the relative gap tolerance of 1.00e+00(%) has been located.
The relative gap is 5.71e-01(%).

Objective of best integer solution : 2.320000000000e+02      
Best objective bound               : 2.333241945361e+02      
Construct solution objective       : Not employed
User objective cut value           : Not employed
Number of cuts generated           : 24
  Number of Gomory cuts            : 10
  Number of CMIR cuts              : 11
  Number of clique cuts            : 3
Number of branches                 : 60
Number of relaxations solved       : 45
Number of interior point iterations: 6
Number of simplex iterations       : 131
Time spend presolving the root     : 487.32
Time spend optimizing the root     : 1.04
Mixed integer optimizer terminated. Time: 1147.42

Optimizer terminated. Time: 1208.42 


Integer solution solution summary
  Problem status  : PRIMAL_FEASIBLE
  Solution status : INTEGER_OPTIMAL
  Primal.  obj: 2.3200000000e+02    nrm: 1e+00    Viol.  con: 4e-16    var: 4e-16    itg: 4e-16  

 MOSEK UNARY VALUES: 

7.029545454545454 1.24580287099863
7.040000000000001 1.3061489195340628
7.040000000000001 1.3061489195340628
7.040000000000001 1.3061489195340628
7.040000000000001 1.3061489195340628
7.040000000000001 1.3061489195340628
7.039999999999999 1.3061489195340628
7.040000000000001 1.3061489195340628
7.040000000000001 1.3061489195340628
7.040000000000001 1.3061489195340628
7.040000000000001 1.3061489195340628
7.040000000000001 1.3061489195340628
7.101923076923076 1.3415856554860432
7.335714285714285 1.543324168733166
7.335714285714285 1.543324168733166
7.356249999999999 1.4589031624820064
7.499999999999999 1.44705160009356
7.499999999999999 1.44705160009356
7.627777777777777 1.2793740029819942

                    Analyzing the problem

*** Structural report
               Dimensions
               Constraints   Variables     Matrix var.   Cones       
               163593800     54541600      0             0           

               Constraint and bound types
               Free          Lower         Upper         Ranged        Fixed       
 Constraints:  0             3420          163590380     0             0           
   Variables:  0             0             0             54541600      0           

               Integer constraint types
               Binary        General     
               54534124      7476        

*** Data report
               Nonzeros      Min           Max         
        |cj|:  3800          0.0e+00       1.0e+00     
       |Aij|:  381454640     1.6e-02       1.0e+00     

               # finite      Min           Max         
      |blci|:  3420          0.0e+00       0.0e+00     
      |buci|:  163590380     0.0e+00       4.5e-01     
      |blxj|:  54541600      0.0e+00       0.0e+00     
      |buxj|:  54541600      0.0e+00       1.0e+00     

*** Done analyzing the problem

[0.15953607 0.55187681]
[15.95360677 55.18768145]


{(11, True): (139, 123.0, 472.7537169456482, 3.469830634621815, 32.612638232687, 31576800, 94712200, 0.0, 31576800, 94712200), (12, True): (10, 115.0, 590.9492108821869, 4.111970516723466, 34.09067043799801, 34447400, 103322400, 0.0, 34447400, 103322400), (13, True): (239, 194.0, 647.3926620483398, 4.518904002647647, 34.997571897904365, 37318000, 111932600, 0.0038871049518337426, 37318000, 111932600), (14, True): (151, 172.0, 720.0883059501648, 5.17502450132122, 36.35672003031418, 40188600, 120542800, 0.0, 40188600, 120542800), (15, True): (479, 172.0, 782.3344039916992, 5.765744268301905, 36.87904743500038, 43059200, 129153000, 0.0, 43059200, 129153000), (16, True): (593, 204.0, 861.8763740062714, 6.3172126070607835, 37.50600910462331, 45929800, 137763200, 0.004259080681452987, 45929800, 137763200), (17, True): (144, 192.0, 953.3961198329926, 6.800057432926463, 38.2384544345906, 48800400, 146373400, 0.04030531924111106, 48800400, 146373400), (18, True): (1294, 208.0, 1030.227224111557, 7.469851069621034, 38.79293371527727, 51671000, 154983600, 0.17732875508667717, 51671000, 154983600), (19, True): (300, 232.0, 1208.4178688526154, 7.916364527746695, 39.65581517475457, 54541600, 163593800, 0.05339129858810873, 54541600, 163593800)}
