SYMMETRY




0. iteration: 


Problem
  Name                   :                 
  Objective sense        : max             
  Type                   : LO (linear optimization problem)
  Constraints            : 8610200         
  Cones                  : 0               
  Scalar variables       : 2870800         
  Matrix variables       : 0               
  Integer variables      : 2870800         

Optimizer started.
Mixed integer optimizer started.
Threads used: 2
Presolve started.
Presolve terminated. Time = 9.79
Presolved problem: 0 variables, 0 constraints, 0 non-zeros
Presolved problem: 0 general integer, 0 binary, 0 continuous
Clique table size: 0
BRANCHES RELAXS   ACT_NDS  DEPTH    BEST_INT_OBJ         BEST_RELAX_OBJ       REL_GAP(%)  TIME  
0        0        1        0        5.1000000000e+01     NA                   NA          27.8  
0        1        1        0        5.1000000000e+01     5.1000000000e+01     0.00e+00    28.0  
An optimal solution satisfying the relative gap tolerance of 1.00e+00(%) has been located.
The relative gap is 0.00e+00(%).
An optimal solution satisfying the absolute gap tolerance of 0.00e+00 has been located.
The absolute gap is 0.00e+00.

Objective of best integer solution : 5.100000000000e+01      
Best objective bound               : 5.100000000000e+01      
Construct solution objective       : Not employed
User objective cut value           : Not employed
Number of cuts generated           : 0
Number of branches                 : 0
Number of relaxations solved       : 1
Number of interior point iterations: 0
Number of simplex iterations       : 0
Time spend presolving the root     : 9.79
Time spend optimizing the root     : 0.23
Mixed integer optimizer terminated. Time: 28.05

Optimizer terminated. Time: 30.35   


Integer solution solution summary
  Problem status  : PRIMAL_FEASIBLE
  Solution status : INTEGER_OPTIMAL
  Primal.  obj: 5.1000000000e+01    nrm: 7e+01    Viol.  con: 0e+00    var: 0e+00    itg: 0e+00  

 MOSEK UNARY VALUES: 

7.00735294117647 1.679864126432749

                    Analyzing the problem

*** Structural report
               Dimensions
               Constraints   Variables     Matrix var.   Cones       
               8610200       2870800       0             0           

               Constraint and bound types
               Free          Lower         Upper         Ranged        Fixed       
 Constraints:  0             180           8610020       0             0           
   Variables:  0             0             0             2870800       0           

               Integer constraint types
               Binary        General     
               2870226       574         

*** Data report
               Nonzeros      Min           Max         
        |cj|:  200           0.0e+00       1.0e+00     
       |Aij|:  20060560      3.3e-01       1.0e+00     

               # finite      Min           Max         
      |blci|:  180           0.0e+00       0.0e+00     
      |buci|:  8610020       0.0e+00       5.0e-01     
      |blxj|:  2870800       0.0e+00       0.0e+00     
      |buxj|:  2870800       0.0e+00       1.0e+00     

*** Done analyzing the problem



{(1, True): (0, 51.0, 30.35128092765808, 0.55776188744115, 36.63461228055874, 2870800, 8610200, 0.0, 2870800, 8610200)}


1. iteration: 


Problem
  Name                   :                 
  Objective sense        : max             
  Type                   : LO (linear optimization problem)
  Constraints            : 25830600        
  Cones                  : 0               
  Scalar variables       : 8612000         
  Matrix variables       : 0               
  Integer variables      : 8612000         

Optimizer started.
Mixed integer optimizer started.
Threads used: 2
Presolve started.
Presolve terminated. Time = 40.79
Presolved problem: 0 variables, 0 constraints, 0 non-zeros
Presolved problem: 0 general integer, 0 binary, 0 continuous
Clique table size: 0
BRANCHES RELAXS   ACT_NDS  DEPTH    BEST_INT_OBJ         BEST_RELAX_OBJ       REL_GAP(%)  TIME  
0        0        1        0        2.2700000000e+02     NA                   NA          93.8  
0        1        1        0        2.2700000000e+02     2.2700000000e+02     0.00e+00    93.8  
An optimal solution satisfying the relative gap tolerance of 1.00e+00(%) has been located.
The relative gap is 0.00e+00(%).
An optimal solution satisfying the absolute gap tolerance of 0.00e+00 has been located.
The absolute gap is 0.00e+00.

Objective of best integer solution : 2.270000000000e+02      
Best objective bound               : 2.270000000000e+02      
Construct solution objective       : Not employed
User objective cut value           : Not employed
Number of cuts generated           : 0
Number of branches                 : 0
Number of relaxations solved       : 1
Number of interior point iterations: 0
Number of simplex iterations       : 0
Time spend presolving the root     : 40.79
Time spend optimizing the root     : 0.00
Mixed integer optimizer terminated. Time: 93.79

Optimizer terminated. Time: 99.07   


Integer solution solution summary
  Problem status  : PRIMAL_FEASIBLE
  Solution status : INTEGER_OPTIMAL
  Primal.  obj: 2.2700000000e+02    nrm: 2e+02    Viol.  con: 0e+00    var: 0e+00    itg: 0e+00  

 MOSEK UNARY VALUES: 

7.00735294117647 1.679864126432749
6.711842105263157 2.531997448721544
6.5 3.3031235217593666

                    Analyzing the problem

*** Structural report
               Dimensions
               Constraints   Variables     Matrix var.   Cones       
               25830600      8612000       0             0           

               Constraint and bound types
               Free          Lower         Upper         Ranged        Fixed       
 Constraints:  0             540           25830060      0             0           
   Variables:  0             0             0             8612000       0           

               Integer constraint types
               Binary        General     
               8610660       1340        

*** Data report
               Nonzeros      Min           Max         
        |cj|:  600           0.0e+00       1.0e+00     
       |Aij|:  60181680      3.3e-01       1.0e+00     

               # finite      Min           Max         
      |blci|:  540           0.0e+00       0.0e+00     
      |buci|:  25830060      0.0e+00       5.0e-01     
      |blxj|:  8612000       0.0e+00       0.0e+00     
      |buxj|:  8612000       0.0e+00       1.0e+00     

*** Done analyzing the problem



{(1, True): (0, 51.0, 30.35128092765808, 0.55776188744115, 36.63461228055874, 2870800, 8610200, 0.0, 2870800, 8610200), (3, True): (0, 227.0, 99.06809782981873, 19.827461288328415, 34.93927914010839, 8612000, 25830600, 0.0, 8612000, 25830600)}


2. iteration: 


Problem
  Name                   :                 
  Objective sense        : max             
  Type                   : LO (linear optimization problem)
  Constraints            : 43051000        
  Cones                  : 0               
  Scalar variables       : 14353200        
  Matrix variables       : 0               
  Integer variables      : 14353200        

Optimizer started.
Mixed integer optimizer started.
Threads used: 2
Presolve started.
Presolve terminated. Time = 80.70
Presolved problem: 0 variables, 0 constraints, 0 non-zeros
Presolved problem: 0 general integer, 0 binary, 0 continuous
Clique table size: 0
BRANCHES RELAXS   ACT_NDS  DEPTH    BEST_INT_OBJ         BEST_RELAX_OBJ       REL_GAP(%)  TIME  
0        0        1        0        4.0600000000e+02     NA                   NA          173.5 
0        1        1        0        4.0600000000e+02     4.0600000000e+02     0.00e+00    173.5 
An optimal solution satisfying the relative gap tolerance of 1.00e+00(%) has been located.
The relative gap is 0.00e+00(%).
An optimal solution satisfying the absolute gap tolerance of 0.00e+00 has been located.
The absolute gap is 0.00e+00.

Objective of best integer solution : 4.060000000000e+02      
Best objective bound               : 4.060000000000e+02      
Construct solution objective       : Not employed
User objective cut value           : Not employed
Number of cuts generated           : 0
Number of branches                 : 0
Number of relaxations solved       : 1
Number of interior point iterations: 0
Number of simplex iterations       : 0
Time spend presolving the root     : 80.70
Time spend optimizing the root     : 0.00
Mixed integer optimizer terminated. Time: 173.49

Optimizer terminated. Time: 185.16  


Integer solution solution summary
  Problem status  : PRIMAL_FEASIBLE
  Solution status : INTEGER_OPTIMAL
  Primal.  obj: 4.0600000000e+02    nrm: 5e+02    Viol.  con: 0e+00    var: 0e+00    itg: 0e+00  

 MOSEK UNARY VALUES: 

6.875 1.541103500742244
7.074999999999999 2.3
7.074999999999999 2.9692872320923525
7.074999999999998 3.636619309193636
8.225 2.9692872320923525

                    Analyzing the problem

*** Structural report
               Dimensions
               Constraints   Variables     Matrix var.   Cones       
               43051000      14353200      0             0           

               Constraint and bound types
               Free          Lower         Upper         Ranged        Fixed       
 Constraints:  0             900           43050100      0             0           
   Variables:  0             0             0             14353200      0           

               Integer constraint types
               Binary        General     
               14351092      2108        

*** Data report
               Nonzeros      Min           Max         
        |cj|:  1000          0.0e+00       1.0e+00     
       |Aij|:  100302800     3.3e-01       1.0e+00     

               # finite      Min           Max         
      |blci|:  900           0.0e+00       0.0e+00     
      |buci|:  43050100      0.0e+00       5.0e-01     
      |blxj|:  14353200      0.0e+00       0.0e+00     
      |buxj|:  14353200      0.0e+00       1.0e+00     

*** Done analyzing the problem



{(1, True): (0, 51.0, 30.35128092765808, 0.55776188744115, 36.63461228055874, 2870800, 8610200, 0.0, 2870800, 8610200), (3, True): (0, 227.0, 99.06809782981873, 19.827461288328415, 34.93927914010839, 8612000, 25830600, 0.0, 8612000, 25830600), (5, True): (0, 406.0, 185.15610694885254, 72.82302250774073, 50.61144634365652, 14353200, 43051000, 0.0, 14353200, 43051000)}


3. iteration: 


Problem
  Name                   :                 
  Objective sense        : max             
  Type                   : LO (linear optimization problem)
  Constraints            : 60271400        
  Cones                  : 0               
  Scalar variables       : 20094400        
  Matrix variables       : 0               
  Integer variables      : 20094400        

Optimizer started.
Mixed integer optimizer started.
Threads used: 2
Presolve started.
Presolve terminated. Time = 126.94
Presolved problem: 0 variables, 0 constraints, 0 non-zeros
Presolved problem: 0 general integer, 0 binary, 0 continuous
Clique table size: 0
BRANCHES RELAXS   ACT_NDS  DEPTH    BEST_INT_OBJ         BEST_RELAX_OBJ       REL_GAP(%)  TIME  
0        0        1        0        5.7700000000e+02     NA                   NA          253.1 
0        1        1        0        5.7700000000e+02     5.7700000000e+02     0.00e+00    253.1 
An optimal solution satisfying the relative gap tolerance of 1.00e+00(%) has been located.
The relative gap is 0.00e+00(%).
An optimal solution satisfying the absolute gap tolerance of 0.00e+00 has been located.
The absolute gap is 0.00e+00.

Objective of best integer solution : 5.770000000000e+02      
Best objective bound               : 5.770000000000e+02      
Construct solution objective       : Not employed
User objective cut value           : Not employed
Number of cuts generated           : 0
Number of branches                 : 0
Number of relaxations solved       : 1
Number of interior point iterations: 0
Number of simplex iterations       : 0
Time spend presolving the root     : 126.94
Time spend optimizing the root     : 0.00
Mixed integer optimizer terminated. Time: 253.06

Optimizer terminated. Time: 269.37  


Integer solution solution summary
  Problem status  : PRIMAL_FEASIBLE
  Solution status : INTEGER_OPTIMAL
  Primal.  obj: 5.7700000000e+02    nrm: 5e+02    Viol.  con: 0e+00    var: 0e+00    itg: 0e+00  

 MOSEK UNARY VALUES: 

6.499999999999998 1.2857390870623784
6.5 1.9639988968089228
6.499999999999998 2.634981024599608
6.5 3.3031235217593666
8.225 2.9692872320923525
7.6499999999999995 3.3031235217593666
7.236214953271027 3.5556740781540666

                    Analyzing the problem

*** Structural report
               Dimensions
               Constraints   Variables     Matrix var.   Cones       
               60271400      20094400      0             0           

               Constraint and bound types
               Free          Lower         Upper         Ranged        Fixed       
 Constraints:  0             1260          60270140      0             0           
   Variables:  0             0             0             20094400      0           

               Integer constraint types
               Binary        General     
               20091522      2878        

*** Data report
               Nonzeros      Min           Max         
        |cj|:  1400          0.0e+00       1.0e+00     
       |Aij|:  140423920     3.3e-01       1.0e+00     

               # finite      Min           Max         
      |blci|:  1260          0.0e+00       0.0e+00     
      |buci|:  60270140      0.0e+00       5.0e-01     
      |blxj|:  20094400      0.0e+00       0.0e+00     
      |buxj|:  20094400      0.0e+00       1.0e+00     

*** Done analyzing the problem



{(1, True): (0, 51.0, 30.35128092765808, 0.55776188744115, 36.63461228055874, 2870800, 8610200, 0.0, 2870800, 8610200), (3, True): (0, 227.0, 99.06809782981873, 19.827461288328415, 34.93927914010839, 8612000, 25830600, 0.0, 8612000, 25830600), (5, True): (0, 406.0, 185.15610694885254, 72.82302250774073, 50.61144634365652, 14353200, 43051000, 0.0, 14353200, 43051000), (7, True): (0, 577.0, 269.3734018802643, 140.75613984085973, 98.13925328472985, 20094400, 60271400, 0.0, 20094400, 60271400)}


4. iteration: 


Problem
  Name                   :                 
  Objective sense        : max             
  Type                   : LO (linear optimization problem)
  Constraints            : 77491800        
  Cones                  : 0               
  Scalar variables       : 25835600        
  Matrix variables       : 0               
  Integer variables      : 25835600        

Optimizer started.
Mixed integer optimizer started.
Threads used: 2
Presolve started.
Presolve terminated. Time = 168.11
Presolved problem: 0 variables, 0 constraints, 0 non-zeros
Presolved problem: 0 general integer, 0 binary, 0 continuous
Clique table size: 0
BRANCHES RELAXS   ACT_NDS  DEPTH    BEST_INT_OBJ         BEST_RELAX_OBJ       REL_GAP(%)  TIME  
0        0        1        0        8.4300000000e+02     NA                   NA          339.6 
0        1        1        0        8.4300000000e+02     8.4300000000e+02     0.00e+00    339.6 
An optimal solution satisfying the relative gap tolerance of 1.00e+00(%) has been located.
The relative gap is 0.00e+00(%).
An optimal solution satisfying the absolute gap tolerance of 0.00e+00 has been located.
The absolute gap is 0.00e+00.

Objective of best integer solution : 8.430000000000e+02      
Best objective bound               : 8.430000000000e+02      
Construct solution objective       : Not employed
User objective cut value           : Not employed
Number of cuts generated           : 0
Number of branches                 : 0
Number of relaxations solved       : 1
Number of interior point iterations: 0
Number of simplex iterations       : 0
Time spend presolving the root     : 168.11
Time spend optimizing the root     : 0.00
Mixed integer optimizer terminated. Time: 339.60

Optimizer terminated. Time: 361.50  


Integer solution solution summary
  Problem status  : PRIMAL_FEASIBLE
  Solution status : INTEGER_OPTIMAL
  Primal.  obj: 8.4300000000e+02    nrm: 6e+02    Viol.  con: 0e+00    var: 0e+00    itg: 0e+00  

 MOSEK UNARY VALUES: 

7.00735294117647 1.679864126432749
6.768333333333332 2.500790985979347
6.5 3.3031235217593666
6.662179487179486 3.887390055862266
8.225 2.9692872320923525
7.6499999999999995 3.3031235217593666
7.074999999999998 3.636619309193636
7.6499999999999995 3.3031235217593666
7.6499999999999995 3.3031235217593666

                    Analyzing the problem

*** Structural report
               Dimensions
               Constraints   Variables     Matrix var.   Cones       
               77491800      25835600      0             0           

               Constraint and bound types
               Free          Lower         Upper         Ranged        Fixed       
 Constraints:  0             1620          77490180      0             0           
   Variables:  0             0             0             25835600      0           

               Integer constraint types
               Binary        General     
               25831957      3643        

*** Data report
               Nonzeros      Min           Max         
        |cj|:  1800          0.0e+00       1.0e+00     
       |Aij|:  180545040     3.3e-01       1.0e+00     

               # finite      Min           Max         
      |blci|:  1620          0.0e+00       0.0e+00     
      |buci|:  77490180      0.0e+00       5.0e-01     
      |blxj|:  25835600      0.0e+00       0.0e+00     
      |buxj|:  25835600      0.0e+00       1.0e+00     

*** Done analyzing the problem



{(1, True): (0, 51.0, 30.35128092765808, 0.55776188744115, 36.63461228055874, 2870800, 8610200, 0.0, 2870800, 8610200), (3, True): (0, 227.0, 99.06809782981873, 19.827461288328415, 34.93927914010839, 8612000, 25830600, 0.0, 8612000, 25830600), (5, True): (0, 406.0, 185.15610694885254, 72.82302250774073, 50.61144634365652, 14353200, 43051000, 0.0, 14353200, 43051000), (7, True): (0, 577.0, 269.3734018802643, 140.75613984085973, 98.13925328472985, 20094400, 60271400, 0.0, 20094400, 60271400), (9, True): (0, 843.0, 361.502867937088, 218.6793331656175, 144.77891724708567, 25835600, 77491800, 0.0, 25835600, 77491800)}


5. iteration: 


Problem
  Name                   :                 
  Objective sense        : max             
  Type                   : LO (linear optimization problem)
  Constraints            : 94712200        
  Cones                  : 0               
  Scalar variables       : 31576800        
  Matrix variables       : 0               
  Integer variables      : 31576800        

Optimizer started.
Mixed integer optimizer started.
Threads used: 2
Presolve started.
Presolve terminated. Time = 240.95
Presolved problem: 0 variables, 0 constraints, 0 non-zeros
Presolved problem: 0 general integer, 0 binary, 0 continuous
Clique table size: 0
BRANCHES RELAXS   ACT_NDS  DEPTH    BEST_INT_OBJ         BEST_RELAX_OBJ       REL_GAP(%)  TIME  
0        0        1        0        1.0880000000e+03     NA                   NA          462.1 
0        1        1        0        1.0880000000e+03     1.0880000000e+03     0.00e+00    462.1 
An optimal solution satisfying the relative gap tolerance of 1.00e+00(%) has been located.
The relative gap is 0.00e+00(%).
An optimal solution satisfying the absolute gap tolerance of 0.00e+00 has been located.
The absolute gap is 0.00e+00.

Objective of best integer solution : 1.088000000000e+03      
Best objective bound               : 1.088000000000e+03      
Construct solution objective       : Not employed
User objective cut value           : Not employed
Number of cuts generated           : 0
Number of branches                 : 0
Number of relaxations solved       : 1
Number of interior point iterations: 0
Number of simplex iterations       : 0
Time spend presolving the root     : 240.95
Time spend optimizing the root     : 0.00
Mixed integer optimizer terminated. Time: 462.14

Optimizer terminated. Time: 484.16  


Integer solution solution summary
  Problem status  : PRIMAL_FEASIBLE
  Solution status : INTEGER_OPTIMAL
  Primal.  obj: 1.0880000000e+03    nrm: 5e+02    Viol.  con: 0e+00    var: 0e+00    itg: 0e+00  

 MOSEK UNARY VALUES: 

7.00735294117647 1.679864126432749
6.768333333333332 2.500790985979347
6.5 3.3031235217593666
6.5 3.9698604089648626
7.6499999999999995 3.3031235217593666
7.074999999999998 3.636619309193636
7.074999999999998 3.636619309193636
7.6499999999999995 3.3031235217593666
7.6499999999999995 3.3031235217593666
7.236214953271027 3.5556740781540666
6.775 3.8249182997810554

                    Analyzing the problem

*** Structural report
               Dimensions
               Constraints   Variables     Matrix var.   Cones       
               94712200      31576800      0             0           

               Constraint and bound types
               Free          Lower         Upper         Ranged        Fixed       
 Constraints:  0             1980          94710220      0             0           
   Variables:  0             0             0             31576800      0           

               Integer constraint types
               Binary        General     
               31572388      4412        

*** Data report
               Nonzeros      Min           Max         
        |cj|:  2200          0.0e+00       1.0e+00     
       |Aij|:  220666160     3.3e-01       1.0e+00     

               # finite      Min           Max         
      |blci|:  1980          0.0e+00       0.0e+00     
      |buci|:  94710220      0.0e+00       5.0e-01     
      |blxj|:  31576800      0.0e+00       0.0e+00     
      |buxj|:  31576800      0.0e+00       1.0e+00     

*** Done analyzing the problem



{(1, True): (0, 51.0, 30.35128092765808, 0.55776188744115, 36.63461228055874, 2870800, 8610200, 0.0, 2870800, 8610200), (3, True): (0, 227.0, 99.06809782981873, 19.827461288328415, 34.93927914010839, 8612000, 25830600, 0.0, 8612000, 25830600), (5, True): (0, 406.0, 185.15610694885254, 72.82302250774073, 50.61144634365652, 14353200, 43051000, 0.0, 14353200, 43051000), (7, True): (0, 577.0, 269.3734018802643, 140.75613984085973, 98.13925328472985, 20094400, 60271400, 0.0, 20094400, 60271400), (9, True): (0, 843.0, 361.502867937088, 218.6793331656175, 144.77891724708567, 25835600, 77491800, 0.0, 25835600, 77491800), (11, True): (0, 1088.0, 484.1559228897095, 314.98411013345793, 216.31111143078033, 31576800, 94712200, 0.0, 31576800, 94712200)}


6. iteration: 


Problem
  Name                   :                 
  Objective sense        : max             
  Type                   : LO (linear optimization problem)
  Constraints            : 111932600       
  Cones                  : 0               
  Scalar variables       : 37318000        
  Matrix variables       : 0               
  Integer variables      : 37318000        

Optimizer started.
Mixed integer optimizer started.
Threads used: 2
Presolve started.
Presolve terminated. Time = 287.25
Presolved problem: 0 variables, 0 constraints, 0 non-zeros
Presolved problem: 0 general integer, 0 binary, 0 continuous
Clique table size: 0
BRANCHES RELAXS   ACT_NDS  DEPTH    BEST_INT_OBJ         BEST_RELAX_OBJ       REL_GAP(%)  TIME  
0        0        1        0        1.2350000000e+03     NA                   NA          569.6 
0        1        1        0        1.2350000000e+03     1.2350000000e+03     0.00e+00    569.6 
An optimal solution satisfying the relative gap tolerance of 1.00e+00(%) has been located.
The relative gap is 0.00e+00(%).
An optimal solution satisfying the absolute gap tolerance of 0.00e+00 has been located.
The absolute gap is 0.00e+00.

Objective of best integer solution : 1.235000000000e+03      
Best objective bound               : 1.235000000000e+03      
Construct solution objective       : Not employed
User objective cut value           : Not employed
Number of cuts generated           : 0
Number of branches                 : 0
Number of relaxations solved       : 1
Number of interior point iterations: 0
Number of simplex iterations       : 0
Time spend presolving the root     : 287.25
Time spend optimizing the root     : 0.00
Mixed integer optimizer terminated. Time: 569.58

Optimizer terminated. Time: 595.97  


Integer solution solution summary
  Problem status  : PRIMAL_FEASIBLE
  Solution status : INTEGER_OPTIMAL
  Primal.  obj: 1.2350000000e+03    nrm: 5e+02    Viol.  con: 0e+00    var: 0e+00    itg: 0e+00  

 MOSEK UNARY VALUES: 

6.819444444444444 1.5118870556810127
7.074999999999999 2.3
7.074999999999999 2.9692872320923525
7.074999999999998 3.636619309193636
8.225 2.9692872320923525
7.6499999999999995 3.3031235217593666
7.074999999999998 3.636619309193636
7.074999999999998 3.636619309193636
8.225 2.9692872320923525
7.6499999999999995 3.3031235217593666
7.074999999999998 3.636619309193636
7.074999999999998 3.636619309193636
7.6499999999999995 3.3031235217593666

                    Analyzing the problem

*** Structural report
               Dimensions
               Constraints   Variables     Matrix var.   Cones       
               111932600     37318000      0             0           

               Constraint and bound types
               Free          Lower         Upper         Ranged        Fixed       
 Constraints:  0             2340          111930260     0             0           
   Variables:  0             0             0             37318000      0           

               Integer constraint types
               Binary        General     
               37312823      5177        

*** Data report
               Nonzeros      Min           Max         
        |cj|:  2600          0.0e+00       1.0e+00     
       |Aij|:  260787280     3.3e-01       1.0e+00     

               # finite      Min           Max         
      |blci|:  2340          0.0e+00       0.0e+00     
      |buci|:  111930260     0.0e+00       5.0e-01     
      |blxj|:  37318000      0.0e+00       0.0e+00     
      |buxj|:  37318000      0.0e+00       1.0e+00     

*** Done analyzing the problem



{(1, True): (0, 51.0, 30.35128092765808, 0.55776188744115, 36.63461228055874, 2870800, 8610200, 0.0, 2870800, 8610200), (3, True): (0, 227.0, 99.06809782981873, 19.827461288328415, 34.93927914010839, 8612000, 25830600, 0.0, 8612000, 25830600), (5, True): (0, 406.0, 185.15610694885254, 72.82302250774073, 50.61144634365652, 14353200, 43051000, 0.0, 14353200, 43051000), (7, True): (0, 577.0, 269.3734018802643, 140.75613984085973, 98.13925328472985, 20094400, 60271400, 0.0, 20094400, 60271400), (9, True): (0, 843.0, 361.502867937088, 218.6793331656175, 144.77891724708567, 25835600, 77491800, 0.0, 25835600, 77491800), (11, True): (0, 1088.0, 484.1559228897095, 314.98411013345793, 216.31111143078033, 31576800, 94712200, 0.0, 31576800, 94712200), (13, True): (0, 1235.0, 595.974937915802, 418.8056510170358, 285.634441119865, 37318000, 111932600, 0.0, 37318000, 111932600)}


7. iteration: 


Problem
  Name                   :                 
  Objective sense        : max             
  Type                   : LO (linear optimization problem)
  Constraints            : 129153000       
  Cones                  : 0               
  Scalar variables       : 43059200        
  Matrix variables       : 0               
  Integer variables      : 43059200        

Optimizer started.
Mixed integer optimizer started.
Threads used: 2
Presolve started.
Presolve terminated. Time = 333.97
Presolved problem: 0 variables, 0 constraints, 0 non-zeros
Presolved problem: 0 general integer, 0 binary, 0 continuous
Clique table size: 0
BRANCHES RELAXS   ACT_NDS  DEPTH    BEST_INT_OBJ         BEST_RELAX_OBJ       REL_GAP(%)  TIME  
0        0        1        0        1.4770000000e+03     NA                   NA          627.8 
0        1        1        0        1.4770000000e+03     1.4770000000e+03     0.00e+00    627.8 
An optimal solution satisfying the relative gap tolerance of 1.00e+00(%) has been located.
The relative gap is 0.00e+00(%).
An optimal solution satisfying the absolute gap tolerance of 0.00e+00 has been located.
The absolute gap is 0.00e+00.

Objective of best integer solution : 1.477000000000e+03      
Best objective bound               : 1.477000000000e+03      
Construct solution objective       : Not employed
User objective cut value           : Not employed
Number of cuts generated           : 0
Number of branches                 : 0
Number of relaxations solved       : 1
Number of interior point iterations: 0
Number of simplex iterations       : 0
Time spend presolving the root     : 333.97
Time spend optimizing the root     : 0.00
Mixed integer optimizer terminated. Time: 627.78

Optimizer terminated. Time: 657.56  


Integer solution solution summary
  Problem status  : PRIMAL_FEASIBLE
  Solution status : INTEGER_OPTIMAL
  Primal.  obj: 1.4770000000e+03    nrm: 5e+02    Viol.  con: 0e+00    var: 0e+00    itg: 0e+00  

 MOSEK UNARY VALUES: 

6.91453488372093 1.479415273379556
7.074999999999999 2.3
7.074999999999999 2.9692872320923525
7.074999999999998 3.636619309193636
8.225 2.9692872320923525
7.6499999999999995 3.3031235217593666
7.6499999999999995 3.3031235217593666
7.236214953271027 3.5556740781540666
7.6499999999999995 3.3031235217593666
7.6499999999999995 3.3031235217593666
7.074999999999998 3.636619309193636
7.074999999999998 3.636619309193636
7.074999999999998 3.636619309193636
6.662179487179486 3.887390055862266
6.5 3.9698604089648626

                    Analyzing the problem

*** Structural report
               Dimensions
               Constraints   Variables     Matrix var.   Cones       
               129153000     43059200      0             0           

               Constraint and bound types
               Free          Lower         Upper         Ranged        Fixed       
 Constraints:  0             2700          129150300     0             0           
   Variables:  0             0             0             43059200      0           

               Integer constraint types
               Binary        General     
               43053254      5946        

*** Data report
               Nonzeros      Min           Max         
        |cj|:  3000          0.0e+00       1.0e+00     
       |Aij|:  300908400     3.3e-01       1.0e+00     

               # finite      Min           Max         
      |blci|:  2700          0.0e+00       0.0e+00     
      |buci|:  129150300     0.0e+00       5.0e-01     
      |blxj|:  43059200      0.0e+00       0.0e+00     
      |buxj|:  43059200      0.0e+00       1.0e+00     

*** Done analyzing the problem



{(1, True): (0, 51.0, 30.35128092765808, 0.55776188744115, 36.63461228055874, 2870800, 8610200, 0.0, 2870800, 8610200), (3, True): (0, 227.0, 99.06809782981873, 19.827461288328415, 34.93927914010839, 8612000, 25830600, 0.0, 8612000, 25830600), (5, True): (0, 406.0, 185.15610694885254, 72.82302250774073, 50.61144634365652, 14353200, 43051000, 0.0, 14353200, 43051000), (7, True): (0, 577.0, 269.3734018802643, 140.75613984085973, 98.13925328472985, 20094400, 60271400, 0.0, 20094400, 60271400), (9, True): (0, 843.0, 361.502867937088, 218.6793331656175, 144.77891724708567, 25835600, 77491800, 0.0, 25835600, 77491800), (11, True): (0, 1088.0, 484.1559228897095, 314.98411013345793, 216.31111143078033, 31576800, 94712200, 0.0, 31576800, 94712200), (13, True): (0, 1235.0, 595.974937915802, 418.8056510170358, 285.634441119865, 37318000, 111932600, 0.0, 37318000, 111932600), (15, True): (0, 1477.0, 657.5586650371552, 539.5290269223217, 390.3502881896423, 43059200, 129153000, 0.0, 43059200, 129153000)}


8. iteration: 


Problem
  Name                   :                 
  Objective sense        : max             
  Type                   : LO (linear optimization problem)
  Constraints            : 146373400       
  Cones                  : 0               
  Scalar variables       : 48800400        
  Matrix variables       : 0               
  Integer variables      : 48800400        

Optimizer started.
Mixed integer optimizer started.
Threads used: 2
Presolve started.
Presolve terminated. Time = 395.63
Presolved problem: 0 variables, 0 constraints, 0 non-zeros
Presolved problem: 0 general integer, 0 binary, 0 continuous
Clique table size: 0
BRANCHES RELAXS   ACT_NDS  DEPTH    BEST_INT_OBJ         BEST_RELAX_OBJ       REL_GAP(%)  TIME  
0        0        1        0        1.6450000000e+03     NA                   NA          775.4 
0        1        1        0        1.6450000000e+03     1.6450000000e+03     0.00e+00    775.4 
An optimal solution satisfying the relative gap tolerance of 1.00e+00(%) has been located.
The relative gap is 0.00e+00(%).
An optimal solution satisfying the absolute gap tolerance of 0.00e+00 has been located.
The absolute gap is 0.00e+00.

Objective of best integer solution : 1.645000000000e+03      
Best objective bound               : 1.645000000000e+03      
Construct solution objective       : Not employed
User objective cut value           : Not employed
Number of cuts generated           : 0
Number of branches                 : 0
Number of relaxations solved       : 1
Number of interior point iterations: 0
Number of simplex iterations       : 0
Time spend presolving the root     : 395.63
Time spend optimizing the root     : 0.00
Mixed integer optimizer terminated. Time: 775.39

Optimizer terminated. Time: 820.95  


Integer solution solution summary
  Problem status  : PRIMAL_FEASIBLE
  Solution status : INTEGER_OPTIMAL
  Primal.  obj: 1.6450000000e+03    nrm: 6e+02    Viol.  con: 0e+00    var: 0e+00    itg: 0e+00  

 MOSEK UNARY VALUES: 

7.1708333333333325 1.589216045378629
7.074999999999999 2.3
7.074999999999999 2.9692872320923525
7.074999999999998 3.636619309193636
8.225 2.9692872320923525
7.6499999999999995 3.3031235217593666
7.236214953271027 3.5556740781540666
7.6499999999999995 3.3031235217593666
8.225 2.9692872320923525
7.6499999999999995 3.3031235217593666
7.074999999999998 3.636619309193636
7.074999999999998 3.636619309193636
7.6499999999999995 3.3031235217593666
7.074999999999998 3.636619309193636
6.5 3.9698604089648626
7.6499999999999995 3.3031235217593666
8.225 2.9692872320923525

                    Analyzing the problem

*** Structural report
               Dimensions
               Constraints   Variables     Matrix var.   Cones       
               146373400     48800400      0             0           

               Constraint and bound types
               Free          Lower         Upper         Ranged        Fixed       
 Constraints:  0             3060          146370340     0             0           
   Variables:  0             0             0             48800400      0           

               Integer constraint types
               Binary        General     
               48793689      6711        

*** Data report
               Nonzeros      Min           Max         
        |cj|:  3400          0.0e+00       1.0e+00     
       |Aij|:  341029520     3.3e-01       1.0e+00     

               # finite      Min           Max         
      |blci|:  3060          0.0e+00       0.0e+00     
      |buci|:  146370340     0.0e+00       5.0e-01     
      |blxj|:  48800400      0.0e+00       0.0e+00     
      |buxj|:  48800400      0.0e+00       1.0e+00     

*** Done analyzing the problem



{(1, True): (0, 51.0, 30.35128092765808, 0.55776188744115, 36.63461228055874, 2870800, 8610200, 0.0, 2870800, 8610200), (3, True): (0, 227.0, 99.06809782981873, 19.827461288328415, 34.93927914010839, 8612000, 25830600, 0.0, 8612000, 25830600), (5, True): (0, 406.0, 185.15610694885254, 72.82302250774073, 50.61144634365652, 14353200, 43051000, 0.0, 14353200, 43051000), (7, True): (0, 577.0, 269.3734018802643, 140.75613984085973, 98.13925328472985, 20094400, 60271400, 0.0, 20094400, 60271400), (9, True): (0, 843.0, 361.502867937088, 218.6793331656175, 144.77891724708567, 25835600, 77491800, 0.0, 25835600, 77491800), (11, True): (0, 1088.0, 484.1559228897095, 314.98411013345793, 216.31111143078033, 31576800, 94712200, 0.0, 31576800, 94712200), (13, True): (0, 1235.0, 595.974937915802, 418.8056510170358, 285.634441119865, 37318000, 111932600, 0.0, 37318000, 111932600), (15, True): (0, 1477.0, 657.5586650371552, 539.5290269223217, 390.3502881896423, 43059200, 129153000, 0.0, 43059200, 129153000), (17, True): (0, 1645.0, 820.951092004776, 589.785075897136, 485.5205859410632, 48800400, 146373400, 0.0, 48800400, 146373400)}


9. iteration: 


Problem
  Name                   :                 
  Objective sense        : max             
  Type                   : LO (linear optimization problem)
  Constraints            : 163593800       
  Cones                  : 0               
  Scalar variables       : 54541600        
  Matrix variables       : 0               
  Integer variables      : 54541600        

Optimizer started.
Mixed integer optimizer started.
Threads used: 2
Presolve started.
Presolve terminated. Time = 446.02
Presolved problem: 0 variables, 0 constraints, 0 non-zeros
Presolved problem: 0 general integer, 0 binary, 0 continuous
Clique table size: 0
BRANCHES RELAXS   ACT_NDS  DEPTH    BEST_INT_OBJ         BEST_RELAX_OBJ       REL_GAP(%)  TIME  
0        0        1        0        1.8490000000e+03     NA                   NA          869.0 
0        1        1        0        1.8490000000e+03     1.8490000000e+03     0.00e+00    869.0 
An optimal solution satisfying the relative gap tolerance of 1.00e+00(%) has been located.
The relative gap is 0.00e+00(%).
An optimal solution satisfying the absolute gap tolerance of 0.00e+00 has been located.
The absolute gap is 0.00e+00.

Objective of best integer solution : 1.849000000000e+03      
Best objective bound               : 1.849000000000e+03      
Construct solution objective       : Not employed
User objective cut value           : Not employed
Number of cuts generated           : 0
Number of branches                 : 0
Number of relaxations solved       : 1
Number of interior point iterations: 0
Number of simplex iterations       : 0
Time spend presolving the root     : 446.02
Time spend optimizing the root     : 0.00
Mixed integer optimizer terminated. Time: 869.04

Optimizer terminated. Time: 921.58  


Integer solution solution summary
  Problem status  : PRIMAL_FEASIBLE
  Solution status : INTEGER_OPTIMAL
  Primal.  obj: 1.8490000000e+03    nrm: 6e+02    Viol.  con: 0e+00    var: 0e+00    itg: 0e+00  

 MOSEK UNARY VALUES: 

7.00735294117647 1.679864126432749
6.711842105263157 2.531997448721544
6.5 3.3031235217593666
6.5 3.9698604089648626
8.225 2.9692872320923525
7.6499999999999995 3.3031235217593666
7.6499999999999995 3.3031235217593666
7.236214953271027 3.5556740781540666
8.225 2.9692872320923525
7.6499999999999995 3.3031235217593666
7.074999999999998 3.636619309193636
7.6499999999999995 3.3031235217593666
7.236214953271027 3.5556740781540666
6.775 3.8249182997810554
6.317682926829268 4.087173486756675
8.225 2.9692872320923525
8.225 2.9692872320923525
7.6499999999999995 3.3031235217593666
8.799999999999999 2.634981024599608

                    Analyzing the problem

*** Structural report
               Dimensions
               Constraints   Variables     Matrix var.   Cones       
               163593800     54541600      0             0           

               Constraint and bound types
               Free          Lower         Upper         Ranged        Fixed       
 Constraints:  0             3420          163590380     0             0           
   Variables:  0             0             0             54541600      0           

               Integer constraint types
               Binary        General     
               54534118      7482        

*** Data report
               Nonzeros      Min           Max         
        |cj|:  3800          0.0e+00       1.0e+00     
       |Aij|:  381150640     3.3e-01       1.0e+00     

               # finite      Min           Max         
      |blci|:  3420          0.0e+00       0.0e+00     
      |buci|:  163590380     0.0e+00       5.0e-01     
      |blxj|:  54541600      0.0e+00       0.0e+00     
      |buxj|:  54541600      0.0e+00       1.0e+00     

*** Done analyzing the problem



{(1, True): (0, 51.0, 30.35128092765808, 0.55776188744115, 36.63461228055874, 2870800, 8610200, 0.0, 2870800, 8610200), (3, True): (0, 227.0, 99.06809782981873, 19.827461288328415, 34.93927914010839, 8612000, 25830600, 0.0, 8612000, 25830600), (5, True): (0, 406.0, 185.15610694885254, 72.82302250774073, 50.61144634365652, 14353200, 43051000, 0.0, 14353200, 43051000), (7, True): (0, 577.0, 269.3734018802643, 140.75613984085973, 98.13925328472985, 20094400, 60271400, 0.0, 20094400, 60271400), (9, True): (0, 843.0, 361.502867937088, 218.6793331656175, 144.77891724708567, 25835600, 77491800, 0.0, 25835600, 77491800), (11, True): (0, 1088.0, 484.1559228897095, 314.98411013345793, 216.31111143078033, 31576800, 94712200, 0.0, 31576800, 94712200), (13, True): (0, 1235.0, 595.974937915802, 418.8056510170358, 285.634441119865, 37318000, 111932600, 0.0, 37318000, 111932600), (15, True): (0, 1477.0, 657.5586650371552, 539.5290269223217, 390.3502881896423, 43059200, 129153000, 0.0, 43059200, 129153000), (17, True): (0, 1645.0, 820.951092004776, 589.785075897136, 485.5205859410632, 48800400, 146373400, 0.0, 48800400, 146373400), (19, True): (0, 1849.0, 921.5791568756104, 741.5897496047548, 537.7412192334666, 54541600, 163593800, 0.0, 54541600, 163593800)}


10. iteration: 


Problem
  Name                   :                 
  Objective sense        : max             
  Type                   : LO (linear optimization problem)
  Constraints            : 180814200       
  Cones                  : 0               
  Scalar variables       : 60282800        
  Matrix variables       : 0               
  Integer variables      : 60282800        

Optimizer started.
Mixed integer optimizer started.
Threads used: 2
Presolve started.
Presolve terminated. Time = 512.56
Presolved problem: 0 variables, 0 constraints, 0 non-zeros
Presolved problem: 0 general integer, 0 binary, 0 continuous
Clique table size: 0
BRANCHES RELAXS   ACT_NDS  DEPTH    BEST_INT_OBJ         BEST_RELAX_OBJ       REL_GAP(%)  TIME  
0        0        1        0        1.9870000000e+03     NA                   NA          960.9 
0        1        1        0        1.9870000000e+03     1.9870000000e+03     0.00e+00    960.9 
An optimal solution satisfying the relative gap tolerance of 1.00e+00(%) has been located.
The relative gap is 0.00e+00(%).
An optimal solution satisfying the absolute gap tolerance of 0.00e+00 has been located.
The absolute gap is 0.00e+00.

Objective of best integer solution : 1.987000000000e+03      
Best objective bound               : 1.987000000000e+03      
Construct solution objective       : Not employed
User objective cut value           : Not employed
Number of cuts generated           : 0
Number of branches                 : 0
Number of relaxations solved       : 1
Number of interior point iterations: 0
Number of simplex iterations       : 0
Time spend presolving the root     : 512.56
Time spend optimizing the root     : 0.00
Mixed integer optimizer terminated. Time: 960.91

Optimizer terminated. Time: 1019.10 


Integer solution solution summary
  Problem status  : PRIMAL_FEASIBLE
  Solution status : INTEGER_OPTIMAL
  Primal.  obj: 1.9870000000e+03    nrm: 7e+02    Viol.  con: 0e+00    var: 0e+00    itg: 0e+00  

 MOSEK UNARY VALUES: 

6.499999999999998 1.2857390870623784
6.5 1.9639988968089228
6.499999999999998 2.634981024599608
6.5 3.3031235217593666
8.225 2.9692872320923525
7.6499999999999995 3.3031235217593666
7.236214953271027 3.5556740781540666
7.074999999999998 3.636619309193636
8.225 2.9692872320923525
7.6499999999999995 3.3031235217593666
7.074999999999998 3.636619309193636
7.074999999999998 3.636619309193636
7.074999999999998 3.636619309193636
7.074999999999998 3.636619309193636
6.5 3.9698604089648626
8.225 2.9692872320923525
8.225 2.9692872320923525
7.6499999999999995 3.3031235217593666
8.799999999999999 2.634981024599608
8.225 2.9692872320923525
7.6499999999999995 3.3031235217593666

                    Analyzing the problem

*** Structural report
               Dimensions
               Constraints   Variables     Matrix var.   Cones       
               180814200     60282800      0             0           

               Constraint and bound types
               Free          Lower         Upper         Ranged        Fixed       
 Constraints:  0             3780          180810420     0             0           
   Variables:  0             0             0             60282800      0           

               Integer constraint types
               Binary        General     
               60274553      8247        

*** Data report
               Nonzeros      Min           Max         
        |cj|:  4200          0.0e+00       1.0e+00     
       |Aij|:  421271760     3.3e-01       1.0e+00     

               # finite      Min           Max         
      |blci|:  3780          0.0e+00       0.0e+00     
      |buci|:  180810420     0.0e+00       5.0e-01     
      |blxj|:  60282800      0.0e+00       0.0e+00     
      |buxj|:  60282800      0.0e+00       1.0e+00     

*** Done analyzing the problem



{(1, True): (0, 51.0, 30.35128092765808, 0.55776188744115, 36.63461228055874, 2870800, 8610200, 0.0, 2870800, 8610200), (3, True): (0, 227.0, 99.06809782981873, 19.827461288328415, 34.93927914010839, 8612000, 25830600, 0.0, 8612000, 25830600), (5, True): (0, 406.0, 185.15610694885254, 72.82302250774073, 50.61144634365652, 14353200, 43051000, 0.0, 14353200, 43051000), (7, True): (0, 577.0, 269.3734018802643, 140.75613984085973, 98.13925328472985, 20094400, 60271400, 0.0, 20094400, 60271400), (9, True): (0, 843.0, 361.502867937088, 218.6793331656175, 144.77891724708567, 25835600, 77491800, 0.0, 25835600, 77491800), (11, True): (0, 1088.0, 484.1559228897095, 314.98411013345793, 216.31111143078033, 31576800, 94712200, 0.0, 31576800, 94712200), (13, True): (0, 1235.0, 595.974937915802, 418.8056510170358, 285.634441119865, 37318000, 111932600, 0.0, 37318000, 111932600), (15, True): (0, 1477.0, 657.5586650371552, 539.5290269223217, 390.3502881896423, 43059200, 129153000, 0.0, 43059200, 129153000), (17, True): (0, 1645.0, 820.951092004776, 589.785075897136, 485.5205859410632, 48800400, 146373400, 0.0, 48800400, 146373400), (19, True): (0, 1849.0, 921.5791568756104, 741.5897496047548, 537.7412192334666, 54541600, 163593800, 0.0, 54541600, 163593800), (21, True): (0, 1987.0, 1019.0972909927368, 850.6499908964612, 681.2752391204954, 60282800, 180814200, 0.0, 60282800, 180814200)}


11. iteration: 


Problem
  Name                   :                 
  Objective sense        : max             
  Type                   : LO (linear optimization problem)
  Constraints            : 198034600       
  Cones                  : 0               
  Scalar variables       : 66024000        
  Matrix variables       : 0               
  Integer variables      : 66024000        

Optimizer started.
Mixed integer optimizer started.
Threads used: 2
Presolve started.
Presolve terminated. Time = 614.67
Presolved problem: 0 variables, 0 constraints, 0 non-zeros
Presolved problem: 0 general integer, 0 binary, 0 continuous
Clique table size: 0
BRANCHES RELAXS   ACT_NDS  DEPTH    BEST_INT_OBJ         BEST_RELAX_OBJ       REL_GAP(%)  TIME  
0        0        1        0        2.2800000000e+03     NA                   NA          1229.6
Maximum amount of time 1200.00 (=dpar_mio_max_time) is reached.

Objective of best integer solution : 2.280000000000e+03      
Best objective bound               : Not available.
Construct solution objective       : Not employed
User objective cut value           : Not employed
Number of cuts generated           : 0
Number of branches                 : 0
Number of relaxations solved       : 0
Number of interior point iterations: 0
Number of simplex iterations       : 0
Time spend presolving the root     : 614.67
Time spend optimizing the root     : 0.00
Mixed integer optimizer terminated. Time: 1229.64

Optimizer terminated. Time: 1316.71 


Integer solution solution summary
  Problem status  : PRIMAL_FEASIBLE
  Solution status : PRIMAL_FEASIBLE
  Primal.  obj: 2.2800000000e+03    nrm: 7e+02    Viol.  con: 0e+00    var: 0e+00    itg: 0e+00  

 MOSEK UNARY VALUES: 

7.00735294117647 1.679864126432749
6.711842105263157 2.531997448721544
6.5 3.3031235217593666
6.5 3.9698604089648626
8.225 2.9692872320923525
7.6499999999999995 3.3031235217593666
7.236214953271027 3.5556740781540666
7.074999999999998 3.636619309193636
7.6499999999999995 3.3031235217593666
7.236214953271027 3.5556740781540666
6.553151260504201 3.943757106056868
7.6499999999999995 3.3031235217593666
7.6499999999999995 3.3031235217593666
7.074999999999998 3.636619309193636
6.5 3.9698604089648626
8.225 2.9692872320923525
8.225 2.9692872320923525
7.6499999999999995 3.3031235217593666
8.225 2.9692872320923525
7.6499999999999995 3.3031235217593666
7.074999999999998 3.636619309193636
8.225 2.9692872320923525
7.6499999999999995 3.3031235217593666

                    Analyzing the problem

*** Structural report
               Dimensions
               Constraints   Variables     Matrix var.   Cones       
               198034600     66024000      0             0           

               Constraint and bound types
               Free          Lower         Upper         Ranged        Fixed       
 Constraints:  0             4140          198030460     0             0           
   Variables:  0             0             0             66024000      0           

               Integer constraint types
               Binary        General     
               66014993      9007        

*** Data report
               Nonzeros      Min           Max         
        |cj|:  4600          0.0e+00       1.0e+00     
       |Aij|:  461392880     3.3e-01       1.0e+00     

               # finite      Min           Max         
      |blci|:  4140          0.0e+00       0.0e+00     
      |buci|:  198030460     0.0e+00       5.0e-01     
      |blxj|:  66024000      0.0e+00       0.0e+00     
      |buxj|:  66024000      0.0e+00       1.0e+00     

*** Done analyzing the problem



{(1, True): (0, 51.0, 30.35128092765808, 0.55776188744115, 36.63461228055874, 2870800, 8610200, 0.0, 2870800, 8610200), (3, True): (0, 227.0, 99.06809782981873, 19.827461288328415, 34.93927914010839, 8612000, 25830600, 0.0, 8612000, 25830600), (5, True): (0, 406.0, 185.15610694885254, 72.82302250774073, 50.61144634365652, 14353200, 43051000, 0.0, 14353200, 43051000), (7, True): (0, 577.0, 269.3734018802643, 140.75613984085973, 98.13925328472985, 20094400, 60271400, 0.0, 20094400, 60271400), (9, True): (0, 843.0, 361.502867937088, 218.6793331656175, 144.77891724708567, 25835600, 77491800, 0.0, 25835600, 77491800), (11, True): (0, 1088.0, 484.1559228897095, 314.98411013345793, 216.31111143078033, 31576800, 94712200, 0.0, 31576800, 94712200), (13, True): (0, 1235.0, 595.974937915802, 418.8056510170358, 285.634441119865, 37318000, 111932600, 0.0, 37318000, 111932600), (15, True): (0, 1477.0, 657.5586650371552, 539.5290269223217, 390.3502881896423, 43059200, 129153000, 0.0, 43059200, 129153000), (17, True): (0, 1645.0, 820.951092004776, 589.785075897136, 485.5205859410632, 48800400, 146373400, 0.0, 48800400, 146373400), (19, True): (0, 1849.0, 921.5791568756104, 741.5897496047548, 537.7412192334666, 54541600, 163593800, 0.0, 54541600, 163593800), (21, True): (0, 1987.0, 1019.0972909927368, 850.6499908964612, 681.2752391204954, 60282800, 180814200, 0.0, 60282800, 180814200), (23, True): (0, 2280.0, 1316.7096600532532, 949.947830944314, 780.8178089955971, 66024000, 198034600, 0.0, 66024000, 198034600)}


12. iteration: 


Problem
  Name                   :                 
  Objective sense        : max             
  Type                   : LO (linear optimization problem)
  Constraints            : 215255000       
  Cones                  : 0               
  Scalar variables       : 71765200        
  Matrix variables       : 0               
  Integer variables      : 71765200        

Optimizer started.
Mixed integer optimizer started.
Threads used: 2
Presolve started.
Maximum amount of time 1200.00 (=dpar_mio_max_time) is reached.
Presolve terminated. Time = 717.80
Presolved problem: 10 variables, 10 constraints, 28 non-zeros
Presolved problem: 0 general integer, 71765200 binary, -71765190 continuous
Clique table size: 0
BRANCHES RELAXS   ACT_NDS  DEPTH    BEST_INT_OBJ         BEST_RELAX_OBJ       REL_GAP(%)  TIME  
Maximum amount of time 1200.00 (=dpar_mio_max_time) is reached.

Objective of best integer solution : Not available.
Best objective bound               : Not available.
Construct solution objective       : Not employed
User objective cut value           : Not employed
Number of cuts generated           : 0
Number of branches                 : 0
Number of relaxations solved       : 0
Number of interior point iterations: 0
Number of simplex iterations       : 0
Time spend presolving the root     : 717.80
Time spend optimizing the root     : 0.00
Mixed integer optimizer terminated. Time: 1359.38

Optimizer terminated. Time: 1454.06 


Integer solution solution summary
  Problem status  : UNKNOWN
  Solution status : UNKNOWN
  Primal.  obj: 0.0000000000e+00    nrm: 0e+00    Viol.  con: 0e+00    var: 0e+00    itg: 0e+00  

 MOSEK UNARY VALUES: 

nan nan
nan nan
nan nan
nan nan
nan nan
nan nan
nan nan
nan nan
nan nan
nan nan
nan nan
nan nan
nan nan
nan nan
nan nan
nan nan
nan nan
nan nan
nan nan
nan nan
nan nan
nan nan
nan nan
nan nan
nan nan

                    Analyzing the problem

*** Structural report
               Dimensions
               Constraints   Variables     Matrix var.   Cones       
               215255000     71765200      0             0           

               Constraint and bound types
               Free          Lower         Upper         Ranged        Fixed       
 Constraints:  0             4500          215250500     0             0           
   Variables:  0             0             0             71765200      0           

               Integer constraint types
               Binary        General     
               71755424      9776        

*** Data report
               Nonzeros      Min           Max         
        |cj|:  5000          0.0e+00       1.0e+00     
       |Aij|:  501514000     3.3e-01       1.0e+00     

               # finite      Min           Max         
      |blci|:  4500          0.0e+00       0.0e+00     
      |buci|:  215250500     0.0e+00       5.0e-01     
      |blxj|:  71765200      0.0e+00       0.0e+00     
      |buxj|:  71765200      0.0e+00       1.0e+00     

*** Done analyzing the problem



{(1, True): (0, 51.0, 30.35128092765808, 0.55776188744115, 36.63461228055874, 2870800, 8610200, 0.0, 2870800, 8610200), (3, True): (0, 227.0, 99.06809782981873, 19.827461288328415, 34.93927914010839, 8612000, 25830600, 0.0, 8612000, 25830600), (5, True): (0, 406.0, 185.15610694885254, 72.82302250774073, 50.61144634365652, 14353200, 43051000, 0.0, 14353200, 43051000), (7, True): (0, 577.0, 269.3734018802643, 140.75613984085973, 98.13925328472985, 20094400, 60271400, 0.0, 20094400, 60271400), (9, True): (0, 843.0, 361.502867937088, 218.6793331656175, 144.77891724708567, 25835600, 77491800, 0.0, 25835600, 77491800), (11, True): (0, 1088.0, 484.1559228897095, 314.98411013345793, 216.31111143078033, 31576800, 94712200, 0.0, 31576800, 94712200), (13, True): (0, 1235.0, 595.974937915802, 418.8056510170358, 285.634441119865, 37318000, 111932600, 0.0, 37318000, 111932600), (15, True): (0, 1477.0, 657.5586650371552, 539.5290269223217, 390.3502881896423, 43059200, 129153000, 0.0, 43059200, 129153000), (17, True): (0, 1645.0, 820.951092004776, 589.785075897136, 485.5205859410632, 48800400, 146373400, 0.0, 48800400, 146373400), (19, True): (0, 1849.0, 921.5791568756104, 741.5897496047548, 537.7412192334666, 54541600, 163593800, 0.0, 54541600, 163593800), (21, True): (0, 1987.0, 1019.0972909927368, 850.6499908964612, 681.2752391204954, 60282800, 180814200, 0.0, 60282800, 180814200), (23, True): (0, 2280.0, 1316.7096600532532, 949.947830944314, 780.8178089955971, 66024000, 198034600, 0.0, 66024000, 198034600), (25, True): (28, 0.0, 1454.0570800304413, nan, nan, 71765200, 215255000, 0.0, 71765200, 215255000)}


13. iteration: 


Problem
  Name                   :                 
  Objective sense        : max             
  Type                   : LO (linear optimization problem)
  Constraints            : 232475400       
  Cones                  : 0               
  Scalar variables       : 77506400        
  Matrix variables       : 0               
  Integer variables      : 77506400        

Optimizer started.
Mixed integer optimizer started.
Threads used: 2
Presolve started.
Maximum amount of time 1200.00 (=dpar_mio_max_time) is reached.
Presolve terminated. Time = 838.62
Presolved problem: 40 variables, 40 constraints, 142 non-zeros
Presolved problem: 0 general integer, 77506400 binary, -77506360 continuous
Clique table size: 0
BRANCHES RELAXS   ACT_NDS  DEPTH    BEST_INT_OBJ         BEST_RELAX_OBJ       REL_GAP(%)  TIME  
Maximum amount of time 1200.00 (=dpar_mio_max_time) is reached.

Objective of best integer solution : Not available.
Best objective bound               : Not available.
Construct solution objective       : Not employed
User objective cut value           : Not employed
Number of cuts generated           : 0
Number of branches                 : 0
Number of relaxations solved       : 0
Number of interior point iterations: 0
Number of simplex iterations       : 0
Time spend presolving the root     : 838.62
Time spend optimizing the root     : 0.00
Mixed integer optimizer terminated. Time: 1510.26

Optimizer terminated. Time: 1660.30 


Integer solution solution summary
  Problem status  : UNKNOWN
  Solution status : UNKNOWN
  Primal.  obj: 0.0000000000e+00    nrm: 0e+00    Viol.  con: 0e+00    var: 0e+00    itg: 0e+00  

 MOSEK UNARY VALUES: 

nan nan
nan nan
nan nan
nan nan
nan nan
nan nan
nan nan
nan nan
nan nan
nan nan
nan nan
nan nan
nan nan
nan nan
nan nan
nan nan
nan nan
nan nan
nan nan
nan nan
nan nan
nan nan
nan nan
nan nan
nan nan
nan nan
nan nan

                    Analyzing the problem

*** Structural report
               Dimensions
               Constraints   Variables     Matrix var.   Cones       
               232475400     77506400      0             0           

               Constraint and bound types
               Free          Lower         Upper         Ranged        Fixed       
 Constraints:  0             4860          232470540     0             0           
   Variables:  0             0             0             77506400      0           

               Integer constraint types
               Binary        General     
               77495853      10547       

*** Data report
               Nonzeros      Min           Max         
        |cj|:  5400          0.0e+00       1.0e+00     
       |Aij|:  541635120     3.3e-01       1.0e+00     

               # finite      Min           Max         
      |blci|:  4860          0.0e+00       0.0e+00     
      |buci|:  232470540     0.0e+00       5.0e-01     
      |blxj|:  77506400      0.0e+00       0.0e+00     
      |buxj|:  77506400      0.0e+00       1.0e+00     

*** Done analyzing the problem



{(1, True): (0, 51.0, 30.35128092765808, 0.55776188744115, 36.63461228055874, 2870800, 8610200, 0.0, 2870800, 8610200), (3, True): (0, 227.0, 99.06809782981873, 19.827461288328415, 34.93927914010839, 8612000, 25830600, 0.0, 8612000, 25830600), (5, True): (0, 406.0, 185.15610694885254, 72.82302250774073, 50.61144634365652, 14353200, 43051000, 0.0, 14353200, 43051000), (7, True): (0, 577.0, 269.3734018802643, 140.75613984085973, 98.13925328472985, 20094400, 60271400, 0.0, 20094400, 60271400), (9, True): (0, 843.0, 361.502867937088, 218.6793331656175, 144.77891724708567, 25835600, 77491800, 0.0, 25835600, 77491800), (11, True): (0, 1088.0, 484.1559228897095, 314.98411013345793, 216.31111143078033, 31576800, 94712200, 0.0, 31576800, 94712200), (13, True): (0, 1235.0, 595.974937915802, 418.8056510170358, 285.634441119865, 37318000, 111932600, 0.0, 37318000, 111932600), (15, True): (0, 1477.0, 657.5586650371552, 539.5290269223217, 390.3502881896423, 43059200, 129153000, 0.0, 43059200, 129153000), (17, True): (0, 1645.0, 820.951092004776, 589.785075897136, 485.5205859410632, 48800400, 146373400, 0.0, 48800400, 146373400), (19, True): (0, 1849.0, 921.5791568756104, 741.5897496047548, 537.7412192334666, 54541600, 163593800, 0.0, 54541600, 163593800), (21, True): (0, 1987.0, 1019.0972909927368, 850.6499908964612, 681.2752391204954, 60282800, 180814200, 0.0, 60282800, 180814200), (23, True): (0, 2280.0, 1316.7096600532532, 949.947830944314, 780.8178089955971, 66024000, 198034600, 0.0, 66024000, 198034600), (25, True): (28, 0.0, 1454.0570800304413, nan, nan, 71765200, 215255000, 0.0, 71765200, 215255000), (27, True): (142, 0.0, 1660.298152923584, nan, nan, 77506400, 232475400, 0.0, 77506400, 232475400)}


14. iteration: 


Problem
  Name                   :                 
  Objective sense        : max             
  Type                   : LO (linear optimization problem)
  Constraints            : 249695800       
  Cones                  : 0               
  Scalar variables       : 83247600        
  Matrix variables       : 0               
  Integer variables      : 83247600        

Optimizer started.
Mixed integer optimizer started.
Threads used: 2
Presolve started.
Maximum amount of time 1200.00 (=dpar_mio_max_time) is reached.
Presolve terminated. Time = 915.35
Presolved problem: 40 variables, 40 constraints, 142 non-zeros
Presolved problem: 0 general integer, 83247600 binary, -83247560 continuous
Clique table size: 0
BRANCHES RELAXS   ACT_NDS  DEPTH    BEST_INT_OBJ         BEST_RELAX_OBJ       REL_GAP(%)  TIME  
Maximum amount of time 1200.00 (=dpar_mio_max_time) is reached.

Objective of best integer solution : Not available.
Best objective bound               : Not available.
Construct solution objective       : Not employed
User objective cut value           : Not employed
Number of cuts generated           : 0
Number of branches                 : 0
Number of relaxations solved       : 0
Number of interior point iterations: 0
Number of simplex iterations       : 0
Time spend presolving the root     : 915.35
Time spend optimizing the root     : 0.00
Mixed integer optimizer terminated. Time: 1717.34

Optimizer terminated. Time: 1905.10 


Integer solution solution summary
  Problem status  : UNKNOWN
  Solution status : UNKNOWN
  Primal.  obj: 0.0000000000e+00    nrm: 0e+00    Viol.  con: 0e+00    var: 0e+00    itg: 0e+00  

 MOSEK UNARY VALUES: 

nan nan
nan nan
nan nan
nan nan
nan nan
nan nan
nan nan
nan nan
nan nan
nan nan
nan nan
nan nan
nan nan
nan nan
nan nan
nan nan
nan nan
nan nan
nan nan
nan nan
nan nan
nan nan
nan nan
nan nan
nan nan
nan nan
nan nan
nan nan
nan nan

                    Analyzing the problem

*** Structural report
               Dimensions
               Constraints   Variables     Matrix var.   Cones       
               249695800     83247600      0             0           

               Constraint and bound types
               Free          Lower         Upper         Ranged        Fixed       
 Constraints:  0             5220          249690580     0             0           
   Variables:  0             0             0             83247600      0           

               Integer constraint types
               Binary        General     
               83236285      11315       

*** Data report
               Nonzeros      Min           Max         
        |cj|:  5800          0.0e+00       1.0e+00     
       |Aij|:  581756240     3.3e-01       1.0e+00     

               # finite      Min           Max         
      |blci|:  5220          0.0e+00       0.0e+00     
      |buci|:  249690580     0.0e+00       5.0e-01     
      |blxj|:  83247600      0.0e+00       0.0e+00     
      |buxj|:  83247600      0.0e+00       1.0e+00     

*** Done analyzing the problem



{(1, True): (0, 51.0, 30.35128092765808, 0.55776188744115, 36.63461228055874, 2870800, 8610200, 0.0, 2870800, 8610200), (3, True): (0, 227.0, 99.06809782981873, 19.827461288328415, 34.93927914010839, 8612000, 25830600, 0.0, 8612000, 25830600), (5, True): (0, 406.0, 185.15610694885254, 72.82302250774073, 50.61144634365652, 14353200, 43051000, 0.0, 14353200, 43051000), (7, True): (0, 577.0, 269.3734018802643, 140.75613984085973, 98.13925328472985, 20094400, 60271400, 0.0, 20094400, 60271400), (9, True): (0, 843.0, 361.502867937088, 218.6793331656175, 144.77891724708567, 25835600, 77491800, 0.0, 25835600, 77491800), (11, True): (0, 1088.0, 484.1559228897095, 314.98411013345793, 216.31111143078033, 31576800, 94712200, 0.0, 31576800, 94712200), (13, True): (0, 1235.0, 595.974937915802, 418.8056510170358, 285.634441119865, 37318000, 111932600, 0.0, 37318000, 111932600), (15, True): (0, 1477.0, 657.5586650371552, 539.5290269223217, 390.3502881896423, 43059200, 129153000, 0.0, 43059200, 129153000), (17, True): (0, 1645.0, 820.951092004776, 589.785075897136, 485.5205859410632, 48800400, 146373400, 0.0, 48800400, 146373400), (19, True): (0, 1849.0, 921.5791568756104, 741.5897496047548, 537.7412192334666, 54541600, 163593800, 0.0, 54541600, 163593800), (21, True): (0, 1987.0, 1019.0972909927368, 850.6499908964612, 681.2752391204954, 60282800, 180814200, 0.0, 60282800, 180814200), (23, True): (0, 2280.0, 1316.7096600532532, 949.947830944314, 780.8178089955971, 66024000, 198034600, 0.0, 66024000, 198034600), (25, True): (28, 0.0, 1454.0570800304413, nan, nan, 71765200, 215255000, 0.0, 71765200, 215255000), (27, True): (142, 0.0, 1660.298152923584, nan, nan, 77506400, 232475400, 0.0, 77506400, 232475400), (29, True): (142, 0.0, 1905.1039869785309, nan, nan, 83247600, 249695800, 0.0, 83247600, 249695800)}


15. iteration: 


Problem
  Name                   :                 
  Objective sense        : max             
  Type                   : LO (linear optimization problem)
  Constraints            : 266916200       
  Cones                  : 0               
  Scalar variables       : 88988800        
  Matrix variables       : 0               
  Integer variables      : 88988800        

Optimizer started.
Mixed integer optimizer started.
Threads used: 2
Presolve started.
Maximum amount of time 1200.00 (=dpar_mio_max_time) is reached.
Presolve terminated. Time = 1020.60
Presolved problem: 100 variables, 100 constraints, 330 non-zeros
Presolved problem: 0 general integer, 88988800 binary, -88988700 continuous
Clique table size: 0
BRANCHES RELAXS   ACT_NDS  DEPTH    BEST_INT_OBJ         BEST_RELAX_OBJ       REL_GAP(%)  TIME  
Maximum amount of time 1200.00 (=dpar_mio_max_time) is reached.

Objective of best integer solution : Not available.
Best objective bound               : Not available.
Construct solution objective       : Not employed
User objective cut value           : Not employed
Number of cuts generated           : 0
Number of branches                 : 0
Number of relaxations solved       : 0
Number of interior point iterations: 0
Number of simplex iterations       : 0
Time spend presolving the root     : 1020.60
Time spend optimizing the root     : 0.00
Mixed integer optimizer terminated. Time: 1858.34

Optimizer terminated. Time: 2071.14 


Integer solution solution summary
  Problem status  : UNKNOWN
  Solution status : UNKNOWN
  Primal.  obj: 0.0000000000e+00    nrm: 0e+00    Viol.  con: 0e+00    var: 0e+00    itg: 0e+00  

 MOSEK UNARY VALUES: 

nan nan
nan nan
nan nan
nan nan
nan nan
nan nan
nan nan
nan nan
nan nan
nan nan
nan nan
nan nan
nan nan
nan nan
nan nan
nan nan
nan nan
nan nan
nan nan
nan nan
nan nan
nan nan
nan nan
nan nan
nan nan
nan nan
nan nan
nan nan
nan nan
nan nan
nan nan

                    Analyzing the problem

*** Structural report
               Dimensions
               Constraints   Variables     Matrix var.   Cones       
               266916200     88988800      0             0           

               Constraint and bound types
               Free          Lower         Upper         Ranged        Fixed       
 Constraints:  0             5580          266910620     0             0           
   Variables:  0             0             0             88988800      0           

               Integer constraint types
               Binary        General     
               88976721      12079       

*** Data report
               Nonzeros      Min           Max         
        |cj|:  6200          0.0e+00       1.0e+00     
       |Aij|:  621877360     3.3e-01       1.0e+00     

               # finite      Min           Max         
      |blci|:  5580          0.0e+00       0.0e+00     
      |buci|:  266910620     0.0e+00       5.0e-01     
      |blxj|:  88988800      0.0e+00       0.0e+00     
      |buxj|:  88988800      0.0e+00       1.0e+00     

*** Done analyzing the problem



{(1, True): (0, 51.0, 30.35128092765808, 0.55776188744115, 36.63461228055874, 2870800, 8610200, 0.0, 2870800, 8610200), (3, True): (0, 227.0, 99.06809782981873, 19.827461288328415, 34.93927914010839, 8612000, 25830600, 0.0, 8612000, 25830600), (5, True): (0, 406.0, 185.15610694885254, 72.82302250774073, 50.61144634365652, 14353200, 43051000, 0.0, 14353200, 43051000), (7, True): (0, 577.0, 269.3734018802643, 140.75613984085973, 98.13925328472985, 20094400, 60271400, 0.0, 20094400, 60271400), (9, True): (0, 843.0, 361.502867937088, 218.6793331656175, 144.77891724708567, 25835600, 77491800, 0.0, 25835600, 77491800), (11, True): (0, 1088.0, 484.1559228897095, 314.98411013345793, 216.31111143078033, 31576800, 94712200, 0.0, 31576800, 94712200), (13, True): (0, 1235.0, 595.974937915802, 418.8056510170358, 285.634441119865, 37318000, 111932600, 0.0, 37318000, 111932600), (15, True): (0, 1477.0, 657.5586650371552, 539.5290269223217, 390.3502881896423, 43059200, 129153000, 0.0, 43059200, 129153000), (17, True): (0, 1645.0, 820.951092004776, 589.785075897136, 485.5205859410632, 48800400, 146373400, 0.0, 48800400, 146373400), (19, True): (0, 1849.0, 921.5791568756104, 741.5897496047548, 537.7412192334666, 54541600, 163593800, 0.0, 54541600, 163593800), (21, True): (0, 1987.0, 1019.0972909927368, 850.6499908964612, 681.2752391204954, 60282800, 180814200, 0.0, 60282800, 180814200), (23, True): (0, 2280.0, 1316.7096600532532, 949.947830944314, 780.8178089955971, 66024000, 198034600, 0.0, 66024000, 198034600), (25, True): (28, 0.0, 1454.0570800304413, nan, nan, 71765200, 215255000, 0.0, 71765200, 215255000), (27, True): (142, 0.0, 1660.298152923584, nan, nan, 77506400, 232475400, 0.0, 77506400, 232475400), (29, True): (142, 0.0, 1905.1039869785309, nan, nan, 83247600, 249695800, 0.0, 83247600, 249695800), (31, True): (330, 0.0, 2071.144905090332, nan, nan, 88988800, 266916200, 0.0, 88988800, 266916200)}


16. iteration: 


Problem
  Name                   :                 
  Objective sense        : max             
  Type                   : LO (linear optimization problem)
  Constraints            : 284136600       
  Cones                  : 0               
  Scalar variables       : 94730000        
  Matrix variables       : 0               
  Integer variables      : 94730000        

Optimizer started.
Mixed integer optimizer started.
Threads used: 2
Presolve started.
Maximum amount of time 1200.00 (=dpar_mio_max_time) is reached.
Presolve terminated. Time = 1144.93
Presolved problem: 60 variables, 60 constraints, 198 non-zeros
Presolved problem: 0 general integer, 94730000 binary, -94729940 continuous
Clique table size: 0
BRANCHES RELAXS   ACT_NDS  DEPTH    BEST_INT_OBJ         BEST_RELAX_OBJ       REL_GAP(%)  TIME  
Maximum amount of time 1200.00 (=dpar_mio_max_time) is reached.

Objective of best integer solution : Not available.
Best objective bound               : Not available.
Construct solution objective       : Not employed
User objective cut value           : Not employed
Number of cuts generated           : 0
Number of branches                 : 0
Number of relaxations solved       : 0
Number of interior point iterations: 0
Number of simplex iterations       : 0
Time spend presolving the root     : 1144.93
Time spend optimizing the root     : 0.00
Mixed integer optimizer terminated. Time: 2056.41

Optimizer terminated. Time: 2318.32 


Integer solution solution summary
  Problem status  : UNKNOWN
  Solution status : UNKNOWN
  Primal.  obj: 0.0000000000e+00    nrm: 0e+00    Viol.  con: 0e+00    var: 0e+00    itg: 0e+00  

 MOSEK UNARY VALUES: 

nan nan
nan nan
nan nan
nan nan
nan nan
nan nan
nan nan
nan nan
nan nan
nan nan
nan nan
nan nan
nan nan
nan nan
nan nan
nan nan
nan nan
nan nan
nan nan
nan nan
nan nan
nan nan
nan nan
nan nan
nan nan
nan nan
nan nan
nan nan
nan nan
nan nan
nan nan
nan nan
nan nan

                    Analyzing the problem

*** Structural report
               Dimensions
               Constraints   Variables     Matrix var.   Cones       
               284136600     94730000      0             0           

               Constraint and bound types
               Free          Lower         Upper         Ranged        Fixed       
 Constraints:  0             5940          284130660     0             0           
   Variables:  0             0             0             94730000      0           

               Integer constraint types
               Binary        General     
               94717156      12844       

*** Data report
               Nonzeros      Min           Max         
        |cj|:  6600          0.0e+00       1.0e+00     
       |Aij|:  661998480     3.3e-01       1.0e+00     

               # finite      Min           Max         
      |blci|:  5940          0.0e+00       0.0e+00     
      |buci|:  284130660     0.0e+00       5.0e-01     
      |blxj|:  94730000      0.0e+00       0.0e+00     
      |buxj|:  94730000      0.0e+00       1.0e+00     

*** Done analyzing the problem



{(1, True): (0, 51.0, 30.35128092765808, 0.55776188744115, 36.63461228055874, 2870800, 8610200, 0.0, 2870800, 8610200), (3, True): (0, 227.0, 99.06809782981873, 19.827461288328415, 34.93927914010839, 8612000, 25830600, 0.0, 8612000, 25830600), (5, True): (0, 406.0, 185.15610694885254, 72.82302250774073, 50.61144634365652, 14353200, 43051000, 0.0, 14353200, 43051000), (7, True): (0, 577.0, 269.3734018802643, 140.75613984085973, 98.13925328472985, 20094400, 60271400, 0.0, 20094400, 60271400), (9, True): (0, 843.0, 361.502867937088, 218.6793331656175, 144.77891724708567, 25835600, 77491800, 0.0, 25835600, 77491800), (11, True): (0, 1088.0, 484.1559228897095, 314.98411013345793, 216.31111143078033, 31576800, 94712200, 0.0, 31576800, 94712200), (13, True): (0, 1235.0, 595.974937915802, 418.8056510170358, 285.634441119865, 37318000, 111932600, 0.0, 37318000, 111932600), (15, True): (0, 1477.0, 657.5586650371552, 539.5290269223217, 390.3502881896423, 43059200, 129153000, 0.0, 43059200, 129153000), (17, True): (0, 1645.0, 820.951092004776, 589.785075897136, 485.5205859410632, 48800400, 146373400, 0.0, 48800400, 146373400), (19, True): (0, 1849.0, 921.5791568756104, 741.5897496047548, 537.7412192334666, 54541600, 163593800, 0.0, 54541600, 163593800), (21, True): (0, 1987.0, 1019.0972909927368, 850.6499908964612, 681.2752391204954, 60282800, 180814200, 0.0, 60282800, 180814200), (23, True): (0, 2280.0, 1316.7096600532532, 949.947830944314, 780.8178089955971, 66024000, 198034600, 0.0, 66024000, 198034600), (25, True): (28, 0.0, 1454.0570800304413, nan, nan, 71765200, 215255000, 0.0, 71765200, 215255000), (27, True): (142, 0.0, 1660.298152923584, nan, nan, 77506400, 232475400, 0.0, 77506400, 232475400), (29, True): (142, 0.0, 1905.1039869785309, nan, nan, 83247600, 249695800, 0.0, 83247600, 249695800), (31, True): (330, 0.0, 2071.144905090332, nan, nan, 88988800, 266916200, 0.0, 88988800, 266916200), (33, True): (198, 0.0, 2318.3157958984375, nan, nan, 94730000, 284136600, 0.0, 94730000, 284136600)}


17. iteration: 


Problem
  Name                   :                 
  Objective sense        : max             
  Type                   : LO (linear optimization problem)
  Constraints            : 301357000       
  Cones                  : 0               
  Scalar variables       : 100471200       
  Matrix variables       : 0               
  Integer variables      : 100471200       

Optimizer started.
Mixed integer optimizer started.
Threads used: 2
Presolve started.
Maximum amount of time 1200.00 (=dpar_mio_max_time) is reached.
Presolve terminated. Time = 1247.32
Presolved problem: 50 variables, 50 constraints, 160 non-zeros
Presolved problem: 0 general integer, 100471200 binary, -100471150 continuous
Clique table size: 0
BRANCHES RELAXS   ACT_NDS  DEPTH    BEST_INT_OBJ         BEST_RELAX_OBJ       REL_GAP(%)  TIME  
Maximum amount of time 1200.00 (=dpar_mio_max_time) is reached.

Objective of best integer solution : Not available.
Best objective bound               : Not available.
Construct solution objective       : Not employed
User objective cut value           : Not employed
Number of cuts generated           : 0
Number of branches                 : 0
Number of relaxations solved       : 0
Number of interior point iterations: 0
Number of simplex iterations       : 0
Time spend presolving the root     : 1247.32
Time spend optimizing the root     : 0.00
Mixed integer optimizer terminated. Time: 2308.66

Optimizer terminated. Time: 2583.07 


Integer solution solution summary
  Problem status  : UNKNOWN
  Solution status : UNKNOWN
  Primal.  obj: 0.0000000000e+00    nrm: 0e+00    Viol.  con: 0e+00    var: 0e+00    itg: 0e+00  

 MOSEK UNARY VALUES: 

nan nan
nan nan
nan nan
nan nan
nan nan
nan nan
nan nan
nan nan
nan nan
nan nan
nan nan
nan nan
nan nan
nan nan
nan nan
nan nan
nan nan
nan nan
nan nan
nan nan
nan nan
nan nan
nan nan
nan nan
nan nan
nan nan
nan nan
nan nan
nan nan
nan nan
nan nan
nan nan
nan nan
nan nan
nan nan

                    Analyzing the problem

*** Structural report
               Dimensions
               Constraints   Variables     Matrix var.   Cones       
               301357000     100471200     0             0           

               Constraint and bound types
               Free          Lower         Upper         Ranged        Fixed       
 Constraints:  0             6300          301350700     0             0           
   Variables:  0             0             0             100471200     0           

               Integer constraint types
               Binary        General     
               100457593     13607       

*** Data report
               Nonzeros      Min           Max         
        |cj|:  7000          0.0e+00       1.0e+00     
       |Aij|:  702119600     3.3e-01       1.0e+00     

               # finite      Min           Max         
      |blci|:  6300          0.0e+00       0.0e+00     
      |buci|:  301350700     0.0e+00       5.0e-01     
      |blxj|:  100471200     0.0e+00       0.0e+00     
      |buxj|:  100471200     0.0e+00       1.0e+00     

*** Done analyzing the problem



{(1, True): (0, 51.0, 30.35128092765808, 0.55776188744115, 36.63461228055874, 2870800, 8610200, 0.0, 2870800, 8610200), (3, True): (0, 227.0, 99.06809782981873, 19.827461288328415, 34.93927914010839, 8612000, 25830600, 0.0, 8612000, 25830600), (5, True): (0, 406.0, 185.15610694885254, 72.82302250774073, 50.61144634365652, 14353200, 43051000, 0.0, 14353200, 43051000), (7, True): (0, 577.0, 269.3734018802643, 140.75613984085973, 98.13925328472985, 20094400, 60271400, 0.0, 20094400, 60271400), (9, True): (0, 843.0, 361.502867937088, 218.6793331656175, 144.77891724708567, 25835600, 77491800, 0.0, 25835600, 77491800), (11, True): (0, 1088.0, 484.1559228897095, 314.98411013345793, 216.31111143078033, 31576800, 94712200, 0.0, 31576800, 94712200), (13, True): (0, 1235.0, 595.974937915802, 418.8056510170358, 285.634441119865, 37318000, 111932600, 0.0, 37318000, 111932600), (15, True): (0, 1477.0, 657.5586650371552, 539.5290269223217, 390.3502881896423, 43059200, 129153000, 0.0, 43059200, 129153000), (17, True): (0, 1645.0, 820.951092004776, 589.785075897136, 485.5205859410632, 48800400, 146373400, 0.0, 48800400, 146373400), (19, True): (0, 1849.0, 921.5791568756104, 741.5897496047548, 537.7412192334666, 54541600, 163593800, 0.0, 54541600, 163593800), (21, True): (0, 1987.0, 1019.0972909927368, 850.6499908964612, 681.2752391204954, 60282800, 180814200, 0.0, 60282800, 180814200), (23, True): (0, 2280.0, 1316.7096600532532, 949.947830944314, 780.8178089955971, 66024000, 198034600, 0.0, 66024000, 198034600), (25, True): (28, 0.0, 1454.0570800304413, nan, nan, 71765200, 215255000, 0.0, 71765200, 215255000), (27, True): (142, 0.0, 1660.298152923584, nan, nan, 77506400, 232475400, 0.0, 77506400, 232475400), (29, True): (142, 0.0, 1905.1039869785309, nan, nan, 83247600, 249695800, 0.0, 83247600, 249695800), (31, True): (330, 0.0, 2071.144905090332, nan, nan, 88988800, 266916200, 0.0, 88988800, 266916200), (33, True): (198, 0.0, 2318.3157958984375, nan, nan, 94730000, 284136600, 0.0, 94730000, 284136600), (35, True): (160, 0.0, 2583.067857027054, nan, nan, 100471200, 301357000, 0.0, 100471200, 301357000)}


18. iteration: 


Problem
  Name                   :                 
  Objective sense        : max             
  Type                   : LO (linear optimization problem)
  Constraints            : 318577400       
  Cones                  : 0               
  Scalar variables       : 106212400       
  Matrix variables       : 0               
  Integer variables      : 106212400       

Optimizer started.
Mixed integer optimizer started.
Threads used: 2
Presolve started.
Maximum amount of time 1200.00 (=dpar_mio_max_time) is reached.
Presolve terminated. Time = 1375.49
Presolved problem: 30 variables, 30 constraints, 84 non-zeros
Presolved problem: 0 general integer, 106212400 binary, -106212370 continuous
Clique table size: 0
BRANCHES RELAXS   ACT_NDS  DEPTH    BEST_INT_OBJ         BEST_RELAX_OBJ       REL_GAP(%)  TIME  
Maximum amount of time 1200.00 (=dpar_mio_max_time) is reached.

Objective of best integer solution : Not available.
Best objective bound               : Not available.
Construct solution objective       : Not employed
User objective cut value           : Not employed
Number of cuts generated           : 0
Number of branches                 : 0
Number of relaxations solved       : 0
Number of interior point iterations: 0
Number of simplex iterations       : 0
Time spend presolving the root     : 1375.49
Time spend optimizing the root     : 0.00
Mixed integer optimizer terminated. Time: 2450.63

Optimizer terminated. Time: 2742.34 


Integer solution solution summary
  Problem status  : UNKNOWN
  Solution status : UNKNOWN
  Primal.  obj: 0.0000000000e+00    nrm: 0e+00    Viol.  con: 0e+00    var: 0e+00    itg: 0e+00  

 MOSEK UNARY VALUES: 

nan nan
nan nan
nan nan
nan nan
nan nan
nan nan
nan nan
nan nan
nan nan
nan nan
nan nan
nan nan
nan nan
nan nan
nan nan
nan nan
nan nan
nan nan
nan nan
nan nan
nan nan
nan nan
nan nan
nan nan
nan nan
nan nan
nan nan
nan nan
nan nan
nan nan
nan nan
nan nan
nan nan
nan nan
nan nan
nan nan
nan nan

                    Analyzing the problem

*** Structural report
               Dimensions
               Constraints   Variables     Matrix var.   Cones       
               318577400     106212400     0             0           

               Constraint and bound types
               Free          Lower         Upper         Ranged        Fixed       
 Constraints:  0             6660          318570740     0             0           
   Variables:  0             0             0             106212400     0           

               Integer constraint types
               Binary        General     
               106198022     14378       

*** Data report
               Nonzeros      Min           Max         
        |cj|:  7400          0.0e+00       1.0e+00     
       |Aij|:  742240720     3.3e-01       1.0e+00     

               # finite      Min           Max         
      |blci|:  6660          0.0e+00       0.0e+00     
      |buci|:  318570740     0.0e+00       5.0e-01     
      |blxj|:  106212400     0.0e+00       0.0e+00     
      |buxj|:  106212400     0.0e+00       1.0e+00     

*** Done analyzing the problem



{(1, True): (0, 51.0, 30.35128092765808, 0.55776188744115, 36.63461228055874, 2870800, 8610200, 0.0, 2870800, 8610200), (3, True): (0, 227.0, 99.06809782981873, 19.827461288328415, 34.93927914010839, 8612000, 25830600, 0.0, 8612000, 25830600), (5, True): (0, 406.0, 185.15610694885254, 72.82302250774073, 50.61144634365652, 14353200, 43051000, 0.0, 14353200, 43051000), (7, True): (0, 577.0, 269.3734018802643, 140.75613984085973, 98.13925328472985, 20094400, 60271400, 0.0, 20094400, 60271400), (9, True): (0, 843.0, 361.502867937088, 218.6793331656175, 144.77891724708567, 25835600, 77491800, 0.0, 25835600, 77491800), (11, True): (0, 1088.0, 484.1559228897095, 314.98411013345793, 216.31111143078033, 31576800, 94712200, 0.0, 31576800, 94712200), (13, True): (0, 1235.0, 595.974937915802, 418.8056510170358, 285.634441119865, 37318000, 111932600, 0.0, 37318000, 111932600), (15, True): (0, 1477.0, 657.5586650371552, 539.5290269223217, 390.3502881896423, 43059200, 129153000, 0.0, 43059200, 129153000), (17, True): (0, 1645.0, 820.951092004776, 589.785075897136, 485.5205859410632, 48800400, 146373400, 0.0, 48800400, 146373400), (19, True): (0, 1849.0, 921.5791568756104, 741.5897496047548, 537.7412192334666, 54541600, 163593800, 0.0, 54541600, 163593800), (21, True): (0, 1987.0, 1019.0972909927368, 850.6499908964612, 681.2752391204954, 60282800, 180814200, 0.0, 60282800, 180814200), (23, True): (0, 2280.0, 1316.7096600532532, 949.947830944314, 780.8178089955971, 66024000, 198034600, 0.0, 66024000, 198034600), (25, True): (28, 0.0, 1454.0570800304413, nan, nan, 71765200, 215255000, 0.0, 71765200, 215255000), (27, True): (142, 0.0, 1660.298152923584, nan, nan, 77506400, 232475400, 0.0, 77506400, 232475400), (29, True): (142, 0.0, 1905.1039869785309, nan, nan, 83247600, 249695800, 0.0, 83247600, 249695800), (31, True): (330, 0.0, 2071.144905090332, nan, nan, 88988800, 266916200, 0.0, 88988800, 266916200), (33, True): (198, 0.0, 2318.3157958984375, nan, nan, 94730000, 284136600, 0.0, 94730000, 284136600), (35, True): (160, 0.0, 2583.067857027054, nan, nan, 100471200, 301357000, 0.0, 100471200, 301357000), (37, True): (84, 0.0, 2742.3431220054626, nan, nan, 106212400, 318577400, 0.0, 106212400, 318577400)}


19. iteration: 


Problem
  Name                   :                 
  Objective sense        : max             
  Type                   : LO (linear optimization problem)
  Constraints            : 335797800       
  Cones                  : 0               
  Scalar variables       : 111953600       
  Matrix variables       : 0               
  Integer variables      : 111953600       

Optimizer started.
Mixed integer optimizer started.
Threads used: 2
Presolve started.
Maximum amount of time 1200.00 (=dpar_mio_max_time) is reached.
Presolve terminated. Time = 1529.83
Presolved problem: 70 variables, 70 constraints, 216 non-zeros
Presolved problem: 0 general integer, 111953600 binary, -111953530 continuous
Clique table size: 0
BRANCHES RELAXS   ACT_NDS  DEPTH    BEST_INT_OBJ         BEST_RELAX_OBJ       REL_GAP(%)  TIME  
Maximum amount of time 1200.00 (=dpar_mio_max_time) is reached.

Objective of best integer solution : Not available.
Best objective bound               : Not available.
Construct solution objective       : Not employed
User objective cut value           : Not employed
Number of cuts generated           : 0
Number of branches                 : 0
Number of relaxations solved       : 0
Number of interior point iterations: 0
Number of simplex iterations       : 0
Time spend presolving the root     : 1529.83
Time spend optimizing the root     : 0.00
Mixed integer optimizer terminated. Time: 2718.55

Optimizer terminated. Time: 3027.71 


Integer solution solution summary
  Problem status  : UNKNOWN
  Solution status : UNKNOWN
  Primal.  obj: 0.0000000000e+00    nrm: 0e+00    Viol.  con: 0e+00    var: 0e+00    itg: 0e+00  

 MOSEK UNARY VALUES: 

nan nan
nan nan
nan nan
nan nan
nan nan
nan nan
nan nan
nan nan
nan nan
nan nan
nan nan
nan nan
nan nan
nan nan
nan nan
nan nan
nan nan
nan nan
nan nan
nan nan
nan nan
nan nan
nan nan
nan nan
nan nan
nan nan
nan nan
nan nan
nan nan
nan nan
nan nan
nan nan
nan nan
nan nan
nan nan
nan nan
nan nan
nan nan
nan nan

                    Analyzing the problem

*** Structural report
               Dimensions
               Constraints   Variables     Matrix var.   Cones       
               335797800     111953600     0             0           

               Constraint and bound types
               Free          Lower         Upper         Ranged        Fixed       
 Constraints:  0             7020          335790780     0             0           
   Variables:  0             0             0             111953600     0           

               Integer constraint types
               Binary        General     
               111938452     15148       

*** Data report
               Nonzeros      Min           Max         
        |cj|:  7800          0.0e+00       1.0e+00     
       |Aij|:  782361840     3.3e-01       1.0e+00     

               # finite      Min           Max         
      |blci|:  7020          0.0e+00       0.0e+00     
      |buci|:  335790780     0.0e+00       5.0e-01     
      |blxj|:  111953600     0.0e+00       0.0e+00     
      |buxj|:  111953600     0.0e+00       1.0e+00     

*** Done analyzing the problem



{(1, True): (0, 51.0, 30.35128092765808, 0.55776188744115, 36.63461228055874, 2870800, 8610200, 0.0, 2870800, 8610200), (3, True): (0, 227.0, 99.06809782981873, 19.827461288328415, 34.93927914010839, 8612000, 25830600, 0.0, 8612000, 25830600), (5, True): (0, 406.0, 185.15610694885254, 72.82302250774073, 50.61144634365652, 14353200, 43051000, 0.0, 14353200, 43051000), (7, True): (0, 577.0, 269.3734018802643, 140.75613984085973, 98.13925328472985, 20094400, 60271400, 0.0, 20094400, 60271400), (9, True): (0, 843.0, 361.502867937088, 218.6793331656175, 144.77891724708567, 25835600, 77491800, 0.0, 25835600, 77491800), (11, True): (0, 1088.0, 484.1559228897095, 314.98411013345793, 216.31111143078033, 31576800, 94712200, 0.0, 31576800, 94712200), (13, True): (0, 1235.0, 595.974937915802, 418.8056510170358, 285.634441119865, 37318000, 111932600, 0.0, 37318000, 111932600), (15, True): (0, 1477.0, 657.5586650371552, 539.5290269223217, 390.3502881896423, 43059200, 129153000, 0.0, 43059200, 129153000), (17, True): (0, 1645.0, 820.951092004776, 589.785075897136, 485.5205859410632, 48800400, 146373400, 0.0, 48800400, 146373400), (19, True): (0, 1849.0, 921.5791568756104, 741.5897496047548, 537.7412192334666, 54541600, 163593800, 0.0, 54541600, 163593800), (21, True): (0, 1987.0, 1019.0972909927368, 850.6499908964612, 681.2752391204954, 60282800, 180814200, 0.0, 60282800, 180814200), (23, True): (0, 2280.0, 1316.7096600532532, 949.947830944314, 780.8178089955971, 66024000, 198034600, 0.0, 66024000, 198034600), (25, True): (28, 0.0, 1454.0570800304413, nan, nan, 71765200, 215255000, 0.0, 71765200, 215255000), (27, True): (142, 0.0, 1660.298152923584, nan, nan, 77506400, 232475400, 0.0, 77506400, 232475400), (29, True): (142, 0.0, 1905.1039869785309, nan, nan, 83247600, 249695800, 0.0, 83247600, 249695800), (31, True): (330, 0.0, 2071.144905090332, nan, nan, 88988800, 266916200, 0.0, 88988800, 266916200), (33, True): (198, 0.0, 2318.3157958984375, nan, nan, 94730000, 284136600, 0.0, 94730000, 284136600), (35, True): (160, 0.0, 2583.067857027054, nan, nan, 100471200, 301357000, 0.0, 100471200, 301357000), (37, True): (84, 0.0, 2742.3431220054626, nan, nan, 106212400, 318577400, 0.0, 106212400, 318577400), (39, True): (216, 0.0, 3027.7075419425964, nan, nan, 111953600, 335797800, 0.0, 111953600, 335797800)}
